{
  "stats": {
    "suites": 5,
    "tests": 22,
    "passes": 2,
    "pending": 0,
    "failures": 20,
    "start": "2025-05-02T14:03:11.589Z",
    "end": "2025-05-02T14:03:15.191Z",
    "duration": 3602,
    "testsRegistered": 22,
    "passPercent": 9.090909090909092,
    "pendingPercent": 0,
    "other": 0,
    "hasOther": false,
    "skipped": 0,
    "hasSkipped": false
  },
  "results": [
    {
      "uuid": "6d1d092a-0bfc-4613-b20a-a26ed754043b",
      "title": "",
      "fullFile": "cypress/e2e/api_tests.cy.js",
      "file": "cypress/e2e/api_tests.cy.js",
      "beforeHooks": [],
      "afterHooks": [],
      "tests": [],
      "suites": [
        {
          "uuid": "f2a52e8a-35e4-432a-9cb7-c1d064a0d374",
          "title": "API Tests - Library Management System",
          "fullFile": "",
          "file": "",
          "beforeHooks": [],
          "afterHooks": [],
          "tests": [],
          "suites": [
            {
              "uuid": "b2527063-71f9-47e6-b0f9-df5459a56dda",
              "title": "Book API Endpoints",
              "fullFile": "",
              "file": "",
              "beforeHooks": [],
              "afterHooks": [],
              "tests": [
                {
                  "title": "should get all books",
                  "fullTitle": "API Tests - Library Management System Book API Endpoints should get all books",
                  "timedOut": null,
                  "duration": 279,
                  "state": "failed",
                  "speed": null,
                  "pass": false,
                  "fail": true,
                  "pending": false,
                  "context": null,
                  "code": "cy.request(\"GET\", \"http://localhost:8080/books\").then(response => {\n  expect(response.status).to.eq(200);\n  expect(response.body).to.be.an(\"array\");\n  expect(response.body.length).to.be.greaterThan(0);\n});",
                  "err": {
                    "message": "CypressError: `cy.request()` failed on:\n\nhttp://localhost:8080/books\n\nThe response we received from your web server was:\n\n  > 404: Not Found\n\nThis was considered a failure because the status code was not `2xx` or `3xx`.\n\nIf you do not want status codes to cause failures pass the option: `failOnStatusCode: false`\n\n-----------------------------------------------------------\n\nThe request we sent was:\n\nMethod: GET\nURL: http://localhost:8080/books\nHeaders: {\n  \"Connection\": \"keep-alive\",\n  \"user-agent\": \"Mozilla/5.0 (Macintosh; Intel Mac OS X 10_15_7) AppleWebKit/537.36 (KHTML, like Gecko) Cypress/14.3.2 Chrome/130.0.6723.137 Electron/33.2.1 Safari/537.36\",\n  \"accept\": \"*/*\",\n  \"accept-encoding\": \"gzip, deflate\"\n}\n\n-----------------------------------------------------------\n\nThe response we got was:\n\nStatus: 404 - Not Found\nHeaders: {\n  \"vary\": \"Origin, Access-Control-Request-Method, Access-Control-Request-Headers\",\n  \"content-type\": \"application/json\",\n  \"transfer-encoding\": \"chunked\",\n  \"date\": \"Fri, 02 May 2025 14:03:11 GMT\",\n  \"keep-alive\": \"timeout=60\",\n  \"connection\": \"keep-alive\"\n}\nBody: {\n  \"timestamp\": \"2025-05-02T14:03:11.670+00:00\",\n  \"status\": 404,\n  \"error\": \"Not Found\",\n  \"path\": \"/books\"\n}\n\n\nhttps://on.cypress.io/request",
                    "estack": "CypressError: `cy.request()` failed on:\n\nhttp://localhost:8080/books\n\nThe response we received from your web server was:\n\n  > 404: Not Found\n\nThis was considered a failure because the status code was not `2xx` or `3xx`.\n\nIf you do not want status codes to cause failures pass the option: `failOnStatusCode: false`\n\n-----------------------------------------------------------\n\nThe request we sent was:\n\nMethod: GET\nURL: http://localhost:8080/books\nHeaders: {\n  \"Connection\": \"keep-alive\",\n  \"user-agent\": \"Mozilla/5.0 (Macintosh; Intel Mac OS X 10_15_7) AppleWebKit/537.36 (KHTML, like Gecko) Cypress/14.3.2 Chrome/130.0.6723.137 Electron/33.2.1 Safari/537.36\",\n  \"accept\": \"*/*\",\n  \"accept-encoding\": \"gzip, deflate\"\n}\n\n-----------------------------------------------------------\n\nThe response we got was:\n\nStatus: 404 - Not Found\nHeaders: {\n  \"vary\": \"Origin, Access-Control-Request-Method, Access-Control-Request-Headers\",\n  \"content-type\": \"application/json\",\n  \"transfer-encoding\": \"chunked\",\n  \"date\": \"Fri, 02 May 2025 14:03:11 GMT\",\n  \"keep-alive\": \"timeout=60\",\n  \"connection\": \"keep-alive\"\n}\nBody: {\n  \"timestamp\": \"2025-05-02T14:03:11.670+00:00\",\n  \"status\": 404,\n  \"error\": \"Not Found\",\n  \"path\": \"/books\"\n}\n\n\nhttps://on.cypress.io/request\n    at <unknown> (http://localhost:8080/__cypress/runner/cypress_runner.js:134979:72)\n    at tryCatcher (http://localhost:8080/__cypress/runner/cypress_runner.js:1777:23)\n    at Promise._settlePromiseFromHandler (http://localhost:8080/__cypress/runner/cypress_runner.js:1489:31)\n    at Promise._settlePromise (http://localhost:8080/__cypress/runner/cypress_runner.js:1546:18)\n    at Promise._settlePromise0 (http://localhost:8080/__cypress/runner/cypress_runner.js:1591:10)\n    at Promise._settlePromises (http://localhost:8080/__cypress/runner/cypress_runner.js:1671:18)\n    at _drainQueueStep (http://localhost:8080/__cypress/runner/cypress_runner.js:2377:12)\n    at _drainQueue (http://localhost:8080/__cypress/runner/cypress_runner.js:2370:9)\n    at Async._drainQueues (http://localhost:8080/__cypress/runner/cypress_runner.js:2386:5)\n    at Async.drainQueues (http://localhost:8080/__cypress/runner/cypress_runner.js:2256:14)\nFrom Your Spec Code:\n    at Context.eval (webpack:///./cypress/e2e/api_tests.cy.js:13:9)",
                    "diff": null
                  },
                  "uuid": "39a6c0d2-2c3a-4d93-a97f-98d986f91891",
                  "parentUUID": "b2527063-71f9-47e6-b0f9-df5459a56dda",
                  "isHook": false,
                  "skipped": false
                },
                {
                  "title": "should get a book by ID",
                  "fullTitle": "API Tests - Library Management System Book API Endpoints should get a book by ID",
                  "timedOut": null,
                  "duration": 156,
                  "state": "failed",
                  "speed": null,
                  "pass": false,
                  "fail": true,
                  "pending": false,
                  "context": null,
                  "code": "// First get all books to find a valid ID\ncy.request(\"GET\", \"http://localhost:8080/books\").then(response => {\n  const bookId = response.body[0].id;\n  // Then get specific book by ID\n  cy.request(\"GET\", `http://localhost:8080/books/${bookId}`).then(bookResponse => {\n    expect(bookResponse.status).to.eq(200);\n    expect(bookResponse.body).to.not.be.null;\n  });\n});",
                  "err": {
                    "message": "CypressError: `cy.request()` failed on:\n\nhttp://localhost:8080/books\n\nThe response we received from your web server was:\n\n  > 404: Not Found\n\nThis was considered a failure because the status code was not `2xx` or `3xx`.\n\nIf you do not want status codes to cause failures pass the option: `failOnStatusCode: false`\n\n-----------------------------------------------------------\n\nThe request we sent was:\n\nMethod: GET\nURL: http://localhost:8080/books\nHeaders: {\n  \"Connection\": \"keep-alive\",\n  \"user-agent\": \"Mozilla/5.0 (Macintosh; Intel Mac OS X 10_15_7) AppleWebKit/537.36 (KHTML, like Gecko) Cypress/14.3.2 Chrome/130.0.6723.137 Electron/33.2.1 Safari/537.36\",\n  \"accept\": \"*/*\",\n  \"accept-encoding\": \"gzip, deflate\"\n}\n\n-----------------------------------------------------------\n\nThe response we got was:\n\nStatus: 404 - Not Found\nHeaders: {\n  \"vary\": \"Origin, Access-Control-Request-Method, Access-Control-Request-Headers\",\n  \"content-type\": \"application/json\",\n  \"transfer-encoding\": \"chunked\",\n  \"date\": \"Fri, 02 May 2025 14:03:11 GMT\",\n  \"keep-alive\": \"timeout=60\",\n  \"connection\": \"keep-alive\"\n}\nBody: {\n  \"timestamp\": \"2025-05-02T14:03:11.915+00:00\",\n  \"status\": 404,\n  \"error\": \"Not Found\",\n  \"path\": \"/books\"\n}\n\n\nhttps://on.cypress.io/request",
                    "estack": "CypressError: `cy.request()` failed on:\n\nhttp://localhost:8080/books\n\nThe response we received from your web server was:\n\n  > 404: Not Found\n\nThis was considered a failure because the status code was not `2xx` or `3xx`.\n\nIf you do not want status codes to cause failures pass the option: `failOnStatusCode: false`\n\n-----------------------------------------------------------\n\nThe request we sent was:\n\nMethod: GET\nURL: http://localhost:8080/books\nHeaders: {\n  \"Connection\": \"keep-alive\",\n  \"user-agent\": \"Mozilla/5.0 (Macintosh; Intel Mac OS X 10_15_7) AppleWebKit/537.36 (KHTML, like Gecko) Cypress/14.3.2 Chrome/130.0.6723.137 Electron/33.2.1 Safari/537.36\",\n  \"accept\": \"*/*\",\n  \"accept-encoding\": \"gzip, deflate\"\n}\n\n-----------------------------------------------------------\n\nThe response we got was:\n\nStatus: 404 - Not Found\nHeaders: {\n  \"vary\": \"Origin, Access-Control-Request-Method, Access-Control-Request-Headers\",\n  \"content-type\": \"application/json\",\n  \"transfer-encoding\": \"chunked\",\n  \"date\": \"Fri, 02 May 2025 14:03:11 GMT\",\n  \"keep-alive\": \"timeout=60\",\n  \"connection\": \"keep-alive\"\n}\nBody: {\n  \"timestamp\": \"2025-05-02T14:03:11.915+00:00\",\n  \"status\": 404,\n  \"error\": \"Not Found\",\n  \"path\": \"/books\"\n}\n\n\nhttps://on.cypress.io/request\n    at <unknown> (http://localhost:8080/__cypress/runner/cypress_runner.js:134979:72)\n    at tryCatcher (http://localhost:8080/__cypress/runner/cypress_runner.js:1777:23)\n    at Promise._settlePromiseFromHandler (http://localhost:8080/__cypress/runner/cypress_runner.js:1489:31)\n    at Promise._settlePromise (http://localhost:8080/__cypress/runner/cypress_runner.js:1546:18)\n    at Promise._settlePromise0 (http://localhost:8080/__cypress/runner/cypress_runner.js:1591:10)\n    at Promise._settlePromises (http://localhost:8080/__cypress/runner/cypress_runner.js:1671:18)\n    at _drainQueueStep (http://localhost:8080/__cypress/runner/cypress_runner.js:2377:12)\n    at _drainQueue (http://localhost:8080/__cypress/runner/cypress_runner.js:2370:9)\n    at Async._drainQueues (http://localhost:8080/__cypress/runner/cypress_runner.js:2386:5)\n    at Async.drainQueues (http://localhost:8080/__cypress/runner/cypress_runner.js:2256:14)\nFrom Your Spec Code:\n    at Context.eval (webpack:///./cypress/e2e/api_tests.cy.js:22:9)",
                    "diff": null
                  },
                  "uuid": "df024fa4-cdfe-4d2d-a528-45224b3fc84c",
                  "parentUUID": "b2527063-71f9-47e6-b0f9-df5459a56dda",
                  "isHook": false,
                  "skipped": false
                },
                {
                  "title": "should return 404 when book ID does not exist",
                  "fullTitle": "API Tests - Library Management System Book API Endpoints should return 404 when book ID does not exist",
                  "timedOut": null,
                  "duration": 22,
                  "state": "passed",
                  "speed": "fast",
                  "pass": true,
                  "fail": false,
                  "pending": false,
                  "context": null,
                  "code": "cy.request({\n  method: \"GET\",\n  url: \"http://localhost:8080/books/99999\",\n  failOnStatusCode: false\n}).then(response => {\n  expect(response.status).to.eq(404);\n});",
                  "err": {},
                  "uuid": "1a649fd4-d198-47fd-8e7a-1bcbf99fa288",
                  "parentUUID": "b2527063-71f9-47e6-b0f9-df5459a56dda",
                  "isHook": false,
                  "skipped": false
                },
                {
                  "title": "should get detailed book information",
                  "fullTitle": "API Tests - Library Management System Book API Endpoints should get detailed book information",
                  "timedOut": null,
                  "duration": 152,
                  "state": "failed",
                  "speed": null,
                  "pass": false,
                  "fail": true,
                  "pending": false,
                  "context": null,
                  "code": "// First get all books to find a valid ID\ncy.request(\"GET\", \"http://localhost:8080/books\").then(response => {\n  const bookId = response.body[0].id;\n  // Then get detailed book information\n  cy.request(\"GET\", `http://localhost:8080/books/${bookId}/details`).then(detailsResponse => {\n    expect(detailsResponse.status).to.eq(200);\n    expect(detailsResponse.body).to.have.property(\"name\");\n    expect(detailsResponse.body).to.have.property(\"author\");\n    // Dostosowanie do faktycznej struktury odpowiedzi\n    expect(detailsResponse.body.author).to.have.property(\"author_id\");\n    expect(detailsResponse.body.author).to.have.property(\"first_name\");\n    expect(detailsResponse.body.author).to.have.property(\"last_name\");\n  });\n});",
                  "err": {
                    "message": "CypressError: `cy.request()` failed on:\n\nhttp://localhost:8080/books\n\nThe response we received from your web server was:\n\n  > 404: Not Found\n\nThis was considered a failure because the status code was not `2xx` or `3xx`.\n\nIf you do not want status codes to cause failures pass the option: `failOnStatusCode: false`\n\n-----------------------------------------------------------\n\nThe request we sent was:\n\nMethod: GET\nURL: http://localhost:8080/books\nHeaders: {\n  \"Connection\": \"keep-alive\",\n  \"user-agent\": \"Mozilla/5.0 (Macintosh; Intel Mac OS X 10_15_7) AppleWebKit/537.36 (KHTML, like Gecko) Cypress/14.3.2 Chrome/130.0.6723.137 Electron/33.2.1 Safari/537.36\",\n  \"accept\": \"*/*\",\n  \"accept-encoding\": \"gzip, deflate\"\n}\n\n-----------------------------------------------------------\n\nThe response we got was:\n\nStatus: 404 - Not Found\nHeaders: {\n  \"vary\": \"Origin, Access-Control-Request-Method, Access-Control-Request-Headers\",\n  \"content-type\": \"application/json\",\n  \"transfer-encoding\": \"chunked\",\n  \"date\": \"Fri, 02 May 2025 14:03:12 GMT\",\n  \"keep-alive\": \"timeout=60\",\n  \"connection\": \"keep-alive\"\n}\nBody: {\n  \"timestamp\": \"2025-05-02T14:03:12.118+00:00\",\n  \"status\": 404,\n  \"error\": \"Not Found\",\n  \"path\": \"/books\"\n}\n\n\nhttps://on.cypress.io/request",
                    "estack": "CypressError: `cy.request()` failed on:\n\nhttp://localhost:8080/books\n\nThe response we received from your web server was:\n\n  > 404: Not Found\n\nThis was considered a failure because the status code was not `2xx` or `3xx`.\n\nIf you do not want status codes to cause failures pass the option: `failOnStatusCode: false`\n\n-----------------------------------------------------------\n\nThe request we sent was:\n\nMethod: GET\nURL: http://localhost:8080/books\nHeaders: {\n  \"Connection\": \"keep-alive\",\n  \"user-agent\": \"Mozilla/5.0 (Macintosh; Intel Mac OS X 10_15_7) AppleWebKit/537.36 (KHTML, like Gecko) Cypress/14.3.2 Chrome/130.0.6723.137 Electron/33.2.1 Safari/537.36\",\n  \"accept\": \"*/*\",\n  \"accept-encoding\": \"gzip, deflate\"\n}\n\n-----------------------------------------------------------\n\nThe response we got was:\n\nStatus: 404 - Not Found\nHeaders: {\n  \"vary\": \"Origin, Access-Control-Request-Method, Access-Control-Request-Headers\",\n  \"content-type\": \"application/json\",\n  \"transfer-encoding\": \"chunked\",\n  \"date\": \"Fri, 02 May 2025 14:03:12 GMT\",\n  \"keep-alive\": \"timeout=60\",\n  \"connection\": \"keep-alive\"\n}\nBody: {\n  \"timestamp\": \"2025-05-02T14:03:12.118+00:00\",\n  \"status\": 404,\n  \"error\": \"Not Found\",\n  \"path\": \"/books\"\n}\n\n\nhttps://on.cypress.io/request\n    at <unknown> (http://localhost:8080/__cypress/runner/cypress_runner.js:134979:72)\n    at tryCatcher (http://localhost:8080/__cypress/runner/cypress_runner.js:1777:23)\n    at Promise._settlePromiseFromHandler (http://localhost:8080/__cypress/runner/cypress_runner.js:1489:31)\n    at Promise._settlePromise (http://localhost:8080/__cypress/runner/cypress_runner.js:1546:18)\n    at Promise._settlePromise0 (http://localhost:8080/__cypress/runner/cypress_runner.js:1591:10)\n    at Promise._settlePromises (http://localhost:8080/__cypress/runner/cypress_runner.js:1671:18)\n    at _drainQueueStep (http://localhost:8080/__cypress/runner/cypress_runner.js:2377:12)\n    at _drainQueue (http://localhost:8080/__cypress/runner/cypress_runner.js:2370:9)\n    at Async._drainQueues (http://localhost:8080/__cypress/runner/cypress_runner.js:2386:5)\n    at Async.drainQueues (http://localhost:8080/__cypress/runner/cypress_runner.js:2256:14)\nFrom Your Spec Code:\n    at Context.eval (webpack:///./cypress/e2e/api_tests.cy.js:47:9)",
                    "diff": null
                  },
                  "uuid": "fc7a604f-34a2-4605-a65a-8f3b981ac4a3",
                  "parentUUID": "b2527063-71f9-47e6-b0f9-df5459a56dda",
                  "isHook": false,
                  "skipped": false
                },
                {
                  "title": "should add a new book",
                  "fullTitle": "API Tests - Library Management System Book API Endpoints should add a new book",
                  "timedOut": null,
                  "duration": 147,
                  "state": "failed",
                  "speed": null,
                  "pass": false,
                  "fail": true,
                  "pending": false,
                  "context": null,
                  "code": "// First get authors to find a valid author ID\ncy.request(\"GET\", \"http://localhost:8080/author\").then(authorsResponse => {\n  const authorId = authorsResponse.body[0].author_id;\n  const newBook = {\n    name: \"Test Book via API\",\n    author_id: authorId.toString()\n  };\n  cy.request(\"POST\", \"http://localhost:8080/books/addBook\", newBook).then(addResponse => {\n    expect(addResponse.status).to.eq(200);\n    expect(addResponse.body).to.have.property(\"name\", \"Test Book via API\");\n    expect(addResponse.body).to.have.property(\"author\");\n    // Dostosowanie do faktycznej struktury odpowiedzi\n    expect(addResponse.body.author).to.have.property(\"author_id\", authorId);\n    expect(addResponse.body.author).to.have.property(\"first_name\");\n    expect(addResponse.body.author).to.have.property(\"last_name\");\n  });\n});",
                  "err": {
                    "message": "CypressError: `cy.request()` failed on:\n\nhttp://localhost:8080/author\n\nThe response we received from your web server was:\n\n  > 404: Not Found\n\nThis was considered a failure because the status code was not `2xx` or `3xx`.\n\nIf you do not want status codes to cause failures pass the option: `failOnStatusCode: false`\n\n-----------------------------------------------------------\n\nThe request we sent was:\n\nMethod: GET\nURL: http://localhost:8080/author\nHeaders: {\n  \"Connection\": \"keep-alive\",\n  \"user-agent\": \"Mozilla/5.0 (Macintosh; Intel Mac OS X 10_15_7) AppleWebKit/537.36 (KHTML, like Gecko) Cypress/14.3.2 Chrome/130.0.6723.137 Electron/33.2.1 Safari/537.36\",\n  \"accept\": \"*/*\",\n  \"accept-encoding\": \"gzip, deflate\"\n}\n\n-----------------------------------------------------------\n\nThe response we got was:\n\nStatus: 404 - Not Found\nHeaders: {\n  \"vary\": \"Origin, Access-Control-Request-Method, Access-Control-Request-Headers\",\n  \"content-type\": \"application/json\",\n  \"transfer-encoding\": \"chunked\",\n  \"date\": \"Fri, 02 May 2025 14:03:12 GMT\",\n  \"keep-alive\": \"timeout=60\",\n  \"connection\": \"keep-alive\"\n}\nBody: {\n  \"timestamp\": \"2025-05-02T14:03:12.283+00:00\",\n  \"status\": 404,\n  \"error\": \"Not Found\",\n  \"path\": \"/author\"\n}\n\n\nhttps://on.cypress.io/request",
                    "estack": "CypressError: `cy.request()` failed on:\n\nhttp://localhost:8080/author\n\nThe response we received from your web server was:\n\n  > 404: Not Found\n\nThis was considered a failure because the status code was not `2xx` or `3xx`.\n\nIf you do not want status codes to cause failures pass the option: `failOnStatusCode: false`\n\n-----------------------------------------------------------\n\nThe request we sent was:\n\nMethod: GET\nURL: http://localhost:8080/author\nHeaders: {\n  \"Connection\": \"keep-alive\",\n  \"user-agent\": \"Mozilla/5.0 (Macintosh; Intel Mac OS X 10_15_7) AppleWebKit/537.36 (KHTML, like Gecko) Cypress/14.3.2 Chrome/130.0.6723.137 Electron/33.2.1 Safari/537.36\",\n  \"accept\": \"*/*\",\n  \"accept-encoding\": \"gzip, deflate\"\n}\n\n-----------------------------------------------------------\n\nThe response we got was:\n\nStatus: 404 - Not Found\nHeaders: {\n  \"vary\": \"Origin, Access-Control-Request-Method, Access-Control-Request-Headers\",\n  \"content-type\": \"application/json\",\n  \"transfer-encoding\": \"chunked\",\n  \"date\": \"Fri, 02 May 2025 14:03:12 GMT\",\n  \"keep-alive\": \"timeout=60\",\n  \"connection\": \"keep-alive\"\n}\nBody: {\n  \"timestamp\": \"2025-05-02T14:03:12.283+00:00\",\n  \"status\": 404,\n  \"error\": \"Not Found\",\n  \"path\": \"/author\"\n}\n\n\nhttps://on.cypress.io/request\n    at <unknown> (http://localhost:8080/__cypress/runner/cypress_runner.js:134979:72)\n    at tryCatcher (http://localhost:8080/__cypress/runner/cypress_runner.js:1777:23)\n    at Promise._settlePromiseFromHandler (http://localhost:8080/__cypress/runner/cypress_runner.js:1489:31)\n    at Promise._settlePromise (http://localhost:8080/__cypress/runner/cypress_runner.js:1546:18)\n    at Promise._settlePromise0 (http://localhost:8080/__cypress/runner/cypress_runner.js:1591:10)\n    at Promise._settlePromises (http://localhost:8080/__cypress/runner/cypress_runner.js:1671:18)\n    at _drainQueueStep (http://localhost:8080/__cypress/runner/cypress_runner.js:2377:12)\n    at _drainQueue (http://localhost:8080/__cypress/runner/cypress_runner.js:2370:9)\n    at Async._drainQueues (http://localhost:8080/__cypress/runner/cypress_runner.js:2386:5)\n    at Async.drainQueues (http://localhost:8080/__cypress/runner/cypress_runner.js:2256:14)\nFrom Your Spec Code:\n    at Context.eval (webpack:///./cypress/e2e/api_tests.cy.js:67:9)",
                    "diff": null
                  },
                  "uuid": "e44705ca-e1bf-472a-accb-1087ee39f004",
                  "parentUUID": "b2527063-71f9-47e6-b0f9-df5459a56dda",
                  "isHook": false,
                  "skipped": false
                },
                {
                  "title": "should update an existing book",
                  "fullTitle": "API Tests - Library Management System Book API Endpoints should update an existing book",
                  "timedOut": null,
                  "duration": 147,
                  "state": "failed",
                  "speed": null,
                  "pass": false,
                  "fail": true,
                  "pending": false,
                  "context": null,
                  "code": "// First get all books to find a valid ID\ncy.request(\"GET\", \"http://localhost:8080/books\").then(response => {\n  var _response$body$0$auth;\n  const bookId = response.body[0].id;\n  const authorId = ((_response$body$0$auth = response.body[0].author) === null || _response$body$0$auth === void 0 ? void 0 : _response$body$0$auth.author_id) || 1;\n  const updatedBook = {\n    name: \"Updated Book Title via API\",\n    author: {\n      author_id: authorId\n    }\n  };\n  cy.request(\"PUT\", `http://localhost:8080/books/updateBook/${bookId}`, updatedBook).then(updateResponse => {\n    expect(updateResponse.status).to.eq(200);\n    expect(updateResponse.body).to.have.property(\"id\", bookId);\n    expect(updateResponse.body).to.have.property(\"name\", \"Updated Book Title via API\");\n  });\n});",
                  "err": {
                    "message": "CypressError: `cy.request()` failed on:\n\nhttp://localhost:8080/books\n\nThe response we received from your web server was:\n\n  > 404: Not Found\n\nThis was considered a failure because the status code was not `2xx` or `3xx`.\n\nIf you do not want status codes to cause failures pass the option: `failOnStatusCode: false`\n\n-----------------------------------------------------------\n\nThe request we sent was:\n\nMethod: GET\nURL: http://localhost:8080/books\nHeaders: {\n  \"Connection\": \"keep-alive\",\n  \"user-agent\": \"Mozilla/5.0 (Macintosh; Intel Mac OS X 10_15_7) AppleWebKit/537.36 (KHTML, like Gecko) Cypress/14.3.2 Chrome/130.0.6723.137 Electron/33.2.1 Safari/537.36\",\n  \"accept\": \"*/*\",\n  \"accept-encoding\": \"gzip, deflate\"\n}\n\n-----------------------------------------------------------\n\nThe response we got was:\n\nStatus: 404 - Not Found\nHeaders: {\n  \"vary\": \"Origin, Access-Control-Request-Method, Access-Control-Request-Headers\",\n  \"content-type\": \"application/json\",\n  \"transfer-encoding\": \"chunked\",\n  \"date\": \"Fri, 02 May 2025 14:03:12 GMT\",\n  \"keep-alive\": \"timeout=60\",\n  \"connection\": \"keep-alive\"\n}\nBody: {\n  \"timestamp\": \"2025-05-02T14:03:12.444+00:00\",\n  \"status\": 404,\n  \"error\": \"Not Found\",\n  \"path\": \"/books\"\n}\n\n\nhttps://on.cypress.io/request",
                    "estack": "CypressError: `cy.request()` failed on:\n\nhttp://localhost:8080/books\n\nThe response we received from your web server was:\n\n  > 404: Not Found\n\nThis was considered a failure because the status code was not `2xx` or `3xx`.\n\nIf you do not want status codes to cause failures pass the option: `failOnStatusCode: false`\n\n-----------------------------------------------------------\n\nThe request we sent was:\n\nMethod: GET\nURL: http://localhost:8080/books\nHeaders: {\n  \"Connection\": \"keep-alive\",\n  \"user-agent\": \"Mozilla/5.0 (Macintosh; Intel Mac OS X 10_15_7) AppleWebKit/537.36 (KHTML, like Gecko) Cypress/14.3.2 Chrome/130.0.6723.137 Electron/33.2.1 Safari/537.36\",\n  \"accept\": \"*/*\",\n  \"accept-encoding\": \"gzip, deflate\"\n}\n\n-----------------------------------------------------------\n\nThe response we got was:\n\nStatus: 404 - Not Found\nHeaders: {\n  \"vary\": \"Origin, Access-Control-Request-Method, Access-Control-Request-Headers\",\n  \"content-type\": \"application/json\",\n  \"transfer-encoding\": \"chunked\",\n  \"date\": \"Fri, 02 May 2025 14:03:12 GMT\",\n  \"keep-alive\": \"timeout=60\",\n  \"connection\": \"keep-alive\"\n}\nBody: {\n  \"timestamp\": \"2025-05-02T14:03:12.444+00:00\",\n  \"status\": 404,\n  \"error\": \"Not Found\",\n  \"path\": \"/books\"\n}\n\n\nhttps://on.cypress.io/request\n    at <unknown> (http://localhost:8080/__cypress/runner/cypress_runner.js:134979:72)\n    at tryCatcher (http://localhost:8080/__cypress/runner/cypress_runner.js:1777:23)\n    at Promise._settlePromiseFromHandler (http://localhost:8080/__cypress/runner/cypress_runner.js:1489:31)\n    at Promise._settlePromise (http://localhost:8080/__cypress/runner/cypress_runner.js:1546:18)\n    at Promise._settlePromise0 (http://localhost:8080/__cypress/runner/cypress_runner.js:1591:10)\n    at Promise._settlePromises (http://localhost:8080/__cypress/runner/cypress_runner.js:1671:18)\n    at _drainQueueStep (http://localhost:8080/__cypress/runner/cypress_runner.js:2377:12)\n    at _drainQueue (http://localhost:8080/__cypress/runner/cypress_runner.js:2370:9)\n    at Async._drainQueues (http://localhost:8080/__cypress/runner/cypress_runner.js:2386:5)\n    at Async.drainQueues (http://localhost:8080/__cypress/runner/cypress_runner.js:2256:14)\nFrom Your Spec Code:\n    at Context.eval (webpack:///./cypress/e2e/api_tests.cy.js:101:9)",
                    "diff": null
                  },
                  "uuid": "74f95ebf-291d-496e-900f-0cde76b61d37",
                  "parentUUID": "b2527063-71f9-47e6-b0f9-df5459a56dda",
                  "isHook": false,
                  "skipped": false
                },
                {
                  "title": "should delete a book",
                  "fullTitle": "API Tests - Library Management System Book API Endpoints should delete a book",
                  "timedOut": null,
                  "duration": 157,
                  "state": "failed",
                  "speed": null,
                  "pass": false,
                  "fail": true,
                  "pending": false,
                  "context": null,
                  "code": "// First create a book to delete\ncy.request(\"GET\", \"http://localhost:8080/author\").then(authorsResponse => {\n  const authorId = authorsResponse.body[0].author_id;\n  const newBook = {\n    name: \"Book to Delete\",\n    author_id: authorId.toString()\n  };\n  cy.request(\"POST\", \"http://localhost:8080/books/addBook\", newBook).then(addResponse => {\n    const bookToDeleteId = addResponse.body.id;\n    // Then delete the book\n    cy.request(\"DELETE\", `http://localhost:8080/books/deleteBook/${bookToDeleteId}`).then(deleteResponse => {\n      expect(deleteResponse.status).to.eq(204);\n      // Verify book was deleted\n      cy.request({\n        method: \"GET\",\n        url: `http://localhost:8080/books/${bookToDeleteId}`,\n        failOnStatusCode: false\n      }).then(verifyResponse => {\n        expect(verifyResponse.status).to.eq(404);\n      });\n    });\n  });\n});",
                  "err": {
                    "message": "CypressError: `cy.request()` failed on:\n\nhttp://localhost:8080/author\n\nThe response we received from your web server was:\n\n  > 404: Not Found\n\nThis was considered a failure because the status code was not `2xx` or `3xx`.\n\nIf you do not want status codes to cause failures pass the option: `failOnStatusCode: false`\n\n-----------------------------------------------------------\n\nThe request we sent was:\n\nMethod: GET\nURL: http://localhost:8080/author\nHeaders: {\n  \"Connection\": \"keep-alive\",\n  \"user-agent\": \"Mozilla/5.0 (Macintosh; Intel Mac OS X 10_15_7) AppleWebKit/537.36 (KHTML, like Gecko) Cypress/14.3.2 Chrome/130.0.6723.137 Electron/33.2.1 Safari/537.36\",\n  \"accept\": \"*/*\",\n  \"accept-encoding\": \"gzip, deflate\"\n}\n\n-----------------------------------------------------------\n\nThe response we got was:\n\nStatus: 404 - Not Found\nHeaders: {\n  \"vary\": \"Origin, Access-Control-Request-Method, Access-Control-Request-Headers\",\n  \"content-type\": \"application/json\",\n  \"transfer-encoding\": \"chunked\",\n  \"date\": \"Fri, 02 May 2025 14:03:12 GMT\",\n  \"keep-alive\": \"timeout=60\",\n  \"connection\": \"keep-alive\"\n}\nBody: {\n  \"timestamp\": \"2025-05-02T14:03:12.606+00:00\",\n  \"status\": 404,\n  \"error\": \"Not Found\",\n  \"path\": \"/author\"\n}\n\n\nhttps://on.cypress.io/request",
                    "estack": "CypressError: `cy.request()` failed on:\n\nhttp://localhost:8080/author\n\nThe response we received from your web server was:\n\n  > 404: Not Found\n\nThis was considered a failure because the status code was not `2xx` or `3xx`.\n\nIf you do not want status codes to cause failures pass the option: `failOnStatusCode: false`\n\n-----------------------------------------------------------\n\nThe request we sent was:\n\nMethod: GET\nURL: http://localhost:8080/author\nHeaders: {\n  \"Connection\": \"keep-alive\",\n  \"user-agent\": \"Mozilla/5.0 (Macintosh; Intel Mac OS X 10_15_7) AppleWebKit/537.36 (KHTML, like Gecko) Cypress/14.3.2 Chrome/130.0.6723.137 Electron/33.2.1 Safari/537.36\",\n  \"accept\": \"*/*\",\n  \"accept-encoding\": \"gzip, deflate\"\n}\n\n-----------------------------------------------------------\n\nThe response we got was:\n\nStatus: 404 - Not Found\nHeaders: {\n  \"vary\": \"Origin, Access-Control-Request-Method, Access-Control-Request-Headers\",\n  \"content-type\": \"application/json\",\n  \"transfer-encoding\": \"chunked\",\n  \"date\": \"Fri, 02 May 2025 14:03:12 GMT\",\n  \"keep-alive\": \"timeout=60\",\n  \"connection\": \"keep-alive\"\n}\nBody: {\n  \"timestamp\": \"2025-05-02T14:03:12.606+00:00\",\n  \"status\": 404,\n  \"error\": \"Not Found\",\n  \"path\": \"/author\"\n}\n\n\nhttps://on.cypress.io/request\n    at <unknown> (http://localhost:8080/__cypress/runner/cypress_runner.js:134979:72)\n    at tryCatcher (http://localhost:8080/__cypress/runner/cypress_runner.js:1777:23)\n    at Promise._settlePromiseFromHandler (http://localhost:8080/__cypress/runner/cypress_runner.js:1489:31)\n    at Promise._settlePromise (http://localhost:8080/__cypress/runner/cypress_runner.js:1546:18)\n    at Promise._settlePromise0 (http://localhost:8080/__cypress/runner/cypress_runner.js:1591:10)\n    at Promise._settlePromises (http://localhost:8080/__cypress/runner/cypress_runner.js:1671:18)\n    at _drainQueueStep (http://localhost:8080/__cypress/runner/cypress_runner.js:2377:12)\n    at _drainQueue (http://localhost:8080/__cypress/runner/cypress_runner.js:2370:9)\n    at Async._drainQueues (http://localhost:8080/__cypress/runner/cypress_runner.js:2386:5)\n    at Async.drainQueues (http://localhost:8080/__cypress/runner/cypress_runner.js:2256:14)\nFrom Your Spec Code:\n    at Context.eval (webpack:///./cypress/e2e/api_tests.cy.js:129:9)",
                    "diff": null
                  },
                  "uuid": "9e86c5da-494d-47c5-84b2-729b0567bbae",
                  "parentUUID": "b2527063-71f9-47e6-b0f9-df5459a56dda",
                  "isHook": false,
                  "skipped": false
                }
              ],
              "suites": [],
              "passes": [
                "1a649fd4-d198-47fd-8e7a-1bcbf99fa288"
              ],
              "failures": [
                "39a6c0d2-2c3a-4d93-a97f-98d986f91891",
                "df024fa4-cdfe-4d2d-a528-45224b3fc84c",
                "fc7a604f-34a2-4605-a65a-8f3b981ac4a3",
                "e44705ca-e1bf-472a-accb-1087ee39f004",
                "74f95ebf-291d-496e-900f-0cde76b61d37",
                "9e86c5da-494d-47c5-84b2-729b0567bbae"
              ],
              "pending": [],
              "skipped": [],
              "duration": 1060,
              "root": false,
              "rootEmpty": false,
              "_timeout": 2000
            },
            {
              "uuid": "729c4e69-4a9e-4ce9-a4a1-5ecb630bcb5e",
              "title": "Author API Endpoints",
              "fullFile": "",
              "file": "",
              "beforeHooks": [],
              "afterHooks": [],
              "tests": [
                {
                  "title": "should get all authors",
                  "fullTitle": "API Tests - Library Management System Author API Endpoints should get all authors",
                  "timedOut": null,
                  "duration": 160,
                  "state": "failed",
                  "speed": null,
                  "pass": false,
                  "fail": true,
                  "pending": false,
                  "context": null,
                  "code": "cy.request(\"GET\", \"http://localhost:8080/author\").then(response => {\n  expect(response.status).to.eq(200);\n  expect(response.body).to.be.an(\"array\");\n  expect(response.body.length).to.be.greaterThan(0);\n});",
                  "err": {
                    "message": "CypressError: `cy.request()` failed on:\n\nhttp://localhost:8080/author\n\nThe response we received from your web server was:\n\n  > 404: Not Found\n\nThis was considered a failure because the status code was not `2xx` or `3xx`.\n\nIf you do not want status codes to cause failures pass the option: `failOnStatusCode: false`\n\n-----------------------------------------------------------\n\nThe request we sent was:\n\nMethod: GET\nURL: http://localhost:8080/author\nHeaders: {\n  \"Connection\": \"keep-alive\",\n  \"user-agent\": \"Mozilla/5.0 (Macintosh; Intel Mac OS X 10_15_7) AppleWebKit/537.36 (KHTML, like Gecko) Cypress/14.3.2 Chrome/130.0.6723.137 Electron/33.2.1 Safari/537.36\",\n  \"accept\": \"*/*\",\n  \"accept-encoding\": \"gzip, deflate\"\n}\n\n-----------------------------------------------------------\n\nThe response we got was:\n\nStatus: 404 - Not Found\nHeaders: {\n  \"vary\": \"Origin, Access-Control-Request-Method, Access-Control-Request-Headers\",\n  \"content-type\": \"application/json\",\n  \"transfer-encoding\": \"chunked\",\n  \"date\": \"Fri, 02 May 2025 14:03:12 GMT\",\n  \"keep-alive\": \"timeout=60\",\n  \"connection\": \"keep-alive\"\n}\nBody: {\n  \"timestamp\": \"2025-05-02T14:03:12.779+00:00\",\n  \"status\": 404,\n  \"error\": \"Not Found\",\n  \"path\": \"/author\"\n}\n\n\nhttps://on.cypress.io/request",
                    "estack": "CypressError: `cy.request()` failed on:\n\nhttp://localhost:8080/author\n\nThe response we received from your web server was:\n\n  > 404: Not Found\n\nThis was considered a failure because the status code was not `2xx` or `3xx`.\n\nIf you do not want status codes to cause failures pass the option: `failOnStatusCode: false`\n\n-----------------------------------------------------------\n\nThe request we sent was:\n\nMethod: GET\nURL: http://localhost:8080/author\nHeaders: {\n  \"Connection\": \"keep-alive\",\n  \"user-agent\": \"Mozilla/5.0 (Macintosh; Intel Mac OS X 10_15_7) AppleWebKit/537.36 (KHTML, like Gecko) Cypress/14.3.2 Chrome/130.0.6723.137 Electron/33.2.1 Safari/537.36\",\n  \"accept\": \"*/*\",\n  \"accept-encoding\": \"gzip, deflate\"\n}\n\n-----------------------------------------------------------\n\nThe response we got was:\n\nStatus: 404 - Not Found\nHeaders: {\n  \"vary\": \"Origin, Access-Control-Request-Method, Access-Control-Request-Headers\",\n  \"content-type\": \"application/json\",\n  \"transfer-encoding\": \"chunked\",\n  \"date\": \"Fri, 02 May 2025 14:03:12 GMT\",\n  \"keep-alive\": \"timeout=60\",\n  \"connection\": \"keep-alive\"\n}\nBody: {\n  \"timestamp\": \"2025-05-02T14:03:12.779+00:00\",\n  \"status\": 404,\n  \"error\": \"Not Found\",\n  \"path\": \"/author\"\n}\n\n\nhttps://on.cypress.io/request\n    at <unknown> (http://localhost:8080/__cypress/runner/cypress_runner.js:134979:72)\n    at tryCatcher (http://localhost:8080/__cypress/runner/cypress_runner.js:1777:23)\n    at Promise._settlePromiseFromHandler (http://localhost:8080/__cypress/runner/cypress_runner.js:1489:31)\n    at Promise._settlePromise (http://localhost:8080/__cypress/runner/cypress_runner.js:1546:18)\n    at Promise._settlePromise0 (http://localhost:8080/__cypress/runner/cypress_runner.js:1591:10)\n    at Promise._settlePromises (http://localhost:8080/__cypress/runner/cypress_runner.js:1671:18)\n    at _drainQueueStep (http://localhost:8080/__cypress/runner/cypress_runner.js:2377:12)\n    at _drainQueue (http://localhost:8080/__cypress/runner/cypress_runner.js:2370:9)\n    at Async._drainQueues (http://localhost:8080/__cypress/runner/cypress_runner.js:2386:5)\n    at Async.drainQueues (http://localhost:8080/__cypress/runner/cypress_runner.js:2256:14)\nFrom Your Spec Code:\n    at Context.eval (webpack:///./cypress/e2e/api_tests.cy.js:169:9)",
                    "diff": null
                  },
                  "uuid": "40ffbd9b-82e1-414a-a160-fc5f40b11b62",
                  "parentUUID": "729c4e69-4a9e-4ce9-a4a1-5ecb630bcb5e",
                  "isHook": false,
                  "skipped": false
                },
                {
                  "title": "should get an author by ID",
                  "fullTitle": "API Tests - Library Management System Author API Endpoints should get an author by ID",
                  "timedOut": null,
                  "duration": 158,
                  "state": "failed",
                  "speed": null,
                  "pass": false,
                  "fail": true,
                  "pending": false,
                  "context": null,
                  "code": "// First get all authors to find a valid ID\ncy.request(\"GET\", \"http://localhost:8080/author\").then(response => {\n  const authorId = response.body[0].author_id;\n  // Then get specific author by ID\n  cy.request(\"GET\", `http://localhost:8080/author/${authorId}`).then(authorResponse => {\n    expect(authorResponse.status).to.eq(200);\n    expect(authorResponse.body).to.not.be.null;\n  });\n});",
                  "err": {
                    "message": "CypressError: `cy.request()` failed on:\n\nhttp://localhost:8080/author\n\nThe response we received from your web server was:\n\n  > 404: Not Found\n\nThis was considered a failure because the status code was not `2xx` or `3xx`.\n\nIf you do not want status codes to cause failures pass the option: `failOnStatusCode: false`\n\n-----------------------------------------------------------\n\nThe request we sent was:\n\nMethod: GET\nURL: http://localhost:8080/author\nHeaders: {\n  \"Connection\": \"keep-alive\",\n  \"user-agent\": \"Mozilla/5.0 (Macintosh; Intel Mac OS X 10_15_7) AppleWebKit/537.36 (KHTML, like Gecko) Cypress/14.3.2 Chrome/130.0.6723.137 Electron/33.2.1 Safari/537.36\",\n  \"accept\": \"*/*\",\n  \"accept-encoding\": \"gzip, deflate\"\n}\n\n-----------------------------------------------------------\n\nThe response we got was:\n\nStatus: 404 - Not Found\nHeaders: {\n  \"vary\": \"Origin, Access-Control-Request-Method, Access-Control-Request-Headers\",\n  \"content-type\": \"application/json\",\n  \"transfer-encoding\": \"chunked\",\n  \"date\": \"Fri, 02 May 2025 14:03:12 GMT\",\n  \"keep-alive\": \"timeout=60\",\n  \"connection\": \"keep-alive\"\n}\nBody: {\n  \"timestamp\": \"2025-05-02T14:03:12.958+00:00\",\n  \"status\": 404,\n  \"error\": \"Not Found\",\n  \"path\": \"/author\"\n}\n\n\nhttps://on.cypress.io/request",
                    "estack": "CypressError: `cy.request()` failed on:\n\nhttp://localhost:8080/author\n\nThe response we received from your web server was:\n\n  > 404: Not Found\n\nThis was considered a failure because the status code was not `2xx` or `3xx`.\n\nIf you do not want status codes to cause failures pass the option: `failOnStatusCode: false`\n\n-----------------------------------------------------------\n\nThe request we sent was:\n\nMethod: GET\nURL: http://localhost:8080/author\nHeaders: {\n  \"Connection\": \"keep-alive\",\n  \"user-agent\": \"Mozilla/5.0 (Macintosh; Intel Mac OS X 10_15_7) AppleWebKit/537.36 (KHTML, like Gecko) Cypress/14.3.2 Chrome/130.0.6723.137 Electron/33.2.1 Safari/537.36\",\n  \"accept\": \"*/*\",\n  \"accept-encoding\": \"gzip, deflate\"\n}\n\n-----------------------------------------------------------\n\nThe response we got was:\n\nStatus: 404 - Not Found\nHeaders: {\n  \"vary\": \"Origin, Access-Control-Request-Method, Access-Control-Request-Headers\",\n  \"content-type\": \"application/json\",\n  \"transfer-encoding\": \"chunked\",\n  \"date\": \"Fri, 02 May 2025 14:03:12 GMT\",\n  \"keep-alive\": \"timeout=60\",\n  \"connection\": \"keep-alive\"\n}\nBody: {\n  \"timestamp\": \"2025-05-02T14:03:12.958+00:00\",\n  \"status\": 404,\n  \"error\": \"Not Found\",\n  \"path\": \"/author\"\n}\n\n\nhttps://on.cypress.io/request\n    at <unknown> (http://localhost:8080/__cypress/runner/cypress_runner.js:134979:72)\n    at tryCatcher (http://localhost:8080/__cypress/runner/cypress_runner.js:1777:23)\n    at Promise._settlePromiseFromHandler (http://localhost:8080/__cypress/runner/cypress_runner.js:1489:31)\n    at Promise._settlePromise (http://localhost:8080/__cypress/runner/cypress_runner.js:1546:18)\n    at Promise._settlePromise0 (http://localhost:8080/__cypress/runner/cypress_runner.js:1591:10)\n    at Promise._settlePromises (http://localhost:8080/__cypress/runner/cypress_runner.js:1671:18)\n    at _drainQueueStep (http://localhost:8080/__cypress/runner/cypress_runner.js:2377:12)\n    at _drainQueue (http://localhost:8080/__cypress/runner/cypress_runner.js:2370:9)\n    at Async._drainQueues (http://localhost:8080/__cypress/runner/cypress_runner.js:2386:5)\n    at Async.drainQueues (http://localhost:8080/__cypress/runner/cypress_runner.js:2256:14)\nFrom Your Spec Code:\n    at Context.eval (webpack:///./cypress/e2e/api_tests.cy.js:178:9)",
                    "diff": null
                  },
                  "uuid": "6b3b8c76-9b52-4d0f-b4c1-f30d5a0e0478",
                  "parentUUID": "729c4e69-4a9e-4ce9-a4a1-5ecb630bcb5e",
                  "isHook": false,
                  "skipped": false
                },
                {
                  "title": "should return 404 when author ID does not exist",
                  "fullTitle": "API Tests - Library Management System Author API Endpoints should return 404 when author ID does not exist",
                  "timedOut": null,
                  "duration": 21,
                  "state": "passed",
                  "speed": "fast",
                  "pass": true,
                  "fail": false,
                  "pending": false,
                  "context": null,
                  "code": "cy.request({\n  method: \"GET\",\n  url: \"http://localhost:8080/author/99999\",\n  failOnStatusCode: false\n}).then(response => {\n  expect(response.status).to.eq(404);\n});",
                  "err": {},
                  "uuid": "416c0e06-f7f9-4351-a543-9f3a465e8c01",
                  "parentUUID": "729c4e69-4a9e-4ce9-a4a1-5ecb630bcb5e",
                  "isHook": false,
                  "skipped": false
                },
                {
                  "title": "should get detailed author information",
                  "fullTitle": "API Tests - Library Management System Author API Endpoints should get detailed author information",
                  "timedOut": null,
                  "duration": 158,
                  "state": "failed",
                  "speed": null,
                  "pass": false,
                  "fail": true,
                  "pending": false,
                  "context": null,
                  "code": "// First get all authors to find a valid ID\ncy.request(\"GET\", \"http://localhost:8080/author\").then(response => {\n  const authorId = response.body[0].author_id;\n  // Then get detailed author information\n  cy.request(\"GET\", `http://localhost:8080/author/${authorId}/details`).then(detailsResponse => {\n    expect(detailsResponse.status).to.eq(200);\n    expect(detailsResponse.body).to.have.property(\"id\");\n    expect(detailsResponse.body).to.have.property(\"firstName\");\n    expect(detailsResponse.body).to.have.property(\"lastName\");\n    expect(detailsResponse.body).to.have.property(\"books\");\n    expect(detailsResponse.body.books).to.be.an(\"array\");\n  });\n});",
                  "err": {
                    "message": "CypressError: `cy.request()` failed on:\n\nhttp://localhost:8080/author\n\nThe response we received from your web server was:\n\n  > 404: Not Found\n\nThis was considered a failure because the status code was not `2xx` or `3xx`.\n\nIf you do not want status codes to cause failures pass the option: `failOnStatusCode: false`\n\n-----------------------------------------------------------\n\nThe request we sent was:\n\nMethod: GET\nURL: http://localhost:8080/author\nHeaders: {\n  \"Connection\": \"keep-alive\",\n  \"user-agent\": \"Mozilla/5.0 (Macintosh; Intel Mac OS X 10_15_7) AppleWebKit/537.36 (KHTML, like Gecko) Cypress/14.3.2 Chrome/130.0.6723.137 Electron/33.2.1 Safari/537.36\",\n  \"accept\": \"*/*\",\n  \"accept-encoding\": \"gzip, deflate\"\n}\n\n-----------------------------------------------------------\n\nThe response we got was:\n\nStatus: 404 - Not Found\nHeaders: {\n  \"vary\": \"Origin, Access-Control-Request-Method, Access-Control-Request-Headers\",\n  \"content-type\": \"application/json\",\n  \"transfer-encoding\": \"chunked\",\n  \"date\": \"Fri, 02 May 2025 14:03:13 GMT\",\n  \"keep-alive\": \"timeout=60\",\n  \"connection\": \"keep-alive\"\n}\nBody: {\n  \"timestamp\": \"2025-05-02T14:03:13.154+00:00\",\n  \"status\": 404,\n  \"error\": \"Not Found\",\n  \"path\": \"/author\"\n}\n\n\nhttps://on.cypress.io/request",
                    "estack": "CypressError: `cy.request()` failed on:\n\nhttp://localhost:8080/author\n\nThe response we received from your web server was:\n\n  > 404: Not Found\n\nThis was considered a failure because the status code was not `2xx` or `3xx`.\n\nIf you do not want status codes to cause failures pass the option: `failOnStatusCode: false`\n\n-----------------------------------------------------------\n\nThe request we sent was:\n\nMethod: GET\nURL: http://localhost:8080/author\nHeaders: {\n  \"Connection\": \"keep-alive\",\n  \"user-agent\": \"Mozilla/5.0 (Macintosh; Intel Mac OS X 10_15_7) AppleWebKit/537.36 (KHTML, like Gecko) Cypress/14.3.2 Chrome/130.0.6723.137 Electron/33.2.1 Safari/537.36\",\n  \"accept\": \"*/*\",\n  \"accept-encoding\": \"gzip, deflate\"\n}\n\n-----------------------------------------------------------\n\nThe response we got was:\n\nStatus: 404 - Not Found\nHeaders: {\n  \"vary\": \"Origin, Access-Control-Request-Method, Access-Control-Request-Headers\",\n  \"content-type\": \"application/json\",\n  \"transfer-encoding\": \"chunked\",\n  \"date\": \"Fri, 02 May 2025 14:03:13 GMT\",\n  \"keep-alive\": \"timeout=60\",\n  \"connection\": \"keep-alive\"\n}\nBody: {\n  \"timestamp\": \"2025-05-02T14:03:13.154+00:00\",\n  \"status\": 404,\n  \"error\": \"Not Found\",\n  \"path\": \"/author\"\n}\n\n\nhttps://on.cypress.io/request\n    at <unknown> (http://localhost:8080/__cypress/runner/cypress_runner.js:134979:72)\n    at tryCatcher (http://localhost:8080/__cypress/runner/cypress_runner.js:1777:23)\n    at Promise._settlePromiseFromHandler (http://localhost:8080/__cypress/runner/cypress_runner.js:1489:31)\n    at Promise._settlePromise (http://localhost:8080/__cypress/runner/cypress_runner.js:1546:18)\n    at Promise._settlePromise0 (http://localhost:8080/__cypress/runner/cypress_runner.js:1591:10)\n    at Promise._settlePromises (http://localhost:8080/__cypress/runner/cypress_runner.js:1671:18)\n    at _drainQueueStep (http://localhost:8080/__cypress/runner/cypress_runner.js:2377:12)\n    at _drainQueue (http://localhost:8080/__cypress/runner/cypress_runner.js:2370:9)\n    at Async._drainQueues (http://localhost:8080/__cypress/runner/cypress_runner.js:2386:5)\n    at Async.drainQueues (http://localhost:8080/__cypress/runner/cypress_runner.js:2256:14)\nFrom Your Spec Code:\n    at Context.eval (webpack:///./cypress/e2e/api_tests.cy.js:203:9)",
                    "diff": null
                  },
                  "uuid": "82b4a628-f4f9-4f99-a359-af544adb81e1",
                  "parentUUID": "729c4e69-4a9e-4ce9-a4a1-5ecb630bcb5e",
                  "isHook": false,
                  "skipped": false
                },
                {
                  "title": "should add a new author",
                  "fullTitle": "API Tests - Library Management System Author API Endpoints should add a new author",
                  "timedOut": null,
                  "duration": 159,
                  "state": "failed",
                  "speed": null,
                  "pass": false,
                  "fail": true,
                  "pending": false,
                  "context": null,
                  "code": "const newAuthor = {\n  firstName: \"Test\",\n  lastName: \"Author via API\"\n};\ncy.request(\"POST\", \"http://localhost:8080/author/addAuthor\", newAuthor).then(addResponse => {\n  expect(addResponse.status).to.eq(200);\n  expect(addResponse.body).to.have.property(\"author_id\");\n  expect(addResponse.body).to.have.property(\"firstName\", \"Test\");\n  expect(addResponse.body).to.have.property(\"lastName\", \"Author via API\");\n});",
                  "err": {
                    "message": "CypressError: `cy.request()` failed on:\n\nhttp://localhost:8080/author/addAuthor\n\nThe response we received from your web server was:\n\n  > 404: Not Found\n\nThis was considered a failure because the status code was not `2xx` or `3xx`.\n\nIf you do not want status codes to cause failures pass the option: `failOnStatusCode: false`\n\n-----------------------------------------------------------\n\nThe request we sent was:\n\nMethod: POST\nURL: http://localhost:8080/author/addAuthor\nHeaders: {\n  \"Connection\": \"keep-alive\",\n  \"user-agent\": \"Mozilla/5.0 (Macintosh; Intel Mac OS X 10_15_7) AppleWebKit/537.36 (KHTML, like Gecko) Cypress/14.3.2 Chrome/130.0.6723.137 Electron/33.2.1 Safari/537.36\",\n  \"accept\": \"*/*\",\n  \"accept-encoding\": \"gzip, deflate\",\n  \"content-type\": \"application/json\",\n  \"content-length\": 48\n}\nBody: {\"firstName\":\"Test\",\"lastName\":\"Author via API\"}\n\n-----------------------------------------------------------\n\nThe response we got was:\n\nStatus: 404 - Not Found\nHeaders: {\n  \"vary\": \"Origin, Access-Control-Request-Method, Access-Control-Request-Headers\",\n  \"content-type\": \"application/json\",\n  \"transfer-encoding\": \"chunked\",\n  \"date\": \"Fri, 02 May 2025 14:03:13 GMT\",\n  \"keep-alive\": \"timeout=60\",\n  \"connection\": \"keep-alive\"\n}\nBody: {\n  \"timestamp\": \"2025-05-02T14:03:13.328+00:00\",\n  \"status\": 404,\n  \"error\": \"Not Found\",\n  \"path\": \"/author/addAuthor\"\n}\n\n\nhttps://on.cypress.io/request",
                    "estack": "CypressError: `cy.request()` failed on:\n\nhttp://localhost:8080/author/addAuthor\n\nThe response we received from your web server was:\n\n  > 404: Not Found\n\nThis was considered a failure because the status code was not `2xx` or `3xx`.\n\nIf you do not want status codes to cause failures pass the option: `failOnStatusCode: false`\n\n-----------------------------------------------------------\n\nThe request we sent was:\n\nMethod: POST\nURL: http://localhost:8080/author/addAuthor\nHeaders: {\n  \"Connection\": \"keep-alive\",\n  \"user-agent\": \"Mozilla/5.0 (Macintosh; Intel Mac OS X 10_15_7) AppleWebKit/537.36 (KHTML, like Gecko) Cypress/14.3.2 Chrome/130.0.6723.137 Electron/33.2.1 Safari/537.36\",\n  \"accept\": \"*/*\",\n  \"accept-encoding\": \"gzip, deflate\",\n  \"content-type\": \"application/json\",\n  \"content-length\": 48\n}\nBody: {\"firstName\":\"Test\",\"lastName\":\"Author via API\"}\n\n-----------------------------------------------------------\n\nThe response we got was:\n\nStatus: 404 - Not Found\nHeaders: {\n  \"vary\": \"Origin, Access-Control-Request-Method, Access-Control-Request-Headers\",\n  \"content-type\": \"application/json\",\n  \"transfer-encoding\": \"chunked\",\n  \"date\": \"Fri, 02 May 2025 14:03:13 GMT\",\n  \"keep-alive\": \"timeout=60\",\n  \"connection\": \"keep-alive\"\n}\nBody: {\n  \"timestamp\": \"2025-05-02T14:03:13.328+00:00\",\n  \"status\": 404,\n  \"error\": \"Not Found\",\n  \"path\": \"/author/addAuthor\"\n}\n\n\nhttps://on.cypress.io/request\n    at <unknown> (http://localhost:8080/__cypress/runner/cypress_runner.js:134979:72)\n    at tryCatcher (http://localhost:8080/__cypress/runner/cypress_runner.js:1777:23)\n    at Promise._settlePromiseFromHandler (http://localhost:8080/__cypress/runner/cypress_runner.js:1489:31)\n    at Promise._settlePromise (http://localhost:8080/__cypress/runner/cypress_runner.js:1546:18)\n    at Promise._settlePromise0 (http://localhost:8080/__cypress/runner/cypress_runner.js:1591:10)\n    at Promise._settlePromises (http://localhost:8080/__cypress/runner/cypress_runner.js:1671:18)\n    at _drainQueueStep (http://localhost:8080/__cypress/runner/cypress_runner.js:2377:12)\n    at _drainQueue (http://localhost:8080/__cypress/runner/cypress_runner.js:2370:9)\n    at Async._drainQueues (http://localhost:8080/__cypress/runner/cypress_runner.js:2386:5)\n    at Async.drainQueues (http://localhost:8080/__cypress/runner/cypress_runner.js:2256:14)\nFrom Your Spec Code:\n    at Context.eval (webpack:///./cypress/e2e/api_tests.cy.js:227:9)",
                    "diff": null
                  },
                  "uuid": "998fc786-c35e-4314-9ec2-5943ba5967b1",
                  "parentUUID": "729c4e69-4a9e-4ce9-a4a1-5ecb630bcb5e",
                  "isHook": false,
                  "skipped": false
                },
                {
                  "title": "should update an existing author",
                  "fullTitle": "API Tests - Library Management System Author API Endpoints should update an existing author",
                  "timedOut": null,
                  "duration": 158,
                  "state": "failed",
                  "speed": null,
                  "pass": false,
                  "fail": true,
                  "pending": false,
                  "context": null,
                  "code": "// First get all authors to find a valid ID\ncy.request(\"GET\", \"http://localhost:8080/author\").then(response => {\n  const authorId = response.body[0].author_id;\n  const updatedAuthor = {\n    firstName: \"Updated\",\n    lastName: \"Author Name via API\"\n  };\n  cy.request(\"PUT\", `http://localhost:8080/author/updateAuthor/${authorId}`, updatedAuthor).then(updateResponse => {\n    expect(updateResponse.status).to.eq(200);\n    expect(updateResponse.body).to.have.property(\"author_id\", authorId);\n    expect(updateResponse.body).to.have.property(\"firstName\", \"Updated\");\n    expect(updateResponse.body).to.have.property(\"lastName\", \"Author Name via API\");\n  });\n});",
                  "err": {
                    "message": "CypressError: `cy.request()` failed on:\n\nhttp://localhost:8080/author\n\nThe response we received from your web server was:\n\n  > 404: Not Found\n\nThis was considered a failure because the status code was not `2xx` or `3xx`.\n\nIf you do not want status codes to cause failures pass the option: `failOnStatusCode: false`\n\n-----------------------------------------------------------\n\nThe request we sent was:\n\nMethod: GET\nURL: http://localhost:8080/author\nHeaders: {\n  \"Connection\": \"keep-alive\",\n  \"user-agent\": \"Mozilla/5.0 (Macintosh; Intel Mac OS X 10_15_7) AppleWebKit/537.36 (KHTML, like Gecko) Cypress/14.3.2 Chrome/130.0.6723.137 Electron/33.2.1 Safari/537.36\",\n  \"accept\": \"*/*\",\n  \"accept-encoding\": \"gzip, deflate\"\n}\n\n-----------------------------------------------------------\n\nThe response we got was:\n\nStatus: 404 - Not Found\nHeaders: {\n  \"vary\": \"Origin, Access-Control-Request-Method, Access-Control-Request-Headers\",\n  \"content-type\": \"application/json\",\n  \"transfer-encoding\": \"chunked\",\n  \"date\": \"Fri, 02 May 2025 14:03:13 GMT\",\n  \"keep-alive\": \"timeout=60\",\n  \"connection\": \"keep-alive\"\n}\nBody: {\n  \"timestamp\": \"2025-05-02T14:03:13.501+00:00\",\n  \"status\": 404,\n  \"error\": \"Not Found\",\n  \"path\": \"/author\"\n}\n\n\nhttps://on.cypress.io/request",
                    "estack": "CypressError: `cy.request()` failed on:\n\nhttp://localhost:8080/author\n\nThe response we received from your web server was:\n\n  > 404: Not Found\n\nThis was considered a failure because the status code was not `2xx` or `3xx`.\n\nIf you do not want status codes to cause failures pass the option: `failOnStatusCode: false`\n\n-----------------------------------------------------------\n\nThe request we sent was:\n\nMethod: GET\nURL: http://localhost:8080/author\nHeaders: {\n  \"Connection\": \"keep-alive\",\n  \"user-agent\": \"Mozilla/5.0 (Macintosh; Intel Mac OS X 10_15_7) AppleWebKit/537.36 (KHTML, like Gecko) Cypress/14.3.2 Chrome/130.0.6723.137 Electron/33.2.1 Safari/537.36\",\n  \"accept\": \"*/*\",\n  \"accept-encoding\": \"gzip, deflate\"\n}\n\n-----------------------------------------------------------\n\nThe response we got was:\n\nStatus: 404 - Not Found\nHeaders: {\n  \"vary\": \"Origin, Access-Control-Request-Method, Access-Control-Request-Headers\",\n  \"content-type\": \"application/json\",\n  \"transfer-encoding\": \"chunked\",\n  \"date\": \"Fri, 02 May 2025 14:03:13 GMT\",\n  \"keep-alive\": \"timeout=60\",\n  \"connection\": \"keep-alive\"\n}\nBody: {\n  \"timestamp\": \"2025-05-02T14:03:13.501+00:00\",\n  \"status\": 404,\n  \"error\": \"Not Found\",\n  \"path\": \"/author\"\n}\n\n\nhttps://on.cypress.io/request\n    at <unknown> (http://localhost:8080/__cypress/runner/cypress_runner.js:134979:72)\n    at tryCatcher (http://localhost:8080/__cypress/runner/cypress_runner.js:1777:23)\n    at Promise._settlePromiseFromHandler (http://localhost:8080/__cypress/runner/cypress_runner.js:1489:31)\n    at Promise._settlePromise (http://localhost:8080/__cypress/runner/cypress_runner.js:1546:18)\n    at Promise._settlePromise0 (http://localhost:8080/__cypress/runner/cypress_runner.js:1591:10)\n    at Promise._settlePromises (http://localhost:8080/__cypress/runner/cypress_runner.js:1671:18)\n    at _drainQueueStep (http://localhost:8080/__cypress/runner/cypress_runner.js:2377:12)\n    at _drainQueue (http://localhost:8080/__cypress/runner/cypress_runner.js:2370:9)\n    at Async._drainQueues (http://localhost:8080/__cypress/runner/cypress_runner.js:2386:5)\n    at Async.drainQueues (http://localhost:8080/__cypress/runner/cypress_runner.js:2256:14)\nFrom Your Spec Code:\n    at Context.eval (webpack:///./cypress/e2e/api_tests.cy.js:241:9)",
                    "diff": null
                  },
                  "uuid": "bfa09a5c-a837-40b0-bda1-a558b59640ab",
                  "parentUUID": "729c4e69-4a9e-4ce9-a4a1-5ecb630bcb5e",
                  "isHook": false,
                  "skipped": false
                },
                {
                  "title": "should delete an author",
                  "fullTitle": "API Tests - Library Management System Author API Endpoints should delete an author",
                  "timedOut": null,
                  "duration": 155,
                  "state": "failed",
                  "speed": null,
                  "pass": false,
                  "fail": true,
                  "pending": false,
                  "context": null,
                  "code": "// First create an author to delete\nconst newAuthor = {\n  firstName: \"Author\",\n  lastName: \"To Delete\"\n};\ncy.request(\"POST\", \"http://localhost:8080/author/addAuthor\", newAuthor).then(addResponse => {\n  const authorToDeleteId = addResponse.body.author_id;\n  // Then delete the author\n  cy.request(\"DELETE\", `http://localhost:8080/author/deleteAuthor/${authorToDeleteId}`).then(deleteResponse => {\n    expect(deleteResponse.status).to.eq(204);\n    // Verify author was deleted\n    cy.request({\n      method: \"GET\",\n      url: `http://localhost:8080/author/${authorToDeleteId}`,\n      failOnStatusCode: false\n    }).then(verifyResponse => {\n      expect(verifyResponse.status).to.eq(404);\n    });\n  });\n});",
                  "err": {
                    "message": "CypressError: `cy.request()` failed on:\n\nhttp://localhost:8080/author/addAuthor\n\nThe response we received from your web server was:\n\n  > 404: Not Found\n\nThis was considered a failure because the status code was not `2xx` or `3xx`.\n\nIf you do not want status codes to cause failures pass the option: `failOnStatusCode: false`\n\n-----------------------------------------------------------\n\nThe request we sent was:\n\nMethod: POST\nURL: http://localhost:8080/author/addAuthor\nHeaders: {\n  \"Connection\": \"keep-alive\",\n  \"user-agent\": \"Mozilla/5.0 (Macintosh; Intel Mac OS X 10_15_7) AppleWebKit/537.36 (KHTML, like Gecko) Cypress/14.3.2 Chrome/130.0.6723.137 Electron/33.2.1 Safari/537.36\",\n  \"accept\": \"*/*\",\n  \"accept-encoding\": \"gzip, deflate\",\n  \"content-type\": \"application/json\",\n  \"content-length\": 45\n}\nBody: {\"firstName\":\"Author\",\"lastName\":\"To Delete\"}\n\n-----------------------------------------------------------\n\nThe response we got was:\n\nStatus: 404 - Not Found\nHeaders: {\n  \"vary\": \"Origin, Access-Control-Request-Method, Access-Control-Request-Headers\",\n  \"content-type\": \"application/json\",\n  \"transfer-encoding\": \"chunked\",\n  \"date\": \"Fri, 02 May 2025 14:03:13 GMT\",\n  \"keep-alive\": \"timeout=60\",\n  \"connection\": \"keep-alive\"\n}\nBody: {\n  \"timestamp\": \"2025-05-02T14:03:13.677+00:00\",\n  \"status\": 404,\n  \"error\": \"Not Found\",\n  \"path\": \"/author/addAuthor\"\n}\n\n\nhttps://on.cypress.io/request",
                    "estack": "CypressError: `cy.request()` failed on:\n\nhttp://localhost:8080/author/addAuthor\n\nThe response we received from your web server was:\n\n  > 404: Not Found\n\nThis was considered a failure because the status code was not `2xx` or `3xx`.\n\nIf you do not want status codes to cause failures pass the option: `failOnStatusCode: false`\n\n-----------------------------------------------------------\n\nThe request we sent was:\n\nMethod: POST\nURL: http://localhost:8080/author/addAuthor\nHeaders: {\n  \"Connection\": \"keep-alive\",\n  \"user-agent\": \"Mozilla/5.0 (Macintosh; Intel Mac OS X 10_15_7) AppleWebKit/537.36 (KHTML, like Gecko) Cypress/14.3.2 Chrome/130.0.6723.137 Electron/33.2.1 Safari/537.36\",\n  \"accept\": \"*/*\",\n  \"accept-encoding\": \"gzip, deflate\",\n  \"content-type\": \"application/json\",\n  \"content-length\": 45\n}\nBody: {\"firstName\":\"Author\",\"lastName\":\"To Delete\"}\n\n-----------------------------------------------------------\n\nThe response we got was:\n\nStatus: 404 - Not Found\nHeaders: {\n  \"vary\": \"Origin, Access-Control-Request-Method, Access-Control-Request-Headers\",\n  \"content-type\": \"application/json\",\n  \"transfer-encoding\": \"chunked\",\n  \"date\": \"Fri, 02 May 2025 14:03:13 GMT\",\n  \"keep-alive\": \"timeout=60\",\n  \"connection\": \"keep-alive\"\n}\nBody: {\n  \"timestamp\": \"2025-05-02T14:03:13.677+00:00\",\n  \"status\": 404,\n  \"error\": \"Not Found\",\n  \"path\": \"/author/addAuthor\"\n}\n\n\nhttps://on.cypress.io/request\n    at <unknown> (http://localhost:8080/__cypress/runner/cypress_runner.js:134979:72)\n    at tryCatcher (http://localhost:8080/__cypress/runner/cypress_runner.js:1777:23)\n    at Promise._settlePromiseFromHandler (http://localhost:8080/__cypress/runner/cypress_runner.js:1489:31)\n    at Promise._settlePromise (http://localhost:8080/__cypress/runner/cypress_runner.js:1546:18)\n    at Promise._settlePromise0 (http://localhost:8080/__cypress/runner/cypress_runner.js:1591:10)\n    at Promise._settlePromises (http://localhost:8080/__cypress/runner/cypress_runner.js:1671:18)\n    at _drainQueueStep (http://localhost:8080/__cypress/runner/cypress_runner.js:2377:12)\n    at _drainQueue (http://localhost:8080/__cypress/runner/cypress_runner.js:2370:9)\n    at Async._drainQueues (http://localhost:8080/__cypress/runner/cypress_runner.js:2386:5)\n    at Async.drainQueues (http://localhost:8080/__cypress/runner/cypress_runner.js:2256:14)\nFrom Your Spec Code:\n    at Context.eval (webpack:///./cypress/e2e/api_tests.cy.js:272:9)",
                    "diff": null
                  },
                  "uuid": "1a14c76c-36af-45aa-9786-a0c229b80fc0",
                  "parentUUID": "729c4e69-4a9e-4ce9-a4a1-5ecb630bcb5e",
                  "isHook": false,
                  "skipped": false
                }
              ],
              "suites": [],
              "passes": [
                "416c0e06-f7f9-4351-a543-9f3a465e8c01"
              ],
              "failures": [
                "40ffbd9b-82e1-414a-a160-fc5f40b11b62",
                "6b3b8c76-9b52-4d0f-b4c1-f30d5a0e0478",
                "82b4a628-f4f9-4f99-a359-af544adb81e1",
                "998fc786-c35e-4314-9ec2-5943ba5967b1",
                "bfa09a5c-a837-40b0-bda1-a558b59640ab",
                "1a14c76c-36af-45aa-9786-a0c229b80fc0"
              ],
              "pending": [],
              "skipped": [],
              "duration": 969,
              "root": false,
              "rootEmpty": false,
              "_timeout": 2000
            },
            {
              "uuid": "9badecc7-678f-4c2a-8d29-dd957e702885",
              "title": "API Edge Cases and Error Handling",
              "fullFile": "",
              "file": "",
              "beforeHooks": [],
              "afterHooks": [],
              "tests": [
                {
                  "title": "should handle invalid book data",
                  "fullTitle": "API Tests - Library Management System API Edge Cases and Error Handling should handle invalid book data",
                  "timedOut": null,
                  "duration": 159,
                  "state": "failed",
                  "speed": null,
                  "pass": false,
                  "fail": true,
                  "pending": false,
                  "context": null,
                  "code": "const invalidBook = {\n  // Missing required name field\n  author_id: \"1\"\n};\ncy.request({\n  method: \"POST\",\n  url: \"http://localhost:8080/books/addBook\",\n  failOnStatusCode: false,\n  body: invalidBook\n}).then(response => {\n  // Should return 400 or 500 depending on backend validation\n  expect(response.status).to.be.oneOf([400, 500]);\n});",
                  "err": {
                    "message": "AssertionError: expected 404 to be one of [ 400, 500 ]",
                    "estack": "AssertionError: expected 404 to be one of [ 400, 500 ]\n    at Context.eval (webpack:///./cypress/e2e/api_tests.cy.js:313:38)\n    at getRet (http://localhost:8080/__cypress/runner/cypress_runner.js:119616:20)\n    at tryCatcher (http://localhost:8080/__cypress/runner/cypress_runner.js:1777:23)\n    at Promise.attempt.Promise.try (http://localhost:8080/__cypress/runner/cypress_runner.js:4285:29)\n    at Context.thenFn (http://localhost:8080/__cypress/runner/cypress_runner.js:119627:66)\n    at Context.then (http://localhost:8080/__cypress/runner/cypress_runner.js:119878:21)",
                    "diff": "- 404\n+ [ 400, 500 ]\n"
                  },
                  "uuid": "79e449ee-0291-4623-b782-91d9c68132fe",
                  "parentUUID": "9badecc7-678f-4c2a-8d29-dd957e702885",
                  "isHook": false,
                  "skipped": false
                },
                {
                  "title": "should handle invalid author data",
                  "fullTitle": "API Tests - Library Management System API Edge Cases and Error Handling should handle invalid author data",
                  "timedOut": null,
                  "duration": 154,
                  "state": "failed",
                  "speed": null,
                  "pass": false,
                  "fail": true,
                  "pending": false,
                  "context": null,
                  "code": "const invalidAuthor = {\n  // Both firstName and lastName fields empty\n  firstName: \"\",\n  lastName: \"\"\n};\ncy.request({\n  method: \"POST\",\n  url: \"http://localhost:8080/author/addAuthor\",\n  failOnStatusCode: false,\n  body: invalidAuthor\n}).then(response => {\n  // Wygląda na to, że backend akceptuje puste stringi, więc sprawdzamy czy status to 200\n  expect(response.status).to.eq(200);\n  // Możemy sprawdzić czy odpowiedź zawiera puste wartości\n  if (response.body) {\n    expect(response.body.firstName).to.eq(\"\");\n    expect(response.body.lastName).to.eq(\"\");\n  }\n});",
                  "err": {
                    "message": "AssertionError: expected 404 to equal 200",
                    "estack": "AssertionError: expected 404 to equal 200\n    at Context.eval (webpack:///./cypress/e2e/api_tests.cy.js:331:35)\n    at getRet (http://localhost:8080/__cypress/runner/cypress_runner.js:119616:20)\n    at tryCatcher (http://localhost:8080/__cypress/runner/cypress_runner.js:1777:23)\n    at Promise.attempt.Promise.try (http://localhost:8080/__cypress/runner/cypress_runner.js:4285:29)\n    at Context.thenFn (http://localhost:8080/__cypress/runner/cypress_runner.js:119627:66)\n    at Context.then (http://localhost:8080/__cypress/runner/cypress_runner.js:119878:21)",
                    "diff": "- 404\n+ 200\n"
                  },
                  "uuid": "9414d866-1019-4fea-89e9-e06af98bbe5c",
                  "parentUUID": "9badecc7-678f-4c2a-8d29-dd957e702885",
                  "isHook": false,
                  "skipped": false
                },
                {
                  "title": "should handle update with non-existent author ID",
                  "fullTitle": "API Tests - Library Management System API Edge Cases and Error Handling should handle update with non-existent author ID",
                  "timedOut": null,
                  "duration": 159,
                  "state": "failed",
                  "speed": null,
                  "pass": false,
                  "fail": true,
                  "pending": false,
                  "context": null,
                  "code": "// Get a book to update\ncy.request(\"GET\", \"http://localhost:8080/books\").then(response => {\n  const bookId = response.body[0].id;\n  const updatedBook = {\n    name: \"Valid Name\",\n    author: {\n      author_id: 99999 // Non-existent author ID\n    }\n  };\n  cy.request({\n    method: \"PUT\",\n    url: `http://localhost:8080/books/updateBook/${bookId}`,\n    failOnStatusCode: false,\n    body: updatedBook\n  }).then(response => {\n    expect(response.status).to.eq(404);\n  });\n});",
                  "err": {
                    "message": "CypressError: `cy.request()` failed on:\n\nhttp://localhost:8080/books\n\nThe response we received from your web server was:\n\n  > 404: Not Found\n\nThis was considered a failure because the status code was not `2xx` or `3xx`.\n\nIf you do not want status codes to cause failures pass the option: `failOnStatusCode: false`\n\n-----------------------------------------------------------\n\nThe request we sent was:\n\nMethod: GET\nURL: http://localhost:8080/books\nHeaders: {\n  \"Connection\": \"keep-alive\",\n  \"user-agent\": \"Mozilla/5.0 (Macintosh; Intel Mac OS X 10_15_7) AppleWebKit/537.36 (KHTML, like Gecko) Cypress/14.3.2 Chrome/130.0.6723.137 Electron/33.2.1 Safari/537.36\",\n  \"accept\": \"*/*\",\n  \"accept-encoding\": \"gzip, deflate\"\n}\n\n-----------------------------------------------------------\n\nThe response we got was:\n\nStatus: 404 - Not Found\nHeaders: {\n  \"vary\": \"Origin, Access-Control-Request-Method, Access-Control-Request-Headers\",\n  \"content-type\": \"application/json\",\n  \"transfer-encoding\": \"chunked\",\n  \"date\": \"Fri, 02 May 2025 14:03:14 GMT\",\n  \"keep-alive\": \"timeout=60\",\n  \"connection\": \"keep-alive\"\n}\nBody: {\n  \"timestamp\": \"2025-05-02T14:03:14.186+00:00\",\n  \"status\": 404,\n  \"error\": \"Not Found\",\n  \"path\": \"/books\"\n}\n\n\nhttps://on.cypress.io/request",
                    "estack": "CypressError: `cy.request()` failed on:\n\nhttp://localhost:8080/books\n\nThe response we received from your web server was:\n\n  > 404: Not Found\n\nThis was considered a failure because the status code was not `2xx` or `3xx`.\n\nIf you do not want status codes to cause failures pass the option: `failOnStatusCode: false`\n\n-----------------------------------------------------------\n\nThe request we sent was:\n\nMethod: GET\nURL: http://localhost:8080/books\nHeaders: {\n  \"Connection\": \"keep-alive\",\n  \"user-agent\": \"Mozilla/5.0 (Macintosh; Intel Mac OS X 10_15_7) AppleWebKit/537.36 (KHTML, like Gecko) Cypress/14.3.2 Chrome/130.0.6723.137 Electron/33.2.1 Safari/537.36\",\n  \"accept\": \"*/*\",\n  \"accept-encoding\": \"gzip, deflate\"\n}\n\n-----------------------------------------------------------\n\nThe response we got was:\n\nStatus: 404 - Not Found\nHeaders: {\n  \"vary\": \"Origin, Access-Control-Request-Method, Access-Control-Request-Headers\",\n  \"content-type\": \"application/json\",\n  \"transfer-encoding\": \"chunked\",\n  \"date\": \"Fri, 02 May 2025 14:03:14 GMT\",\n  \"keep-alive\": \"timeout=60\",\n  \"connection\": \"keep-alive\"\n}\nBody: {\n  \"timestamp\": \"2025-05-02T14:03:14.186+00:00\",\n  \"status\": 404,\n  \"error\": \"Not Found\",\n  \"path\": \"/books\"\n}\n\n\nhttps://on.cypress.io/request\n    at <unknown> (http://localhost:8080/__cypress/runner/cypress_runner.js:134979:72)\n    at tryCatcher (http://localhost:8080/__cypress/runner/cypress_runner.js:1777:23)\n    at Promise._settlePromiseFromHandler (http://localhost:8080/__cypress/runner/cypress_runner.js:1489:31)\n    at Promise._settlePromise (http://localhost:8080/__cypress/runner/cypress_runner.js:1546:18)\n    at Promise._settlePromise0 (http://localhost:8080/__cypress/runner/cypress_runner.js:1591:10)\n    at Promise._settlePromises (http://localhost:8080/__cypress/runner/cypress_runner.js:1671:18)\n    at _drainQueueStep (http://localhost:8080/__cypress/runner/cypress_runner.js:2377:12)\n    at _drainQueue (http://localhost:8080/__cypress/runner/cypress_runner.js:2370:9)\n    at Async._drainQueues (http://localhost:8080/__cypress/runner/cypress_runner.js:2386:5)\n    at Async.drainQueues (http://localhost:8080/__cypress/runner/cypress_runner.js:2256:14)\nFrom Your Spec Code:\n    at Context.eval (webpack:///./cypress/e2e/api_tests.cy.js:342:9)",
                    "diff": null
                  },
                  "uuid": "4810dd49-e32e-458f-84c8-32ed60d3f5e5",
                  "parentUUID": "9badecc7-678f-4c2a-8d29-dd957e702885",
                  "isHook": false,
                  "skipped": false
                },
                {
                  "title": "should handle concurrent operations",
                  "fullTitle": "API Tests - Library Management System API Edge Cases and Error Handling should handle concurrent operations",
                  "timedOut": null,
                  "duration": 165,
                  "state": "failed",
                  "speed": null,
                  "pass": false,
                  "fail": true,
                  "pending": false,
                  "context": null,
                  "code": "// Cypress nie obsługuje dobrze równoległych zapytań, zmodyfikujmy test\n// aby wykonywać zapytania sekwencyjnie\n// Najpierw dodajmy nowego autora\ncy.request(\"POST\", \"http://localhost:8080/author/addAuthor\", {\n  firstName: \"Concurrent\",\n  lastName: \"Test Author\"\n}).then(authorResponse => {\n  expect(authorResponse.status).to.be.oneOf([200, 201]);\n  // Następnie pobierzmy wszystkie książki\n  cy.request(\"GET\", \"http://localhost:8080/books\").then(booksResponse => {\n    expect(booksResponse.status).to.eq(200);\n    // Na końcu pobierzmy wszystkich autorów\n    cy.request(\"GET\", \"http://localhost:8080/author\").then(authorsResponse => {\n      expect(authorsResponse.status).to.eq(200);\n    });\n  });\n});",
                  "err": {
[...]
host:8080/books\n\nThe response we received from your web server was:\n\n  > 404: Not Found\n\nThis was considered a failure because the status code was not `2xx` or `3xx`.\n\nIf you do not want status codes to cause failures pass the option: `failOnStatusCode: false`\n\n-----------------------------------------------------------\n\nThe request we sent was:\n\nMethod: GET\nURL: http://localhost:8080/books\nHeaders: {\n  \"Connection\": \"keep-alive\",\n  \"user-agent\": \"Mozilla/5.0 (Macintosh; Intel Mac OS X 10_15_7) AppleWebKit/537.36 (KHTML, like Gecko) Cypress/14.3.2 Chrome/130.0.6723.137 Electron/33.2.1 Safari/537.36\",\n  \"accept\": \"*/*\",\n  \"accept-encoding\": \"gzip, deflate\"\n}\n\n-----------------------------------------------------------\n\nThe response we got was:\n\nStatus: 404 - Not Found\nHeaders: {\n  \"vary\": \"Origin, Access-Control-Request-Method, Access-Control-Request-Headers\",\n  \"content-type\": \"application/json\",\n  \"transfer-encoding\": \"chunked\",\n  \"date\": \"Fri, 02 May 2025 14:03:14 GMT\",\n  \"keep-alive\": \"timeout=60\",\n  \"connection\": \"keep-alive\"\n}\nBody: {\n  \"timestamp\": \"2025-05-02T14:03:14.535+00:00\",\n  \"status\": 404,\n  \"error\": \"Not Found\",\n  \"path\": \"/books\"\n}\n\n\nhttps://on.cypress.io/request\n    at <unknown> (http://localhost:8080/__cypress/runner/cypress_runner.js:134979:72)\n    at tryCatcher (http://localhost:8080/__cypress/runner/cypress_runner.js:1777:23)\n    at Promise._settlePromiseFromHandler (http://localhost:8080/__cypress/runner/cypress_runner.js:1489:31)\n    at Promise._settlePromise (http://localhost:8080/__cypress/runner/cypress_runner.js:1546:18)\n    at Promise._settlePromise0 (http://localhost:8080/__cypress/runner/cypress_runner.js:1591:10)\n    at Promise._settlePromises (http://localhost:8080/__cypress/runner/cypress_runner.js:1671:18)\n    at _drainQueueStep (http://localhost:8080/__cypress/runner/cypress_runner.js:2377:12)\n    at _drainQueue (http://localhost:8080/__cypress/runner/cypress_runner.js:2370:9)\n    at Async._drainQueues (http://localhost:8080/__cypress/runner/cypress_runner.js:2386:5)\n    at Async.drainQueues (http://localhost:8080/__cypress/runner/cypress_runner.js:2256:14)\nFrom Your Spec Code:\n    at Context.eval (webpack:///./cypress/e2e/api_tests.cy.js:393:9)",
                    "diff": null
                  },
                  "uuid": "b3889bc5-1939-4bde-8169-116d7290d4e7",
                  "parentUUID": "54e396b0-b681-469e-88a2-15facebf8d1c",
                  "isHook": false,
                  "skipped": false
                },
                {
                  "title": "should verify author response structure",
                  "fullTitle": "API Tests - Library Management System API Contract Testing should verify author response structure",
                  "timedOut": null,
                  "duration": 150,
                  "state": "failed",
                  "speed": null,
                  "pass": false,
                  "fail": true,
                  "pending": false,
                  "context": null,
                  "code": "cy.request(\"GET\", \"http://localhost:8080/author\").then(response => {\n  expect(response.status).to.eq(200);\n  if (response.body.length > 0) {\n    const author = response.body[0];\n    expect(author).to.have.property(\"author_id\");\n    expect(author).to.have.property(\"firstName\");\n    expect(author).to.have.property(\"lastName\");\n    // Usuwamy sprawdzenie property books, ponieważ wygląda na to, że w podstawowym endpoincie\n    // ta właściwość nie jest zwracana\n  }\n});",
                  "err": {
                    "message": "CypressError: `cy.request()` failed on:\n\nhttp://localhost:8080/author\n\nThe response we received from your web server was:\n\n  > 404: Not Found\n\nThis was considered a failure because the status code was not `2xx` or `3xx`.\n\nIf you do not want status codes to cause failures pass the option: `failOnStatusCode: false`\n\n-----------------------------------------------------------\n\nThe request we sent was:\n\nMethod: GET\nURL: http://localhost:8080/author\nHeaders: {\n  \"Connection\": \"keep-alive\",\n  \"user-agent\": \"Mozilla/5.0 (Macintosh; Intel Mac OS X 10_15_7) AppleWebKit/537.36 (KHTML, like Gecko) Cypress/14.3.2 Chrome/130.0.6723.137 Electron/33.2.1 Safari/537.36\",\n  \"accept\": \"*/*\",\n  \"accept-encoding\": \"gzip, deflate\"\n}\n\n-----------------------------------------------------------\n\nThe response we got was:\n\nStatus: 404 - Not Found\nHeaders: {\n  \"vary\": \"Origin, Access-Control-Request-Method, Access-Control-Request-Headers\",\n  \"content-type\": \"application/json\",\n  \"transfer-encoding\": \"chunked\",\n  \"date\": \"Fri, 02 May 2025 14:03:14 GMT\",\n  \"keep-alive\": \"timeout=60\",\n  \"connection\": \"keep-alive\"\n}\nBody: {\n  \"timestamp\": \"2025-05-02T14:03:14.702+00:00\",\n  \"status\": 404,\n  \"error\": \"Not Found\",\n  \"path\": \"/author\"\n}\n\n\nhttps://on.cypress.io/request",
                    "estack": "CypressError: `cy.request()` failed on:\n\nhttp://localhost:8080/author\n\nThe response we received from your web server was:\n\n  > 404: Not Found\n\nThis was considered a failure because the status code was not `2xx` or `3xx`.\n\nIf you do not want status codes to cause failures pass the option: `failOnStatusCode: false`\n\n-----------------------------------------------------------\n\nThe request we sent was:\n\nMethod: GET\nURL: http://localhost:8080/author\nHeaders: {\n  \"Connection\": \"keep-alive\",\n  \"user-agent\": \"Mozilla/5.0 (Macintosh; Intel Mac OS X 10_15_7) AppleWebKit/537.36 (KHTML, like Gecko) Cypress/14.3.2 Chrome/130.0.6723.137 Electron/33.2.1 Safari/537.36\",\n  \"accept\": \"*/*\",\n  \"accept-encoding\": \"gzip, deflate\"\n}\n\n-----------------------------------------------------------\n\nThe response we got was:\n\nStatus: 404 - Not Found\nHeaders: {\n  \"vary\": \"Origin, Access-Control-Request-Method, Access-Control-Request-Headers\",\n  \"content-type\": \"application/json\",\n  \"transfer-encoding\": \"chunked\",\n  \"date\": \"Fri, 02 May 2025 14:03:14 GMT\",\n  \"keep-alive\": \"timeout=60\",\n  \"connection\": \"keep-alive\"\n}\nBody: {\n  \"timestamp\": \"2025-05-02T14:03:14.702+00:00\",\n  \"status\": 404,\n  \"error\": \"Not Found\",\n  \"path\": \"/author\"\n}\n\n\nhttps://on.cypress.io/request\n    at <unknown> (http://localhost:8080/__cypress/runner/cypress_runner.js:134979:72)\n    at tryCatcher (http://localhost:8080/__cypress/runner/cypress_runner.js:1777:23)\n    at Promise._settlePromiseFromHandler (http://localhost:8080/__cypress/runner/cypress_runner.js:1489:31)\n    at Promise._settlePromise (http://localhost:8080/__cypress/runner/cypress_runner.js:1546:18)\n    at Promise._settlePromise0 (http://localhost:8080/__cypress/runner/cypress_runner.js:1591:10)\n    at Promise._settlePromises (http://localhost:8080/__cypress/runner/cypress_runner.js:1671:18)\n    at _drainQueueStep (http://localhost:8080/__cypress/runner/cypress_runner.js:2377:12)\n    at _drainQueue (http://localhost:8080/__cypress/runner/cypress_runner.js:2370:9)\n    at Async._drainQueues (http://localhost:8080/__cypress/runner/cypress_runner.js:2386:5)\n    at Async.drainQueues (http://localhost:8080/__cypress/runner/cypress_runner.js:2256:14)\nFrom Your Spec Code:\n    at Context.eval (webpack:///./cypress/e2e/api_tests.cy.js:412:9)",
                    "diff": null
                  },
                  "uuid": "608c1445-9003-48a5-a0e4-5dba3da73122",
                  "parentUUID": "54e396b0-b681-469e-88a2-15facebf8d1c",
                  "isHook": false,
                  "skipped": false
                },
                {
                  "title": "should verify detailed book endpoint contract",
                  "fullTitle": "API Tests - Library Management System API Contract Testing should verify detailed book endpoint contract",
                  "timedOut": null,
                  "duration": 155,
                  "state": "failed",
                  "speed": null,
                  "pass": false,
                  "fail": true,
                  "pending": false,
                  "context": null,
                  "code": "cy.request(\"GET\", \"http://localhost:8080/books\").then(response => {\n  if (response.body.length > 0) {\n    const bookId = response.body[0].id;\n    cy.request(\"GET\", `http://localhost:8080/books/${bookId}/details`).then(detailsResponse => {\n      expect(detailsResponse.status).to.eq(200);\n      // Dostosowanie do faktycznej struktury odpowiedzi\n      expect(detailsResponse.body).to.have.property(\"name\");\n      expect(detailsResponse.body).to.have.property(\"author\");\n      expect(detailsResponse.body.author).to.have.property(\"author_id\");\n      expect(detailsResponse.body.author).to.have.property(\"first_name\");\n      expect(detailsResponse.body.author).to.have.property(\"last_name\");\n    });\n  }\n});",
                  "err": {
                    "message": "CypressError: `cy.request()` failed on:\n\nhttp://localhost:8080/books\n\nThe response we received from your web server was:\n\n  > 404: Not Found\n\nThis was considered a failure because the status code was not `2xx` or `3xx`.\n\nIf you do not want status codes to cause failures pass the option: `failOnStatusCode: false`\n\n-----------------------------------------------------------\n\nThe request we sent was:\n\nMethod: GET\nURL: http://localhost:8080/books\nHeaders: {\n  \"Connection\": \"keep-alive\",\n  \"user-agent\": \"Mozilla/5.0 (Macintosh; Intel Mac OS X 10_15_7) AppleWebKit/537.36 (KHTML, like Gecko) Cypress/14.3.2 Chrome/130.0.6723.137 Electron/33.2.1 Safari/537.36\",\n  \"accept\": \"*/*\",\n  \"accept-encoding\": \"gzip, deflate\"\n}\n\n-----------------------------------------------------------\n\nThe response we got was:\n\nStatus: 404 - Not Found\nHeaders: {\n  \"vary\": \"Origin, Access-Control-Request-Method, Access-Control-Request-Headers\",\n  \"content-type\": \"application/json\",\n  \"transfer-encoding\": \"chunked\",\n  \"date\": \"Fri, 02 May 2025 14:03:14 GMT\",\n  \"keep-alive\": \"timeout=60\",\n  \"connection\": \"keep-alive\"\n}\nBody: {\n  \"timestamp\": \"2025-05-02T14:03:14.864+00:00\",\n  \"status\": 404,\n  \"error\": \"Not Found\",\n  \"path\": \"/books\"\n}\n\n\nhttps://on.cypress.io/request",
                    "estack": "CypressError: `cy.request()` failed on:\n\nhttp://localhost:8080/books\n\nThe response we received from your web server was:\n\n  > 404: Not Found\n\nThis was considered a failure because the status code was not `2xx` or `3xx`.\n\nIf you do not want status codes to cause failures pass the option: `failOnStatusCode: false`\n\n-----------------------------------------------------------\n\nThe request we sent was:\n\nMethod: GET\nURL: http://localhost:8080/books\nHeaders: {\n  \"Connection\": \"keep-alive\",\n  \"user-agent\": \"Mozilla/5.0 (Macintosh; Intel Mac OS X 10_15_7) AppleWebKit/537.36 (KHTML, like Gecko) Cypress/14.3.2 Chrome/130.0.6723.137 Electron/33.2.1 Safari/537.36\",\n  \"accept\": \"*/*\",\n  \"accept-encoding\": \"gzip, deflate\"\n}\n\n-----------------------------------------------------------\n\nThe response we got was:\n\nStatus: 404 - Not Found\nHeaders: {\n  \"vary\": \"Origin, Access-Control-Request-Method, Access-Control-Request-Headers\",\n  \"content-type\": \"application/json\",\n  \"transfer-encoding\": \"chunked\",\n  \"date\": \"Fri, 02 May 2025 14:03:14 GMT\",\n  \"keep-alive\": \"timeout=60\",\n  \"connection\": \"keep-alive\"\n}\nBody: {\n  \"timestamp\": \"2025-05-02T14:03:14.864+00:00\",\n  \"status\": 404,\n  \"error\": \"Not Found\",\n  \"path\": \"/books\"\n}\n\n\nhttps://on.cypress.io/request\n    at <unknown> (http://localhost:8080/__cypress/runner/cypress_runner.js:134979:72)\n    at tryCatcher (http://localhost:8080/__cypress/runner/cypress_runner.js:1777:23)\n    at Promise._settlePromiseFromHandler (http://localhost:8080/__cypress/runner/cypress_runner.js:1489:31)\n    at Promise._settlePromise (http://localhost:8080/__cypress/runner/cypress_runner.js:1546:18)\n    at Promise._settlePromise0 (http://localhost:8080/__cypress/runner/cypress_runner.js:1591:10)\n    at Promise._settlePromises (http://localhost:8080/__cypress/runner/cypress_runner.js:1671:18)\n    at _drainQueueStep (http://localhost:8080/__cypress/runner/cypress_runner.js:2377:12)\n    at _drainQueue (http://localhost:8080/__cypress/runner/cypress_runner.js:2370:9)\n    at Async._drainQueues (http://localhost:8080/__cypress/runner/cypress_runner.js:2386:5)\n    at Async.drainQueues (http://localhost:8080/__cypress/runner/cypress_runner.js:2256:14)\nFrom Your Spec Code:\n    at Context.eval (webpack:///./cypress/e2e/api_tests.cy.js:427:9)",
                    "diff": null
                  },
                  "uuid": "273faa4d-6d73-47ed-9015-2b1248c2673b",
                  "parentUUID": "54e396b0-b681-469e-88a2-15facebf8d1c",
                  "isHook": false,
                  "skipped": false
                },
                {
                  "title": "should verify detailed author endpoint contract",
                  "fullTitle": "API Tests - Library Management System API Contract Testing should verify detailed author endpoint contract",
                  "timedOut": null,
                  "duration": 154,
                  "state": "failed",
                  "speed": null,
                  "pass": false,
                  "fail": true,
                  "pending": false,
                  "context": null,
                  "code": "cy.request(\"GET\", \"http://localhost:8080/author\").then(response => {\n  if (response.body.length > 0) {\n    const authorId = response.body[0].author_id;\n    cy.request(\"GET\", `http://localhost:8080/author/${authorId}/details`).then(detailsResponse => {\n      expect(detailsResponse.status).to.eq(200);\n      expect(detailsResponse.body).to.have.all.keys([\"id\", \"firstName\", \"lastName\", \"books\"]);\n      expect(detailsResponse.body.books).to.be.an(\"array\");\n      if (detailsResponse.body.books.length > 0) {\n        const book = detailsResponse.body.books[0];\n        expect(book).to.have.property(\"id\");\n        expect(book).to.have.property(\"name\");\n      }\n    });\n  }\n});",
                  "err": {
                    "message": "CypressError: `cy.request()` failed on:\n\nhttp://localhost:8080/author\n\nThe response we received from your web server was:\n\n  > 404: Not Found\n\nThis was considered a failure because the status code was not `2xx` or `3xx`.\n\nIf you do not want status codes to cause failures pass the option: `failOnStatusCode: false`\n\n-----------------------------------------------------------\n\nThe request we sent was:\n\nMethod: GET\nURL: http://localhost:8080/author\nHeaders: {\n  \"Connection\": \"keep-alive\",\n  \"user-agent\": \"Mozilla/5.0 (Macintosh; Intel Mac OS X 10_15_7) AppleWebKit/537.36 (KHTML, like Gecko) Cypress/14.3.2 Chrome/130.0.6723.137 Electron/33.2.1 Safari/537.36\",\n  \"accept\": \"*/*\",\n  \"accept-encoding\": \"gzip, deflate\"\n}\n\n-----------------------------------------------------------\n\nThe response we got was:\n\nStatus: 404 - Not Found\nHeaders: {\n  \"vary\": \"Origin, Access-Control-Request-Method, Access-Control-Request-Headers\",\n  \"content-type\": \"application/json\",\n  \"transfer-encoding\": \"chunked\",\n  \"date\": \"Fri, 02 May 2025 14:03:15 GMT\",\n  \"keep-alive\": \"timeout=60\",\n  \"connection\": \"keep-alive\"\n}\nBody: {\n  \"timestamp\": \"2025-05-02T14:03:15.031+00:00\",\n  \"status\": 404,\n  \"error\": \"Not Found\",\n  \"path\": \"/author\"\n}\n\n\nhttps://on.cypress.io/request",
                    "estack": "CypressError: `cy.request()` failed on:\n\nhttp://localhost:8080/author\n\nThe response we received from your web server was:\n\n  > 404: Not Found\n\nThis was considered a failure because the status code was not `2xx` or `3xx`.\n\nIf you do not want status codes to cause failures pass the option: `failOnStatusCode: false`\n\n-----------------------------------------------------------\n\nThe request we sent was:\n\nMethod: GET\nURL: http://localhost:8080/author\nHeaders: {\n  \"Connection\": \"keep-alive\",\n  \"user-agent\": \"Mozilla/5.0 (Macintosh; Intel Mac OS X 10_15_7) AppleWebKit/537.36 (KHTML, like Gecko) Cypress/14.3.2 Chrome/130.0.6723.137 Electron/33.2.1 Safari/537.36\",\n  \"accept\": \"*/*\",\n  \"accept-encoding\": \"gzip, deflate\"\n}\n\n-----------------------------------------------------------\n\nThe response we got was:\n\nStatus: 404 - Not Found\nHeaders: {\n  \"vary\": \"Origin, Access-Control-Request-Method, Access-Control-Request-Headers\",\n  \"content-type\": \"application/json\",\n  \"transfer-encoding\": \"chunked\",\n  \"date\": \"Fri, 02 May 2025 14:03:15 GMT\",\n  \"keep-alive\": \"timeout=60\",\n  \"connection\": \"keep-alive\"\n}\nBody: {\n  \"timestamp\": \"2025-05-02T14:03:15.031+00:00\",\n  \"status\": 404,\n  \"error\": \"Not Found\",\n  \"path\": \"/author\"\n}\n\n\nhttps://on.cypress.io/request\n    at <unknown> (http://localhost:8080/__cypress/runner/cypress_runner.js:134979:72)\n    at tryCatcher (http://localhost:8080/__cypress/runner/cypress_runner.js:1777:23)\n    at Promise._settlePromiseFromHandler (http://localhost:8080/__cypress/runner/cypress_runner.js:1489:31)\n    at Promise._settlePromise (http://localhost:8080/__cypress/runner/cypress_runner.js:1546:18)\n    at Promise._settlePromise0 (http://localhost:8080/__cypress/runner/cypress_runner.js:1591:10)\n    at Promise._settlePromises (http://localhost:8080/__cypress/runner/cypress_runner.js:1671:18)\n    at _drainQueueStep (http://localhost:8080/__cypress/runner/cypress_runner.js:2377:12)\n    at _drainQueue (http://localhost:8080/__cypress/runner/cypress_runner.js:2370:9)\n    at Async._drainQueues (http://localhost:8080/__cypress/runner/cypress_runner.js:2386:5)\n    at Async.drainQueues (http://localhost:8080/__cypress/runner/cypress_runner.js:2256:14)\nFrom Your Spec Code:\n    at Context.eval (webpack:///./cypress/e2e/api_tests.cy.js:448:9)",
                    "diff": null
                  },
                  "uuid": "0d98d018-cec5-48ae-bd66-da8abc8aca94",
                  "parentUUID": "54e396b0-b681-469e-88a2-15facebf8d1c",
                  "isHook": false,
                  "skipped": false
                }
              ],
              "suites": [],
              "passes": [],
              "failures": [
                "b3889bc5-1939-4bde-8169-116d7290d4e7",
                "608c1445-9003-48a5-a0e4-5dba3da73122",
                "273faa4d-6d73-47ed-9015-2b1248c2673b",
                "0d98d018-cec5-48ae-bd66-da8abc8aca94"
              ],
              "pending": [],
              "skipped": [],
              "duration": 613,
              "root": false,
              "rootEmpty": false,
              "_timeout": 2000
            }
          ],
          "passes": [],
          "failures": [],
          "pending": [],
          "skipped": [],
          "duration": 0,
          "root": false,
          "rootEmpty": false,
          "_timeout": 2000
        }
      ],
      "passes": [],
      "failures": [],
      "pending": [],
      "skipped": [],
      "duration": 0,
      "root": true,
      "rootEmpty": true,
      "_timeout": 2000
    }
  ],
  "meta": {
    "mocha": {
      "version": "7.2.0"
    },
    "mochawesome": {
      "options": {
        "quiet": false,
        "reportFilename": "mochawesome",
        "saveHtml": false,
        "saveJson": true,
        "consoleReporter": "spec",
        "useInlineDiffs": false,
        "code": true
      },
      "version": "7.1.3"
    },
    "marge": {
      "options": {
        "reportDir": "cypress/reports/.jsons",
        "overwrite": false,
        "html": false,
        "json": true
      },
      "version": "6.2.0"
    }
  }
}