{
  "stats": {
    "suites": 4,
    "tests": 15,
    "passes": 15,
    "pending": 0,
    "failures": 0,
    "start": "2025-05-02T14:06:29.868Z",
    "end": "2025-05-02T14:06:34.243Z",
    "duration": 4375,
    "testsRegistered": 15,
    "passPercent": 100,
    "pendingPercent": 0,
    "other": 0,
    "hasOther": false,
    "skipped": 0,
    "hasSkipped": false
  },
  "results": [
    {
      "uuid": "c2622f70-335b-4686-9f52-3dc1a8fd7512",
      "title": "",
      "fullFile": "cypress/e2e/library_tests.cy.js",
      "file": "cypress/e2e/library_tests.cy.js",
      "beforeHooks": [],
      "afterHooks": [],
      "tests": [],
      "suites": [
        {
          "uuid": "12b5e3dc-ad95-471d-95ad-96aa5ce98065",
          "title": "Library Management System",
          "fullFile": "",
          "file": "",
          "beforeHooks": [],
          "afterHooks": [],
          "tests": [
            {
              "title": "should load the landing page",
              "fullTitle": "Library Management System should load the landing page",
              "timedOut": null,
              "duration": 259,
              "state": "passed",
              "speed": "fast",
              "pass": true,
              "fail": false,
              "pending": false,
              "context": null,
              "code": "cy.visit(\"/landingPage.html\");\ncy.get(\"h1\").should(\"contain\", \"Strona startowa do Spring Boot REST Api\");\ncy.get(\"h2\").should(\"contain\", \"System biblioteczny\");\ncy.get(\".funkcje\").should(\"be.visible\");",
              "err": {},
              "uuid": "c738113e-c6ea-4dcd-af49-8890c6a49e06",
              "parentUUID": "12b5e3dc-ad95-471d-95ad-96aa5ce98065",
              "isHook": false,
              "skipped": false
            },
            {
              "title": "should navigate between pages",
              "fullTitle": "Library Management System should navigate between pages",
              "timedOut": null,
              "duration": 289,
              "state": "passed",
              "speed": "fast",
              "pass": true,
              "fail": false,
              "pending": false,
              "context": null,
              "code": "cy.visit(\"/landingPage.html\");\n// Navigate to books page\ncy.get('a[href=\"ksiazki.html\"]').click();\ncy.url().should(\"include\", \"/ksiazki.html\");\ncy.get(\"h1\").should(\"contain\", \"Wszystkie Książki\");\n// Navigate to authors page\ncy.get('a[href=\"autorzy.html\"]').click();\ncy.url().should(\"include\", \"/autorzy.html\");\ncy.get(\"h1\").should(\"contain\", \"Wszyscy autorzy\");\n// Navigate back to landing page\ncy.get(\".start-page\").click();\ncy.url().should(\"include\", \"/landingPage.html\");",
              "err": {},
              "uuid": "008f3497-7182-46c2-bfd3-871cb08be230",
              "parentUUID": "12b5e3dc-ad95-471d-95ad-96aa5ce98065",
              "isHook": false,
              "skipped": false
            }
          ],
          "suites": [
            {
              "uuid": "c2c092b5-28d9-4d65-86b6-dd8764353077",
              "title": "Book Management",
              "fullFile": "",
              "file": "",
              "beforeHooks": [],
              "afterHooks": [],
              "tests": [
                {
                  "title": "should load books page with table",
                  "fullTitle": "Library Management System Book Management should load books page with table",
                  "timedOut": null,
                  "duration": 86,
                  "state": "passed",
                  "speed": "fast",
                  "pass": true,
                  "fail": false,
                  "pending": false,
                  "context": null,
                  "code": "cy.visit(\"/ksiazki.html\");\ncy.get(\".output-table\").should(\"be.visible\");\ncy.get(\"thead\").should(\"contain\", \"Tytuł\");\ncy.get(\"thead\").should(\"contain\", \"Id ksiązki\");",
                  "err": {},
                  "uuid": "80ef6ea6-7fac-4052-89de-beccb0804bd0",
                  "parentUUID": "c2c092b5-28d9-4d65-86b6-dd8764353077",
                  "isHook": false,
                  "skipped": false
                },
                {
                  "title": "should load book details page",
                  "fullTitle": "Library Management System Book Management should load book details page",
                  "timedOut": null,
                  "duration": 62,
                  "state": "passed",
                  "speed": "fast",
                  "pass": true,
                  "fail": false,
                  "pending": false,
                  "context": null,
                  "code": "cy.visit(\"/ksiazkiDetailed.html\");\ncy.get(\"select.book-id\").should(\"be.visible\");\ncy.get(\"button.check\").should(\"be.visible\");\ncy.get(\".output-table\").should(\"be.visible\");",
                  "err": {},
                  "uuid": "a27da701-dcb9-4cdd-a401-78e99e5ed601",
                  "parentUUID": "c2c092b5-28d9-4d65-86b6-dd8764353077",
                  "isHook": false,
                  "skipped": false
                },
                {
                  "title": "should validate add book form",
                  "fullTitle": "Library Management System Book Management should validate add book form",
                  "timedOut": null,
                  "duration": 559,
                  "state": "passed",
                  "speed": "fast",
                  "pass": true,
                  "fail": false,
                  "pending": false,
                  "context": null,
                  "code": "cy.visit(\"/dodajKsiazke.html\");\n// Submit without required fields\ncy.get(\"button.Add\").click();\ncy.url().should(\"include\", \"/dodajKsiazke.html\");\n// Fill required fields and submit\ncy.get(\"input.title\").type(\"Test Book Title\");\ncy.get(\"select.author-id\").select(1);\ncy.get(\"button.Add\").click();\ncy.get(\".added\").should(\"not.have.class\", \"invis\").and(\"contain\", \"Dodano ksiązkę\");",
                  "err": {},
                  "uuid": "9d7858e1-710d-4626-8482-6facf917804a",
                  "parentUUID": "c2c092b5-28d9-4d65-86b6-dd8764353077",
                  "isHook": false,
                  "skipped": false
                },
                {
                  "title": "should test book update functionality",
                  "fullTitle": "Library Management System Book Management should test book update functionality",
                  "timedOut": null,
                  "duration": 734,
                  "state": "passed",
                  "speed": "fast",
                  "pass": true,
                  "fail": false,
                  "pending": false,
                  "context": null,
                  "code": "cy.visit(\"/zaktualizujKsiazke.html\");\n// Select book and update fields\ncy.get(\"select.book-id\").select(1);\ncy.get(\"input.title\").type(\"Updated Book Title\");\ncy.get(\"input.author-id\").type(\"1\");\n// Submit and check update message\ncy.get('button[type=\"submit\"]').click();\ncy.get(\".updated\").should(\"not.have.class\", \"invis\");",
                  "err": {},
                  "uuid": "0fa2c95b-2e3d-4d44-b7a6-0fc21bad4b98",
                  "parentUUID": "c2c092b5-28d9-4d65-86b6-dd8764353077",
                  "isHook": false,
                  "skipped": false
                },
                {
                  "title": "should test book deletion",
                  "fullTitle": "Library Management System Book Management should test book deletion",
                  "timedOut": null,
                  "duration": 300,
                  "state": "passed",
                  "speed": "fast",
                  "pass": true,
                  "fail": false,
                  "pending": false,
                  "context": null,
                  "code": "cy.visit(\"/usunKsiazke.html\");\n// Select book and delete\ncy.get(\"select.book-id\").select(1);\ncy.get('button[type=\"submit\"]').click();\ncy.get(\".deleted\").should(\"not.have.class\", \"invis\");",
                  "err": {},
                  "uuid": "1a3bf8f6-2f14-4968-a197-8a3635791ec6",
                  "parentUUID": "c2c092b5-28d9-4d65-86b6-dd8764353077",
                  "isHook": false,
                  "skipped": false
                }
              ],
              "suites": [],
              "passes": [
                "80ef6ea6-7fac-4052-89de-beccb0804bd0",
                "a27da701-dcb9-4cdd-a401-78e99e5ed601",
                "9d7858e1-710d-4626-8482-6facf917804a",
                "0fa2c95b-2e3d-4d44-b7a6-0fc21bad4b98",
                "1a3bf8f6-2f14-4968-a197-8a3635791ec6"
              ],
              "failures": [],
              "pending": [],
              "skipped": [],
              "duration": 1741,
              "root": false,
              "rootEmpty": false,
              "_timeout": 2000
            },
            {
              "uuid": "ae6f6384-0383-4588-90be-4c4e53db7e83",
              "title": "Author Management",
              "fullFile": "",
              "file": "",
              "beforeHooks": [],
              "afterHooks": [],
              "tests": [
                {
                  "title": "should load authors page with table",
                  "fullTitle": "Library Management System Author Management should load authors page with table",
                  "timedOut": null,
                  "duration": 58,
                  "state": "passed",
                  "speed": "fast",
                  "pass": true,
                  "fail": false,
                  "pending": false,
                  "context": null,
                  "code": "cy.visit(\"/autorzy.html\");\ncy.get(\".output-table\").should(\"be.visible\");\ncy.get(\"thead\").should(\"contain\", \"Imie\");\ncy.get(\"thead\").should(\"contain\", \"Nazwisko\");\ncy.get(\"thead\").should(\"contain\", \"Id autora\");",
                  "err": {},
                  "uuid": "962a1d9b-6fb1-43eb-92a8-114ec5c4309e",
                  "parentUUID": "ae6f6384-0383-4588-90be-4c4e53db7e83",
                  "isHook": false,
                  "skipped": false
                },
                {
                  "title": "should load author details page",
                  "fullTitle": "Library Management System Author Management should load author details page",
                  "timedOut": null,
                  "duration": 67,
                  "state": "passed",
                  "speed": "fast",
                  "pass": true,
                  "fail": false,
                  "pending": false,
                  "context": null,
                  "code": "cy.visit(\"/autorzyDetailed.html\");\ncy.get(\"select.author-id\").should(\"be.visible\");\ncy.get(\"button.check\").should(\"be.visible\");\ncy.get(\".output-table\").should(\"be.visible\");",
                  "err": {},
                  "uuid": "47a2a574-7dfb-4b9e-a637-11317adcd565",
                  "parentUUID": "ae6f6384-0383-4588-90be-4c4e53db7e83",
                  "isHook": false,
                  "skipped": false
                },
                {
                  "title": "should validate add author form",
                  "fullTitle": "Library Management System Author Management should validate add author form",
                  "timedOut": null,
                  "duration": 497,
                  "state": "passed",
                  "speed": "fast",
                  "pass": true,
                  "fail": false,
                  "pending": false,
                  "context": null,
                  "code": "cy.visit(\"/dodajAutora.html\");\n// Submit without required fields\ncy.get(\"button.Add\").click();\ncy.url().should(\"include\", \"/dodajAutora.html\");\n// Fill required fields and submit\ncy.get(\"input.firstName\").type(\"Test\");\ncy.get(\"input.lastName\").type(\"Author\");\ncy.get(\"button.Add\").click();\ncy.get(\".added\").should(\"not.have.class\", \"invis\").and(\"contain\", \"Dodano autora\");",
                  "err": {},
                  "uuid": "0caff09e-caca-4339-a134-a3c7a91eda58",
                  "parentUUID": "ae6f6384-0383-4588-90be-4c4e53db7e83",
                  "isHook": false,
                  "skipped": false
                },
                {
                  "title": "should test author update functionality",
                  "fullTitle": "Library Management System Author Management should test author update functionality",
                  "timedOut": null,
                  "duration": 734,
                  "state": "passed",
                  "speed": "fast",
                  "pass": true,
                  "fail": false,
                  "pending": false,
                  "context": null,
                  "code": "cy.visit(\"/zaktualizujAutora.html\");\n// Select author and update fields\ncy.get(\"select.author-id\").select(1);\ncy.get(\"input.firstName\").type(\"Updated\");\ncy.get(\"input.lastName\").type(\"AuthorName\");\n// Submit and check update message\ncy.get('button[type=\"submit\"]').click();\ncy.get(\".updated\").should(\"not.have.class\", \"invis\");",
                  "err": {},
                  "uuid": "099256a1-bf27-46f0-b5b7-32825f928b8e",
                  "parentUUID": "ae6f6384-0383-4588-90be-4c4e53db7e83",
                  "isHook": false,
                  "skipped": false
                },
                {
                  "title": "should test author deletion",
                  "fullTitle": "Library Management System Author Management should test author deletion",
                  "timedOut": null,
                  "duration": 265,
                  "state": "passed",
                  "speed": "fast",
                  "pass": true,
                  "fail": false,
                  "pending": false,
                  "context": null,
                  "code": "cy.visit(\"/usunAutora.html\");\n// Select author and delete\ncy.get(\"select.author-id\").select(1);\ncy.get('button[type=\"submit\"]').click();\ncy.get(\".deleted\").should(\"not.have.class\", \"invis\");",
                  "err": {},
                  "uuid": "fc074fc3-9d0f-4241-92b0-d8f10b405925",
                  "parentUUID": "ae6f6384-0383-4588-90be-4c4e53db7e83",
                  "isHook": false,
                  "skipped": false
                }
              ],
              "suites": [],
              "passes": [
                "962a1d9b-6fb1-43eb-92a8-114ec5c4309e",
                "47a2a574-7dfb-4b9e-a637-11317adcd565",
                "0caff09e-caca-4339-a134-a3c7a91eda58",
                "099256a1-bf27-46f0-b5b7-32825f928b8e",
                "fc074fc3-9d0f-4241-92b0-d8f10b405925"
              ],
              "failures": [],
              "pending": [],
              "skipped": [],
              "duration": 1621,
              "root": false,
              "rootEmpty": false,
              "_timeout": 2000
            },
            {
              "uuid": "f7f386e0-4bf2-4de2-b24c-844797ff3eb5",
              "title": "UI Elements Visibility",
              "fullFile": "",
              "file": "",
              "beforeHooks": [],
              "afterHooks": [],
              "tests": [
                {
                  "title": "should ensure all navigation buttons are visible",
                  "fullTitle": "Library Management System UI Elements Visibility should ensure all navigation buttons are visible",
                  "timedOut": null,
                  "duration": 71,
                  "state": "passed",
                  "speed": "fast",
                  "pass": true,
                  "fail": false,
                  "pending": false,
                  "context": null,
                  "code": "cy.visit(\"/landingPage.html\");\ncy.get(\"nav table\").should(\"be.visible\");\ncy.get(\"nav a\").should(\"have.length\", 11);\ncy.get(\"nav a\").each($a => {\n  cy.wrap($a).should(\"be.visible\");\n});",
                  "err": {},
                  "uuid": "788dc7ed-27eb-46e2-9649-537586ec94c4",
                  "parentUUID": "f7f386e0-4bf2-4de2-b24c-844797ff3eb5",
                  "isHook": false,
                  "skipped": false
                },
                {
                  "title": "should verify form elements are accessible",
                  "fullTitle": "Library Management System UI Elements Visibility should verify form elements are accessible",
                  "timedOut": null,
                  "duration": 84,
                  "state": "passed",
                  "speed": "fast",
                  "pass": true,
                  "fail": false,
                  "pending": false,
                  "context": null,
                  "code": "// Check add book form\ncy.visit(\"/dodajKsiazke.html\");\ncy.get(\"input.title\").should(\"be.visible\").and(\"be.enabled\");\ncy.get(\"select.author-id\").should(\"be.visible\").and(\"be.enabled\");\ncy.get(\"button.Add\").should(\"be.visible\").and(\"be.enabled\");\n// Check add author form\ncy.visit(\"/dodajAutora.html\");\ncy.get(\"input.firstName\").should(\"be.visible\").and(\"be.enabled\");\ncy.get(\"input.lastName\").should(\"be.visible\").and(\"be.enabled\");\ncy.get(\"button.Add\").should(\"be.visible\").and(\"be.enabled\");",
                  "err": {},
                  "uuid": "24f7951a-ce4b-4ac8-b8c9-b6213104bc3a",
                  "parentUUID": "f7f386e0-4bf2-4de2-b24c-844797ff3eb5",
                  "isHook": false,
                  "skipped": false
                },
                {
                  "title": "should check for visual bugs in tables",
                  "fullTitle": "Library Management System UI Elements Visibility should check for visual bugs in tables",
                  "timedOut": null,
                  "duration": 73,
                  "state": "passed",
                  "speed": "fast",
                  "pass": true,
                  "fail": false,
                  "pending": false,
                  "context": null,
                  "code": "cy.visit(\"/ksiazki.html\");\ncy.get(\".output-table\").should(\"be.visible\");\ncy.get(\"thead td\").should(\"have.length\", 3);\ncy.visit(\"/autorzy.html\");\ncy.get(\".output-table\").should(\"be.visible\");\ncy.get(\"thead td\").should(\"have.length\", 4);",
                  "err": {},
                  "uuid": "64fc3b9e-2afd-4b41-8ef0-6a6964ccb04d",
                  "parentUUID": "f7f386e0-4bf2-4de2-b24c-844797ff3eb5",
                  "isHook": false,
                  "skipped": false
                }
              ],
              "suites": [],
              "passes": [
                "788dc7ed-27eb-46e2-9649-537586ec94c4",
                "24f7951a-ce4b-4ac8-b8c9-b6213104bc3a",
                "64fc3b9e-2afd-4b41-8ef0-6a6964ccb04d"
              ],
              "failures": [],
              "pending": [],
              "skipped": [],
              "duration": 228,
              "root": false,
              "rootEmpty": false,
              "_timeout": 2000
            }
          ],
          "passes": [
            "c738113e-c6ea-4dcd-af49-8890c6a49e06",
            "008f3497-7182-46c2-bfd3-871cb08be230"
          ],
          "failures": [],
          "pending": [],
          "skipped": [],
          "duration": 548,
          "root": false,
          "rootEmpty": false,
          "_timeout": 2000
        }
      ],
      "passes": [],
      "failures": [],
      "pending": [],
      "skipped": [],
      "duration": 0,
      "root": true,
      "rootEmpty": true,
      "_timeout": 2000
    }
  ],
  "meta": {
    "mocha": {
      "version": "7.2.0"
    },
    "mochawesome": {
      "options": {
        "quiet": false,
        "reportFilename": "mochawesome",
        "saveHtml": false,
        "saveJson": true,
        "consoleReporter": "spec",
        "useInlineDiffs": false,
        "code": true
      },
      "version": "7.1.3"
    },
    "marge": {
      "options": {
        "reportDir": "cypress/reports/.jsons",
        "overwrite": false,
        "html": false,
        "json": true
      },
      "version": "6.2.0"
    }
  }
}