{
  "stats": {
    "suites": 4,
    "tests": 15,
    "passes": 15,
    "pending": 0,
    "failures": 0,
    "start": "2025-05-04T10:50:14.304Z",
    "end": "2025-05-04T10:50:18.736Z",
    "duration": 4432,
    "testsRegistered": 15,
    "passPercent": 100,
    "pendingPercent": 0,
    "other": 0,
    "hasOther": false,
    "skipped": 0,
    "hasSkipped": false
  },
  "results": [
    {
      "uuid": "264a610c-548f-4121-a3fd-24d8074dceed",
      "title": "",
      "fullFile": "cypress/e2e/library_tests.cy.js",
      "file": "cypress/e2e/library_tests.cy.js",
      "beforeHooks": [],
      "afterHooks": [],
      "tests": [],
      "suites": [
        {
          "uuid": "af8e19d1-2e17-47f0-aaa6-75991d5b1c50",
          "title": "Library Management System",
          "fullFile": "",
          "file": "",
          "beforeHooks": [],
          "afterHooks": [],
          "tests": [
            {
              "title": "should load the landing page",
              "fullTitle": "Library Management System should load the landing page",
              "timedOut": null,
              "duration": 258,
              "state": "passed",
              "speed": "fast",
              "pass": true,
              "fail": false,
              "pending": false,
              "context": null,
              "code": "cy.visit(\"/landingPage.html\");\ncy.get(\"h1\").should(\"contain\", \"Strona startowa do Spring Boot REST Api\");\ncy.get(\"h2\").should(\"contain\", \"System biblioteczny\");\ncy.get(\".funkcje\").should(\"be.visible\");",
              "err": {},
              "uuid": "16a043ca-7bf9-405c-bb68-b9d66d865e91",
              "parentUUID": "af8e19d1-2e17-47f0-aaa6-75991d5b1c50",
              "isHook": false,
              "skipped": false
            },
            {
              "title": "should navigate between pages",
              "fullTitle": "Library Management System should navigate between pages",
              "timedOut": null,
              "duration": 293,
              "state": "passed",
              "speed": "fast",
              "pass": true,
              "fail": false,
              "pending": false,
              "context": null,
              "code": "cy.visit(\"/landingPage.html\");\n// Navigate to books page\ncy.get('a[href=\"ksiazki.html\"]').click();\ncy.url().should(\"include\", \"/ksiazki.html\");\ncy.get(\"h1\").should(\"contain\", \"Wszystkie Książki\");\n// Navigate to authors page\ncy.get('a[href=\"autorzy.html\"]').click();\ncy.url().should(\"include\", \"/autorzy.html\");\ncy.get(\"h1\").should(\"contain\", \"Wszyscy autorzy\");\n// Navigate back to landing page\ncy.get(\".start-page\").click();\ncy.url().should(\"include\", \"/landingPage.html\");",
              "err": {},
              "uuid": "53135afe-edca-430b-a06b-d2cc10e94729",
              "parentUUID": "af8e19d1-2e17-47f0-aaa6-75991d5b1c50",
              "isHook": false,
              "skipped": false
            }
          ],
          "suites": [
            {
              "uuid": "a81a338c-dd22-405e-908d-4f1bc41d5120",
              "title": "Book Management",
              "fullFile": "",
              "file": "",
              "beforeHooks": [],
              "afterHooks": [],
              "tests": [
                {
                  "title": "should load books page with table",
                  "fullTitle": "Library Management System Book Management should load books page with table",
                  "timedOut": null,
                  "duration": 59,
                  "state": "passed",
                  "speed": "fast",
                  "pass": true,
                  "fail": false,
                  "pending": false,
                  "context": null,
                  "code": "cy.visit(\"/ksiazki.html\");\ncy.get(\".output-table\").should(\"be.visible\");\ncy.get(\"thead\").should(\"contain\", \"Tytuł\");\ncy.get(\"thead\").should(\"contain\", \"Id ksiązki\");",
                  "err": {},
                  "uuid": "25c04546-5ce9-4e4b-b7ee-614f7559ce30",
                  "parentUUID": "a81a338c-dd22-405e-908d-4f1bc41d5120",
                  "isHook": false,
                  "skipped": false
                },
                {
                  "title": "should load book details page",
                  "fullTitle": "Library Management System Book Management should load book details page",
                  "timedOut": null,
                  "duration": 61,
                  "state": "passed",
                  "speed": "fast",
                  "pass": true,
                  "fail": false,
                  "pending": false,
                  "context": null,
                  "code": "cy.visit(\"/ksiazkiDetailed.html\");\ncy.get(\"select.book-id\").should(\"be.visible\");\ncy.get(\"button.check\").should(\"be.visible\");\ncy.get(\".output-table\").should(\"be.visible\");",
                  "err": {},
                  "uuid": "3e6a49e7-70ba-4722-938f-a4acbfe2ae34",
                  "parentUUID": "a81a338c-dd22-405e-908d-4f1bc41d5120",
                  "isHook": false,
                  "skipped": false
                },
                {
                  "title": "should validate add book form",
                  "fullTitle": "Library Management System Book Management should validate add book form",
                  "timedOut": null,
                  "duration": 561,
                  "state": "passed",
                  "speed": "fast",
                  "pass": true,
                  "fail": false,
                  "pending": false,
                  "context": null,
                  "code": "cy.visit(\"/dodajKsiazke.html\");\n// Submit without required fields\ncy.get(\"button.Add\").click();\ncy.url().should(\"include\", \"/dodajKsiazke.html\");\n// Fill required fields and submit\ncy.get(\"input.title\").type(\"Test Book Title\");\ncy.get(\"select.author-id\").select(1);\ncy.get(\"button.Add\").click();\ncy.get(\".added\").should(\"not.have.class\", \"invis\").and(\"contain\", \"Dodano ksiązkę\");",
                  "err": {},
                  "uuid": "0d4b8b36-8068-4af1-b919-ec847e02f87a",
                  "parentUUID": "a81a338c-dd22-405e-908d-4f1bc41d5120",
                  "isHook": false,
                  "skipped": false
                },
                {
                  "title": "should test book update functionality",
                  "fullTitle": "Library Management System Book Management should test book update functionality",
                  "timedOut": null,
                  "duration": 736,
                  "state": "passed",
                  "speed": "fast",
                  "pass": true,
                  "fail": false,
                  "pending": false,
                  "context": null,
                  "code": "cy.visit(\"/zaktualizujKsiazke.html\");\n// Select book and update fields\ncy.get(\"select.book-id\").select(1);\ncy.get(\"input.title\").type(\"Updated Book Title\");\ncy.get(\"input.author-id\").type(\"1\");\n// Submit and check update message\ncy.get('button[type=\"submit\"]').click();\ncy.get(\".updated\").should(\"not.have.class\", \"invis\");",
                  "err": {},
                  "uuid": "2f6f5ed2-a548-4218-a30c-201aa2269f61",
                  "parentUUID": "a81a338c-dd22-405e-908d-4f1bc41d5120",
                  "isHook": false,
                  "skipped": false
                },
                {
                  "title": "should test book deletion",
                  "fullTitle": "Library Management System Book Management should test book deletion",
                  "timedOut": null,
                  "duration": 326,
                  "state": "passed",
                  "speed": "fast",
                  "pass": true,
                  "fail": false,
                  "pending": false,
                  "context": null,
                  "code": "cy.visit(\"/usunKsiazke.html\");\n// Select book and delete\ncy.get(\"select.book-id\").select(1);\ncy.get('button[type=\"submit\"]').click();\ncy.get(\".deleted\").should(\"not.have.class\", \"invis\");",
                  "err": {},
                  "uuid": "dc5298ba-7d16-4b70-97a2-cf975e18e68e",
                  "parentUUID": "a81a338c-dd22-405e-908d-4f1bc41d5120",
                  "isHook": false,
                  "skipped": false
                }
              ],
              "suites": [],
              "passes": [
                "25c04546-5ce9-4e4b-b7ee-614f7559ce30",
                "3e6a49e7-70ba-4722-938f-a4acbfe2ae34",
                "0d4b8b36-8068-4af1-b919-ec847e02f87a",
                "2f6f5ed2-a548-4218-a30c-201aa2269f61",
                "dc5298ba-7d16-4b70-97a2-cf975e18e68e"
              ],
              "failures": [],
              "pending": [],
              "skipped": [],
              "duration": 1743,
              "root": false,
              "rootEmpty": false,
              "_timeout": 2000
            },
            {
              "uuid": "4b9e9fb1-bb76-43b5-a65c-b42e64c19cd6",
              "title": "Author Management",
              "fullFile": "",
              "file": "",
              "beforeHooks": [],
              "afterHooks": [],
              "tests": [
                {
                  "title": "should load authors page with table",
                  "fullTitle": "Library Management System Author Management should load authors page with table",
                  "timedOut": null,
                  "duration": 54,
                  "state": "passed",
                  "speed": "fast",
                  "pass": true,
                  "fail": false,
                  "pending": false,
                  "context": null,
                  "code": "cy.visit(\"/autorzy.html\");\ncy.get(\".output-table\").should(\"be.visible\");\ncy.get(\"thead\").should(\"contain\", \"Imie\");\ncy.get(\"thead\").should(\"contain\", \"Nazwisko\");\ncy.get(\"thead\").should(\"contain\", \"Id autora\");",
                  "err": {},
                  "uuid": "f9394afe-dcdc-44ed-8a39-792f0aaa0b6a",
                  "parentUUID": "4b9e9fb1-bb76-43b5-a65c-b42e64c19cd6",
                  "isHook": false,
                  "skipped": false
                },
                {
                  "title": "should load author details page",
                  "fullTitle": "Library Management System Author Management should load author details page",
                  "timedOut": null,
                  "duration": 58,
                  "state": "passed",
                  "speed": "fast",
                  "pass": true,
                  "fail": false,
                  "pending": false,
                  "context": null,
                  "code": "cy.visit(\"/autorzyDetailed.html\");\ncy.get(\"select.author-id\").should(\"be.visible\");\ncy.get(\"button.check\").should(\"be.visible\");\ncy.get(\".output-table\").should(\"be.visible\");",
                  "err": {},
                  "uuid": "876fa11f-30e7-4b24-978a-cf01dfbb0773",
                  "parentUUID": "4b9e9fb1-bb76-43b5-a65c-b42e64c19cd6",
                  "isHook": false,
                  "skipped": false
                },
                {
                  "title": "should validate add author form",
                  "fullTitle": "Library Management System Author Management should validate add author form",
                  "timedOut": null,
                  "duration": 495,
                  "state": "passed",
                  "speed": "fast",
                  "pass": true,
                  "fail": false,
                  "pending": false,
                  "context": null,
                  "code": "cy.visit(\"/dodajAutora.html\");\n// Submit without required fields\ncy.get(\"button.Add\").click();\ncy.url().should(\"include\", \"/dodajAutora.html\");\n// Fill required fields and submit\ncy.get(\"input.firstName\").type(\"Test\");\ncy.get(\"input.lastName\").type(\"Author\");\ncy.get(\"button.Add\").click();\ncy.get(\".added\").should(\"not.have.class\", \"invis\").and(\"contain\", \"Dodano autora\");",
                  "err": {},
                  "uuid": "1a1c68d8-aa7e-40c0-90ff-d2480b6edaae",
                  "parentUUID": "4b9e9fb1-bb76-43b5-a65c-b42e64c19cd6",
                  "isHook": false,
                  "skipped": false
                },
                {
                  "title": "should test author update functionality",
                  "fullTitle": "Library Management System Author Management should test author update functionality",
                  "timedOut": null,
                  "duration": 705,
                  "state": "passed",
                  "speed": "fast",
                  "pass": true,
                  "fail": false,
                  "pending": false,
                  "context": null,
                  "code": "cy.visit(\"/zaktualizujAutora.html\");\n// Select author and update fields\ncy.get(\"select.author-id\").select(1);\ncy.get(\"input.firstName\").type(\"Updated\");\ncy.get(\"input.lastName\").type(\"AuthorName\");\n// Submit and check update message\ncy.get('button[type=\"submit\"]').click();\ncy.get(\".updated\").should(\"not.have.class\", \"invis\");",
                  "err": {},
                  "uuid": "37be8e86-3847-4433-96a7-4c100ba49a7d",
                  "parentUUID": "4b9e9fb1-bb76-43b5-a65c-b42e64c19cd6",
                  "isHook": false,
                  "skipped": false
                },
                {
                  "title": "should test author deletion",
                  "fullTitle": "Library Management System Author Management should test author deletion",
                  "timedOut": null,
                  "duration": 296,
                  "state": "passed",
                  "speed": "fast",
                  "pass": true,
                  "fail": false,
                  "pending": false,
                  "context": null,
                  "code": "cy.visit(\"/usunAutora.html\");\n// Select author and delete\ncy.get(\"select.author-id\").select(1);\ncy.get('button[type=\"submit\"]').click();\ncy.get(\".deleted\").should(\"not.have.class\", \"invis\");",
                  "err": {},
                  "uuid": "53c91b87-99b7-47b8-8014-945b3abcd588",
                  "parentUUID": "4b9e9fb1-bb76-43b5-a65c-b42e64c19cd6",
                  "isHook": false,
                  "skipped": false
                }
              ],
              "suites": [],
              "passes": [
                "f9394afe-dcdc-44ed-8a39-792f0aaa0b6a",
                "876fa11f-30e7-4b24-978a-cf01dfbb0773",
                "1a1c68d8-aa7e-40c0-90ff-d2480b6edaae",
                "37be8e86-3847-4433-96a7-4c100ba49a7d",
                "53c91b87-99b7-47b8-8014-945b3abcd588"
              ],
              "failures": [],
              "pending": [],
              "skipped": [],
              "duration": 1608,
              "root": false,
              "rootEmpty": false,
              "_timeout": 2000
            },
            {
              "uuid": "7f76ef99-489b-4f50-8b69-6712cbaead5a",
              "title": "UI Elements Visibility",
              "fullFile": "",
              "file": "",
              "beforeHooks": [],
              "afterHooks": [],
              "tests": [
                {
                  "title": "should ensure all navigation buttons are visible",
                  "fullTitle": "Library Management System UI Elements Visibility should ensure all navigation buttons are visible",
                  "timedOut": null,
                  "duration": 94,
                  "state": "passed",
                  "speed": "fast",
                  "pass": true,
                  "fail": false,
                  "pending": false,
                  "context": null,
                  "code": "cy.visit(\"/landingPage.html\");\ncy.get(\"nav table\").should(\"be.visible\");\ncy.get(\"nav a\").should(\"have.length\", 11);\ncy.get(\"nav a\").each($a => {\n  cy.wrap($a).should(\"be.visible\");\n});",
                  "err": {},
                  "uuid": "ac7f51a3-448e-4471-a245-690fbadb34f9",
                  "parentUUID": "7f76ef99-489b-4f50-8b69-6712cbaead5a",
                  "isHook": false,
                  "skipped": false
                },
                {
                  "title": "should verify form elements are accessible",
                  "fullTitle": "Library Management System UI Elements Visibility should verify form elements are accessible",
                  "timedOut": null,
                  "duration": 118,
                  "state": "passed",
                  "speed": "fast",
                  "pass": true,
                  "fail": false,
                  "pending": false,
                  "context": null,
                  "code": "// Check add book form\ncy.visit(\"/dodajKsiazke.html\");\ncy.get(\"input.title\").should(\"be.visible\").and(\"be.enabled\");\ncy.get(\"select.author-id\").should(\"be.visible\").and(\"be.enabled\");\ncy.get(\"button.Add\").should(\"be.visible\").and(\"be.enabled\");\n// Check add author form\ncy.visit(\"/dodajAutora.html\");\ncy.get(\"input.firstName\").should(\"be.visible\").and(\"be.enabled\");\ncy.get(\"input.lastName\").should(\"be.visible\").and(\"be.enabled\");\ncy.get(\"button.Add\").should(\"be.visible\").and(\"be.enabled\");",
                  "err": {},
                  "uuid": "5cf79c40-1bfb-45ae-a87f-e07bb67c6204",
                  "parentUUID": "7f76ef99-489b-4f50-8b69-6712cbaead5a",
                  "isHook": false,
                  "skipped": false
                },
                {
                  "title": "should check for visual bugs in tables",
                  "fullTitle": "Library Management System UI Elements Visibility should check for visual bugs in tables",
                  "timedOut": null,
                  "duration": 77,
                  "state": "passed",
                  "speed": "fast",
                  "pass": true,
                  "fail": false,
                  "pending": false,
                  "context": null,
                  "code": "cy.visit(\"/ksiazki.html\");\ncy.get(\".output-table\").should(\"be.visible\");\ncy.get(\"thead td\").should(\"have.length\", 3);\ncy.visit(\"/autorzy.html\");\ncy.get(\".output-table\").should(\"be.visible\");\ncy.get(\"thead td\").should(\"have.length\", 4);",
                  "err": {},
                  "uuid": "9ed0874a-cd0c-4435-b1e0-8f0c270d751b",
                  "parentUUID": "7f76ef99-489b-4f50-8b69-6712cbaead5a",
                  "isHook": false,
                  "skipped": false
                }
              ],
              "suites": [],
              "passes": [
                "ac7f51a3-448e-4471-a245-690fbadb34f9",
                "5cf79c40-1bfb-45ae-a87f-e07bb67c6204",
                "9ed0874a-cd0c-4435-b1e0-8f0c270d751b"
              ],
              "failures": [],
              "pending": [],
              "skipped": [],
              "duration": 289,
              "root": false,
              "rootEmpty": false,
              "_timeout": 2000
            }
          ],
          "passes": [
            "16a043ca-7bf9-405c-bb68-b9d66d865e91",
            "53135afe-edca-430b-a06b-d2cc10e94729"
          ],
          "failures": [],
          "pending": [],
          "skipped": [],
          "duration": 551,
          "root": false,
          "rootEmpty": false,
          "_timeout": 2000
        }
      ],
      "passes": [],
      "failures": [],
      "pending": [],
      "skipped": [],
      "duration": 0,
      "root": true,
      "rootEmpty": true,
      "_timeout": 2000
    }
  ],
  "meta": {
    "mocha": {
      "version": "7.2.0"
    },
    "mochawesome": {
      "options": {
        "quiet": false,
        "reportFilename": "mochawesome",
        "saveHtml": false,
        "saveJson": true,
        "consoleReporter": "spec",
        "useInlineDiffs": false,
        "code": true
      },
      "version": "7.1.3"
    },
    "marge": {
      "options": {
        "reportDir": "cypress/reports/.jsons",
        "overwrite": false,
        "html": false,
        "json": true
      },
      "version": "6.2.0"
    }
  }
}