{
  "stats": {
    "suites": 4,
    "tests": 15,
    "passes": 15,
    "pending": 0,
    "failures": 0,
    "start": "2025-05-02T13:58:09.245Z",
    "end": "2025-05-02T13:58:13.577Z",
    "duration": 4332,
    "testsRegistered": 15,
    "passPercent": 100,
    "pendingPercent": 0,
    "other": 0,
    "hasOther": false,
    "skipped": 0,
    "hasSkipped": false
  },
  "results": [
    {
      "uuid": "ae7560b0-01bb-453d-ab80-ecaa1564058e",
      "title": "",
      "fullFile": "cypress/e2e/library_tests.cy.js",
      "file": "cypress/e2e/library_tests.cy.js",
      "beforeHooks": [],
      "afterHooks": [],
      "tests": [],
      "suites": [
        {
          "uuid": "96ca0611-8f2b-41ab-ab24-8ff1dd51a854",
          "title": "Library Management System",
          "fullFile": "",
          "file": "",
          "beforeHooks": [],
          "afterHooks": [],
          "tests": [
            {
              "title": "should load the landing page",
              "fullTitle": "Library Management System should load the landing page",
              "timedOut": null,
              "duration": 328,
              "state": "passed",
              "speed": "fast",
              "pass": true,
              "fail": false,
              "pending": false,
              "context": null,
              "code": "cy.visit(\"/landingPage.html\");\ncy.get(\"h1\").should(\"contain\", \"Strona startowa do Spring Boot REST Api\");\ncy.get(\"h2\").should(\"contain\", \"System biblioteczny\");\ncy.get(\".funkcje\").should(\"be.visible\");",
              "err": {},
              "uuid": "df68739e-ce11-427a-91ef-5a3d4fd703cd",
              "parentUUID": "96ca0611-8f2b-41ab-ab24-8ff1dd51a854",
              "isHook": false,
              "skipped": false
            },
            {
              "title": "should navigate between pages",
              "fullTitle": "Library Management System should navigate between pages",
              "timedOut": null,
              "duration": 282,
              "state": "passed",
              "speed": "fast",
              "pass": true,
              "fail": false,
              "pending": false,
              "context": null,
              "code": "cy.visit(\"/landingPage.html\");\n// Navigate to books page\ncy.get('a[href=\"ksiazki.html\"]').click();\ncy.url().should(\"include\", \"/ksiazki.html\");\ncy.get(\"h1\").should(\"contain\", \"Wszystkie Książki\");\n// Navigate to authors page\ncy.get('a[href=\"autorzy.html\"]').click();\ncy.url().should(\"include\", \"/autorzy.html\");\ncy.get(\"h1\").should(\"contain\", \"Wszyscy autorzy\");\n// Navigate back to landing page\ncy.get(\".start-page\").click();\ncy.url().should(\"include\", \"/landingPage.html\");",
              "err": {},
              "uuid": "a82a4061-2c7e-44e4-8f3c-8dd5127fb312",
              "parentUUID": "96ca0611-8f2b-41ab-ab24-8ff1dd51a854",
              "isHook": false,
              "skipped": false
            }
          ],
          "suites": [
            {
              "uuid": "76b841d0-2526-4e37-9a0f-0527e9827838",
              "title": "Book Management",
              "fullFile": "",
              "file": "",
              "beforeHooks": [],
              "afterHooks": [],
              "tests": [
                {
                  "title": "should load books page with table",
                  "fullTitle": "Library Management System Book Management should load books page with table",
                  "timedOut": null,
                  "duration": 56,
                  "state": "passed",
                  "speed": "fast",
                  "pass": true,
                  "fail": false,
                  "pending": false,
                  "context": null,
                  "code": "cy.visit(\"/ksiazki.html\");\ncy.get(\".output-table\").should(\"be.visible\");\ncy.get(\"thead\").should(\"contain\", \"Tytuł\");\ncy.get(\"thead\").should(\"contain\", \"Id ksiązki\");",
                  "err": {},
                  "uuid": "7f9a6f9c-069a-4dac-a2be-cfea0421c457",
                  "parentUUID": "76b841d0-2526-4e37-9a0f-0527e9827838",
                  "isHook": false,
                  "skipped": false
                },
                {
                  "title": "should load book details page",
                  "fullTitle": "Library Management System Book Management should load book details page",
                  "timedOut": null,
                  "duration": 63,
                  "state": "passed",
                  "speed": "fast",
                  "pass": true,
                  "fail": false,
                  "pending": false,
                  "context": null,
                  "code": "cy.visit(\"/ksiazkiDetailed.html\");\ncy.get(\"select.book-id\").should(\"be.visible\");\ncy.get(\"button.check\").should(\"be.visible\");\ncy.get(\".output-table\").should(\"be.visible\");",
                  "err": {},
                  "uuid": "6696d8c1-e5c2-41c0-9746-ea6bb3304adc",
                  "parentUUID": "76b841d0-2526-4e37-9a0f-0527e9827838",
                  "isHook": false,
                  "skipped": false
                },
                {
                  "title": "should validate add book form",
                  "fullTitle": "Library Management System Book Management should validate add book form",
                  "timedOut": null,
                  "duration": 560,
                  "state": "passed",
                  "speed": "fast",
                  "pass": true,
                  "fail": false,
                  "pending": false,
                  "context": null,
                  "code": "cy.visit(\"/dodajKsiazke.html\");\n// Submit without required fields\ncy.get(\"button.Add\").click();\ncy.url().should(\"include\", \"/dodajKsiazke.html\");\n// Fill required fields and submit\ncy.get(\"input.title\").type(\"Test Book Title\");\ncy.get(\"select.author-id\").select(1);\ncy.get(\"button.Add\").click();\ncy.get(\".added\").should(\"not.have.class\", \"invis\").and(\"contain\", \"Dodano ksiązkę\");",
                  "err": {},
                  "uuid": "ee6c1837-22dd-4fe9-93a0-3b40877034d5",
                  "parentUUID": "76b841d0-2526-4e37-9a0f-0527e9827838",
                  "isHook": false,
                  "skipped": false
                },
                {
                  "title": "should test book update functionality",
                  "fullTitle": "Library Management System Book Management should test book update functionality",
                  "timedOut": null,
                  "duration": 732,
                  "state": "passed",
                  "speed": "fast",
                  "pass": true,
                  "fail": false,
                  "pending": false,
                  "context": null,
                  "code": "cy.visit(\"/zaktualizujKsiazke.html\");\n// Select book and update fields\ncy.get(\"select.book-id\").select(1);\ncy.get(\"input.title\").type(\"Updated Book Title\");\ncy.get(\"input.author-id\").type(\"1\");\n// Submit and check update message\ncy.get('button[type=\"submit\"]').click();\ncy.get(\".updated\").should(\"not.have.class\", \"invis\");",
                  "err": {},
                  "uuid": "dd6298dd-2bdf-49b7-b919-49d1c3bc679e",
                  "parentUUID": "76b841d0-2526-4e37-9a0f-0527e9827838",
                  "isHook": false,
                  "skipped": false
                },
                {
                  "title": "should test book deletion",
                  "fullTitle": "Library Management System Book Management should test book deletion",
                  "timedOut": null,
                  "duration": 275,
                  "state": "passed",
                  "speed": "fast",
                  "pass": true,
                  "fail": false,
                  "pending": false,
                  "context": null,
                  "code": "cy.visit(\"/usunKsiazke.html\");\n// Select book and delete\ncy.get(\"select.book-id\").select(1);\ncy.get('button[type=\"submit\"]').click();\ncy.get(\".deleted\").should(\"not.have.class\", \"invis\");",
                  "err": {},
                  "uuid": "596b7c39-5023-4033-aab0-8d1622c20cbf",
                  "parentUUID": "76b841d0-2526-4e37-9a0f-0527e9827838",
                  "isHook": false,
                  "skipped": false
                }
              ],
              "suites": [],
              "passes": [
                "7f9a6f9c-069a-4dac-a2be-cfea0421c457",
                "6696d8c1-e5c2-41c0-9746-ea6bb3304adc",
                "ee6c1837-22dd-4fe9-93a0-3b40877034d5",
                "dd6298dd-2bdf-49b7-b919-49d1c3bc679e",
                "596b7c39-5023-4033-aab0-8d1622c20cbf"
              ],
              "failures": [],
              "pending": [],
              "skipped": [],
              "duration": 1686,
              "root": false,
              "rootEmpty": false,
              "_timeout": 2000
            },
            {
              "uuid": "d947e3e8-221f-4d7d-a903-f099d0ab422b",
              "title": "Author Management",
              "fullFile": "",
              "file": "",
              "beforeHooks": [],
              "afterHooks": [],
              "tests": [
                {
                  "title": "should load authors page with table",
                  "fullTitle": "Library Management System Author Management should load authors page with table",
                  "timedOut": null,
                  "duration": 57,
                  "state": "passed",
                  "speed": "fast",
                  "pass": true,
                  "fail": false,
                  "pending": false,
                  "context": null,
                  "code": "cy.visit(\"/autorzy.html\");\ncy.get(\".output-table\").should(\"be.visible\");\ncy.get(\"thead\").should(\"contain\", \"Imie\");\ncy.get(\"thead\").should(\"contain\", \"Nazwisko\");\ncy.get(\"thead\").should(\"contain\", \"Id autora\");",
                  "err": {},
                  "uuid": "ee34e6df-67ed-4e0e-918c-6a5401c54458",
                  "parentUUID": "d947e3e8-221f-4d7d-a903-f099d0ab422b",
                  "isHook": false,
                  "skipped": false
                },
                {
                  "title": "should load author details page",
                  "fullTitle": "Library Management System Author Management should load author details page",
                  "timedOut": null,
                  "duration": 58,
                  "state": "passed",
                  "speed": "fast",
                  "pass": true,
                  "fail": false,
                  "pending": false,
                  "context": null,
                  "code": "cy.visit(\"/autorzyDetailed.html\");\ncy.get(\"select.author-id\").should(\"be.visible\");\ncy.get(\"button.check\").should(\"be.visible\");\ncy.get(\".output-table\").should(\"be.visible\");",
                  "err": {},
                  "uuid": "e029cbad-530a-402a-a0d8-5be6a74b7ab1",
                  "parentUUID": "d947e3e8-221f-4d7d-a903-f099d0ab422b",
                  "isHook": false,
                  "skipped": false
                },
                {
                  "title": "should validate add author form",
                  "fullTitle": "Library Management System Author Management should validate add author form",
                  "timedOut": null,
                  "duration": 491,
                  "state": "passed",
                  "speed": "fast",
                  "pass": true,
                  "fail": false,
                  "pending": false,
                  "context": null,
                  "code": "cy.visit(\"/dodajAutora.html\");\n// Submit without required fields\ncy.get(\"button.Add\").click();\ncy.url().should(\"include\", \"/dodajAutora.html\");\n// Fill required fields and submit\ncy.get(\"input.firstName\").type(\"Test\");\ncy.get(\"input.lastName\").type(\"Author\");\ncy.get(\"button.Add\").click();\ncy.get(\".added\").should(\"not.have.class\", \"invis\").and(\"contain\", \"Dodano autora\");",
                  "err": {},
                  "uuid": "8001d1c7-79bd-48e0-9691-16433820d2ad",
                  "parentUUID": "d947e3e8-221f-4d7d-a903-f099d0ab422b",
                  "isHook": false,
                  "skipped": false
                },
                {
                  "title": "should test author update functionality",
                  "fullTitle": "Library Management System Author Management should test author update functionality",
                  "timedOut": null,
                  "duration": 706,
                  "state": "passed",
                  "speed": "fast",
                  "pass": true,
                  "fail": false,
                  "pending": false,
                  "context": null,
                  "code": "cy.visit(\"/zaktualizujAutora.html\");\n// Select author and update fields\ncy.get(\"select.author-id\").select(1);\ncy.get(\"input.firstName\").type(\"Updated\");\ncy.get(\"input.lastName\").type(\"AuthorName\");\n// Submit and check update message\ncy.get('button[type=\"submit\"]').click();\ncy.get(\".updated\").should(\"not.have.class\", \"invis\");",
                  "err": {},
                  "uuid": "29705f2a-418a-4507-8057-7fe6625d9853",
                  "parentUUID": "d947e3e8-221f-4d7d-a903-f099d0ab422b",
                  "isHook": false,
                  "skipped": false
                },
                {
                  "title": "should test author deletion",
                  "fullTitle": "Library Management System Author Management should test author deletion",
                  "timedOut": null,
                  "duration": 266,
                  "state": "passed",
                  "speed": "fast",
                  "pass": true,
                  "fail": false,
                  "pending": false,
                  "context": null,
                  "code": "cy.visit(\"/usunAutora.html\");\n// Select author and delete\ncy.get(\"select.author-id\").select(1);\ncy.get('button[type=\"submit\"]').click();\ncy.get(\".deleted\").should(\"not.have.class\", \"invis\");",
                  "err": {},
                  "uuid": "b45e04ff-592a-4bde-9436-0e0172cfc860",
                  "parentUUID": "d947e3e8-221f-4d7d-a903-f099d0ab422b",
                  "isHook": false,
                  "skipped": false
                }
              ],
              "suites": [],
              "passes": [
                "ee34e6df-67ed-4e0e-918c-6a5401c54458",
                "e029cbad-530a-402a-a0d8-5be6a74b7ab1",
                "8001d1c7-79bd-48e0-9691-16433820d2ad",
                "29705f2a-418a-4507-8057-7fe6625d9853",
                "b45e04ff-592a-4bde-9436-0e0172cfc860"
              ],
              "failures": [],
              "pending": [],
              "skipped": [],
              "duration": 1578,
              "root": false,
              "rootEmpty": false,
              "_timeout": 2000
            },
            {
              "uuid": "2b2c0a1d-e194-4b03-a679-f56c5817d4b0",
              "title": "UI Elements Visibility",
              "fullFile": "",
              "file": "",
              "beforeHooks": [],
              "afterHooks": [],
              "tests": [
                {
                  "title": "should ensure all navigation buttons are visible",
                  "fullTitle": "Library Management System UI Elements Visibility should ensure all navigation buttons are visible",
                  "timedOut": null,
                  "duration": 71,
                  "state": "passed",
                  "speed": "fast",
                  "pass": true,
                  "fail": false,
                  "pending": false,
                  "context": null,
                  "code": "cy.visit(\"/landingPage.html\");\ncy.get(\"nav table\").should(\"be.visible\");\ncy.get(\"nav a\").should(\"have.length\", 11);\ncy.get(\"nav a\").each($a => {\n  cy.wrap($a).should(\"be.visible\");\n});",
                  "err": {},
                  "uuid": "d48b24c9-a017-4809-a50e-4211f4bc6ff9",
                  "parentUUID": "2b2c0a1d-e194-4b03-a679-f56c5817d4b0",
                  "isHook": false,
                  "skipped": false
                },
                {
                  "title": "should verify form elements are accessible",
                  "fullTitle": "Library Management System UI Elements Visibility should verify form elements are accessible",
                  "timedOut": null,
                  "duration": 79,
                  "state": "passed",
                  "speed": "fast",
                  "pass": true,
                  "fail": false,
                  "pending": false,
                  "context": null,
                  "code": "// Check add book form\ncy.visit(\"/dodajKsiazke.html\");\ncy.get(\"input.title\").should(\"be.visible\").and(\"be.enabled\");\ncy.get(\"select.author-id\").should(\"be.visible\").and(\"be.enabled\");\ncy.get(\"button.Add\").should(\"be.visible\").and(\"be.enabled\");\n// Check add author form\ncy.visit(\"/dodajAutora.html\");\ncy.get(\"input.firstName\").should(\"be.visible\").and(\"be.enabled\");\ncy.get(\"input.lastName\").should(\"be.visible\").and(\"be.enabled\");\ncy.get(\"button.Add\").should(\"be.visible\").and(\"be.enabled\");",
                  "err": {},
                  "uuid": "8d48483c-fee1-4f33-96c8-b8bada6cc8d9",
                  "parentUUID": "2b2c0a1d-e194-4b03-a679-f56c5817d4b0",
                  "isHook": false,
                  "skipped": false
                },
                {
                  "title": "should check for visual bugs in tables",
                  "fullTitle": "Library Management System UI Elements Visibility should check for visual bugs in tables",
                  "timedOut": null,
                  "duration": 76,
                  "state": "passed",
                  "speed": "fast",
                  "pass": true,
                  "fail": false,
                  "pending": false,
                  "context": null,
                  "code": "cy.visit(\"/ksiazki.html\");\ncy.get(\".output-table\").should(\"be.visible\");\ncy.get(\"thead td\").should(\"have.length\", 3);\ncy.visit(\"/autorzy.html\");\ncy.get(\".output-table\").should(\"be.visible\");\ncy.get(\"thead td\").should(\"have.length\", 4);",
                  "err": {},
                  "uuid": "35debf18-4dda-43dd-8f9a-e7c54cc3a44f",
                  "parentUUID": "2b2c0a1d-e194-4b03-a679-f56c5817d4b0",
                  "isHook": false,
                  "skipped": false
                }
              ],
              "suites": [],
              "passes": [
                "d48b24c9-a017-4809-a50e-4211f4bc6ff9",
                "8d48483c-fee1-4f33-96c8-b8bada6cc8d9",
                "35debf18-4dda-43dd-8f9a-e7c54cc3a44f"
              ],
              "failures": [],
              "pending": [],
              "skipped": [],
              "duration": 226,
              "root": false,
              "rootEmpty": false,
              "_timeout": 2000
            }
          ],
          "passes": [
            "df68739e-ce11-427a-91ef-5a3d4fd703cd",
            "a82a4061-2c7e-44e4-8f3c-8dd5127fb312"
          ],
          "failures": [],
          "pending": [],
          "skipped": [],
          "duration": 610,
          "root": false,
          "rootEmpty": false,
          "_timeout": 2000
        }
      ],
      "passes": [],
      "failures": [],
      "pending": [],
      "skipped": [],
      "duration": 0,
      "root": true,
      "rootEmpty": true,
      "_timeout": 2000
    }
  ],
  "meta": {
    "mocha": {
      "version": "7.2.0"
    },
    "mochawesome": {
      "options": {
        "quiet": false,
        "reportFilename": "mochawesome",
        "saveHtml": false,
        "saveJson": true,
        "consoleReporter": "spec",
        "useInlineDiffs": false,
        "code": true
      },
      "version": "7.1.3"
    },
    "marge": {
      "options": {
        "reportDir": "cypress/reports/.jsons",
        "overwrite": false,
        "html": false,
        "json": true
      },
      "version": "6.2.0"
    }
  }
}