{
  "stats": {
    "suites": 5,
    "tests": 19,
    "passes": 7,
    "pending": 0,
    "failures": 12,
    "start": "2025-05-02T13:12:19.756Z",
    "end": "2025-05-02T13:13:15.043Z",
    "duration": 55287,
    "testsRegistered": 19,
    "passPercent": 36.84210526315789,
    "pendingPercent": 0,
    "other": 0,
    "hasOther": false,
    "skipped": 0,
    "hasSkipped": false
  },
  "results": [
    {
      "uuid": "c1dff248-ea4b-4fba-b3ed-c3e6c1062f9a",
      "title": "",
      "fullFile": "cypress/e2e/library_tests.cy.js",
      "file": "cypress/e2e/library_tests.cy.js",
      "beforeHooks": [],
      "afterHooks": [],
      "tests": [],
      "suites": [
        {
          "uuid": "2d70cf2e-75ca-452c-b06c-b3b61ddb092b",
          "title": "Library Management System",
          "fullFile": "",
          "file": "",
          "beforeHooks": [],
          "afterHooks": [],
          "tests": [
            {
              "title": "should load the landing page",
              "fullTitle": "Library Management System should load the landing page",
              "timedOut": null,
              "duration": 293,
              "state": "passed",
              "speed": "fast",
              "pass": true,
              "fail": false,
              "pending": false,
              "context": null,
              "code": "cy.visit(\"/landingPage.html\");\ncy.get(\"h1\").should(\"contain\", \"Strona startowa do Spring Boot REST Api\");\ncy.get(\"h2\").should(\"contain\", \"System biblioteczny\");\ncy.get(\".funkcje\").should(\"be.visible\");",
              "err": {},
              "uuid": "091e9fa6-40a2-4dcd-a4ac-b8150243902c",
              "parentUUID": "2d70cf2e-75ca-452c-b06c-b3b61ddb092b",
              "isHook": false,
              "skipped": false
            },
            {
              "title": "should navigate between pages",
              "fullTitle": "Library Management System should navigate between pages",
              "timedOut": null,
              "duration": 293,
              "state": "passed",
              "speed": "fast",
              "pass": true,
              "fail": false,
              "pending": false,
              "context": null,
              "code": "cy.visit(\"/landingPage.html\");\n// Navigate to books page\ncy.get('a[href=\"ksiazki.html\"]').click();\ncy.url().should(\"include\", \"/ksiazki.html\");\ncy.get(\"h1\").should(\"contain\", \"Wszystkie Książki\");\n// Navigate to authors page\ncy.get('a[href=\"autorzy.html\"]').click();\ncy.url().should(\"include\", \"/autorzy.html\");\ncy.get(\"h1\").should(\"contain\", \"Wszyscy autorzy\");\n// Navigate back to landing page\ncy.get(\".start-page\").click();\ncy.url().should(\"include\", \"/landingPage.html\");",
              "err": {},
              "uuid": "fcf55490-c80a-45d5-88d9-6ae794524168",
              "parentUUID": "2d70cf2e-75ca-452c-b06c-b3b61ddb092b",
              "isHook": false,
              "skipped": false
            }
          ],
          "suites": [
            {
              "uuid": "991dd34c-6546-4e8d-9a75-bb79ffd8cd62",
              "title": "Book Management",
              "fullFile": "",
              "file": "",
              "beforeHooks": [],
              "afterHooks": [],
              "tests": [
                {
                  "title": "should load books page with table",
                  "fullTitle": "Library Management System Book Management should load books page with table",
                  "timedOut": null,
                  "duration": 77,
                  "state": "passed",
                  "speed": "fast",
                  "pass": true,
                  "fail": false,
                  "pending": false,
                  "context": null,
                  "code": "cy.visit(\"/ksiazki.html\");\ncy.wait(\"@getBooks\").then(interception => {\n  // Sprawdzenie, czy request został poprawnie przechwycony\n  expect(interception.request.url).to.include(\"/books\");\n});\ncy.get(\".output-table\").should(\"be.visible\");\ncy.get(\"thead\").should(\"contain\", \"Tytuł\");\ncy.get(\"thead\").should(\"contain\", \"Id ksiązki\");",
                  "err": {},
                  "uuid": "ffafed10-e8eb-4782-8172-4d08bd095ec6",
                  "parentUUID": "991dd34c-6546-4e8d-9a75-bb79ffd8cd62",
                  "isHook": false,
                  "skipped": false
                },
                {
                  "title": "should load book details page",
                  "fullTitle": "Library Management System Book Management should load book details page",
                  "timedOut": null,
                  "duration": 5254,
                  "state": "failed",
                  "speed": null,
                  "pass": false,
                  "fail": true,
                  "pending": false,
                  "context": null,
                  "code": "cy.visit(\"/ksiazkiDetailed.html\");\ncy.get(\"select.book-id\").should(\"be.visible\");\ncy.get(\"button.check\").click();\n// Czekamy na wywołanie API gdy użytkownik kliknie przycisk \"check\"\ncy.wait(\"@getBookDetails\").then(interception => {\n  expect(interception.request.url).to.match(/\\/books\\/\\d+\\/details/);\n});\ncy.get(\".output-table\").should(\"be.visible\");",
                  "err": {
                    "message": "CypressError: Timed out retrying after 5000ms: `cy.wait()` timed out waiting `5000ms` for the 1st request to the route: `getBookDetails`. No request ever occurred.\n\nhttps://on.cypress.io/wait",
                    "estack": "CypressError: Timed out retrying after 5000ms: `cy.wait()` timed out waiting `5000ms` for the 1st request to the route: `getBookDetails`. No request ever occurred.\n\nhttps://on.cypress.io/wait\n    at cypressErr (http://localhost:8080/__cypress/runner/cypress_runner.js:76205:18)\n    at Object.errByPath (http://localhost:8080/__cypress/runner/cypress_runner.js:76259:10)\n    at checkForXhr (http://localhost:8080/__cypress/runner/cypress_runner.js:137446:84)\n    at <unknown> (http://localhost:8080/__cypress/runner/cypress_runner.js:137472:28)\n    at tryCatcher (http://localhost:8080/__cypress/runner/cypress_runner.js:1777:23)\n    at Promise.attempt.Promise.try (http://localhost:8080/__cypress/runner/cypress_runner.js:4285:29)\n    at whenStable (http://localhost:8080/__cypress/runner/cypress_runner.js:145828:68)\n    at <unknown> (http://localhost:8080/__cypress/runner/cypress_runner.js:145769:14)\n    at tryCatcher (http://localhost:8080/__cypress/runner/cypress_runner.js:1777:23)\n    at Promise._settlePromiseFromHandler (http://localhost:8080/__cypress/runner/cypress_runner.js:1489:31)\n    at Promise._settlePromise (http://localhost:8080/__cypress/runner/cypress_runner.js:1546:18)\n    at Promise._settlePromise0 (http://localhost:8080/__cypress/runner/cypress_runner.js:1591:10)\n    at Promise._settlePromises (http://localhost:8080/__cypress/runner/cypress_runner.js:1671:18)\n    at Promise._fulfill (http://localhost:8080/__cypress/runner/cypress_runner.js:1615:18)\n    at <unknown> (http://localhost:8080/__cypress/runner/cypress_runner.js:5420:46)",
                    "diff": null
                  },
                  "uuid": "b5fa988e-0ee4-451a-9c69-b783a253092f",
                  "parentUUID": "991dd34c-6546-4e8d-9a75-bb79ffd8cd62",
                  "isHook": false,
                  "skipped": false
                },
                {
                  "title": "should validate add book form and send correct API request",
                  "fullTitle": "Library Management System Book Management should validate add book form and send correct API request",
                  "timedOut": null,
                  "duration": 213,
                  "state": "failed",
                  "speed": null,
                  "pass": false,
                  "fail": true,
                  "pending": false,
                  "context": null,
                  "code": "cy.visit(\"/dodajKsiazke.html\");\n// Submit without required fields\ncy.get(\"button.Add\").click();\ncy.url().should(\"include\", \"/dodajKsiazke.html\");\n// Fill required fields and submit\ncy.get(\"input.title\").type(\"Test Book Title\");\ncy.get(\"select.author-id\").select(1);\ncy.get(\"button.Add\").click();\n// Sprawdzenie, czy request został wysłany do poprawnego endpointu\ncy.wait(\"@addBook\").then(interception => {\n  expect(interception.request.url).to.include(\"/books/addBook\");\n  expect(interception.request.method).to.equal(\"POST\");\n  // Sprawdzenie, czy przesłane dane są zgodne z oczekiwaniami\n  expect(interception.request.body).to.have.property(\"name\", \"Test Book Title\");\n  expect(interception.request.body).to.have.property(\"author_id\");\n});\ncy.get(\".added\").should(\"not.have.class\", \"invis\").and(\"contain\", \"Dodano ksiązkę\");",
                  "err": {
                    "message": "SyntaxError: The following error originated from your application code, not from Cypress.\n\n  > Identifier 'apiURL' has already been declared\n\nWhen Cypress detects uncaught errors originating from your application it will automatically fail the current test.\n\nThis behavior is configurable, and you can choose to turn this off by listening to the `uncaught:exception` event.\n\nhttps://on.cypress.io/uncaught-exception-from-application",
                    "estack": "SyntaxError: The following error originated from your application code, not from Cypress.\n\n  > Identifier 'apiURL' has already been declared\n\nWhen Cypress detects uncaught errors originating from your application it will automatically fail the current test.\n\nThis behavior is configurable, and you can choose to turn this off by listening to the `uncaught:exception` event.\n\nhttps://on.cypress.io/uncaught-exception-from-application",
                    "diff": null
                  },
                  "uuid": "aae78616-2bc2-44f4-a8dc-5ba1d38a6638",
                  "parentUUID": "991dd34c-6546-4e8d-9a75-bb79ffd8cd62",
                  "isHook": false,
                  "skipped": false
                },
                {
                  "title": "should test book update functionality with correct API endpoint",
                  "fullTitle": "Library Management System Book Management should test book update functionality with correct API endpoint",
                  "timedOut": null,
                  "duration": 5855,
                  "state": "failed",
                  "speed": null,
                  "pass": false,
                  "fail": true,
                  "pending": false,
                  "context": null,
                  "code": "cy.visit(\"/zaktualizujKsiazke.html\");\n// Select book and update fields\ncy.get(\"select.book-id\").select(1);\ncy.get(\"input.title\").type(\"Updated Book Title\");\ncy.get(\"input.author-id\").type(\"1\");\n// Submit and check update message\ncy.get('button[type=\"submit\"]').click();\n// Sprawdzenie czy request został wysłany do poprawnego endpointu\ncy.wait(\"@updateBook\").then(interception => {\n  expect(interception.request.url).to.match(/\\/books\\/updateBook\\/\\d+/);\n  expect(interception.request.method).to.equal(\"PUT\");\n  // Sprawdzenie, czy przesłane dane są zgodne z oczekiwaniami\n  expect(interception.request.body).to.have.property(\"name\", \"Updated Book Title\");\n});\ncy.get(\".updated\").should(\"not.have.class\", \"invis\");",
                  "err": {
                    "message": "CypressError: Timed out retrying after 5000ms: `cy.wait()` timed out waiting `5000ms` for the 1st request to the route: `updateBook`. No request ever occurred.\n\nhttps://on.cypress.io/wait",
                    "estack": "CypressError: Timed out retrying after 5000ms: `cy.wait()` timed out waiting `5000ms` for the 1st request to the route: `updateBook`. No request ever occurred.\n\nhttps://on.cypress.io/wait\n    at cypressErr (http://localhost:8080/__cypress/runner/cypress_runner.js:76205:18)\n    at Object.errByPath (http://localhost:8080/__cypress/runner/cypress_runner.js:76259:10)\n    at checkForXhr (http://localhost:8080/__cypress/runner/cypress_runner.js:137446:84)\n    at <unknown> (http://localhost:8080/__cypress/runner/cypress_runner.js:137472:28)\n    at tryCatcher (http://localhost:8080/__cypress/runner/cypress_runner.js:1777:23)\n    at Promise.attempt.Promise.try (http://localhost:8080/__cypress/runner/cypress_runner.js:4285:29)\n    at whenStable (http://localhost:8080/__cypress/runner/cypress_runner.js:145828:68)\n    at <unknown> (http://localhost:8080/__cypress/runner/cypress_runner.js:145769:14)\n    at tryCatcher (http://localhost:8080/__cypress/runner/cypress_runner.js:1777:23)\n    at Promise._settlePromiseFromHandler (http://localhost:8080/__cypress/runner/cypress_runner.js:1489:31)\n    at Promise._settlePromise (http://localhost:8080/__cypress/runner/cypress_runner.js:1546:18)\n    at Promise._settlePromise0 (http://localhost:8080/__cypress/runner/cypress_runner.js:1591:10)\n    at Promise._settlePromises (http://localhost:8080/__cypress/runner/cypress_runner.js:1671:18)\n    at Promise._fulfill (http://localhost:8080/__cypress/runner/cypress_runner.js:1615:18)\n    at <unknown> (http://localhost:8080/__cypress/runner/cypress_runner.js:5420:46)\nFrom Your Spec Code:\n    at Context.eval (webpack:///./cypress/e2e/library_tests.cy.js:114:9)",
                    "diff": null
                  },
                  "uuid": "46397966-0156-4cc3-bf5f-da4cc696e715",
                  "parentUUID": "991dd34c-6546-4e8d-9a75-bb79ffd8cd62",
                  "isHook": false,
                  "skipped": false
                },
                {
                  "title": "should test book deletion with correct API endpoint",
                  "fullTitle": "Library Management System Book Management should test book deletion with correct API endpoint",
                  "timedOut": null,
                  "duration": 5395,
                  "state": "failed",
                  "speed": null,
                  "pass": false,
                  "fail": true,
                  "pending": false,
                  "context": null,
                  "code": "cy.visit(\"/usunKsiazke.html\");\n// Select book and delete\ncy.get(\"select.book-id\").select(1);\ncy.get('button[type=\"submit\"]').click();\n// Sprawdzenie czy request został wysłany do poprawnego endpointu\ncy.wait(\"@deleteBook\").then(interception => {\n  expect(interception.request.url).to.match(/\\/books\\/deleteBook\\/\\d+/);\n  expect(interception.request.method).to.equal(\"DELETE\");\n});\ncy.get(\".deleted\").should(\"not.have.class\", \"invis\");",
                  "err": {
                    "message": "CypressError: Timed out retrying after 5000ms: `cy.wait()` timed out waiting `5000ms` for the 1st request to the route: `deleteBook`. No request ever occurred.\n\nhttps://on.cypress.io/wait",
                    "estack": "CypressError: Timed out retrying after 5000ms: `cy.wait()` timed out waiting `5000ms` for the 1st request to the route: `deleteBook`. No request ever occurred.\n\nhttps://on.cypress.io/wait\n    at cypressErr (http://localhost:8080/__cypress/runner/cypress_runner.js:76205:18)\n    at Object.errByPath (http://localhost:8080/__cypress/runner/cypress_runner.js:76259:10)\n    at checkForXhr (http://localhost:8080/__cypress/runner/cypress_runner.js:137446:84)\n    at <unknown> (http://localhost:8080/__cypress/runner/cypress_runner.js:137472:28)\n    at tryCatcher (http://localhost:8080/__cypress/runner/cypress_runner.js:1777:23)\n    at Promise.attempt.Promise.try (http://localhost:8080/__cypress/runner/cypress_runner.js:4285:29)\n    at whenStable (http://localhost:8080/__cypress/runner/cypress_runner.js:145828:68)\n    at <unknown> (http://localhost:8080/__cypress/runner/cypress_runner.js:145769:14)\n    at tryCatcher (http://localhost:8080/__cypress/runner/cypress_runner.js:1777:23)\n    at Promise._settlePromiseFromHandler (http://localhost:8080/__cypress/runner/cypress_runner.js:1489:31)\n    at Promise._settlePromise (http://localhost:8080/__cypress/runner/cypress_runner.js:1546:18)\n    at Promise._settlePromise0 (http://localhost:8080/__cypress/runner/cypress_runner.js:1591:10)\n    at Promise._settlePromises (http://localhost:8080/__cypress/runner/cypress_runner.js:1671:18)\n    at Promise._fulfill (http://localhost:8080/__cypress/runner/cypress_runner.js:1615:18)\n    at <unknown> (http://localhost:8080/__cypress/runner/cypress_runner.js:5420:46)\nFrom Your Spec Code:\n    at Context.eval (webpack:///./cypress/e2e/library_tests.cy.js:135:9)",
                    "diff": null
                  },
                  "uuid": "9f9e360e-77da-49e2-ac67-36053f6a1008",
                  "parentUUID": "991dd34c-6546-4e8d-9a75-bb79ffd8cd62",
                  "isHook": false,
                  "skipped": false
                }
              ],
              "suites": [],
              "passes": [
                "ffafed10-e8eb-4782-8172-4d08bd095ec6"
              ],
              "failures": [
                "b5fa988e-0ee4-451a-9c69-b783a253092f",
                "aae78616-2bc2-44f4-a8dc-5ba1d38a6638",
                "46397966-0156-4cc3-bf5f-da4cc696e715",
                "9f9e360e-77da-49e2-ac67-36053f6a1008"
              ],
              "pending": [],
              "skipped": [],
              "duration": 16794,
              "root": false,
              "rootEmpty": false,
              "_timeout": 2000
            },
            {
              "uuid": "ff6ee774-0f32-4b4a-8e26-96e15dec3841",
              "title": "Author Management",
              "fullFile": "",
              "file": "",
              "beforeHooks": [],
              "afterHooks": [],
              "tests": [
                {
                  "title": "should load authors page with table",
                  "fullTitle": "Library Management System Author Management should load authors page with table",
                  "timedOut": null,
                  "duration": 84,
                  "state": "passed",
                  "speed": "fast",
                  "pass": true,
                  "fail": false,
                  "pending": false,
                  "context": null,
                  "code": "cy.visit(\"/autorzy.html\");\ncy.wait(\"@getAuthors\").then(interception => {\n  // Sprawdzenie, czy request został poprawnie przechwycony\n  expect(interception.request.url).to.include(\"/author\");\n});\ncy.get(\".output-table\").should(\"be.visible\");\ncy.get(\"thead\").should(\"contain\", \"Imie\");\ncy.get(\"thead\").should(\"contain\", \"Nazwisko\");\ncy.get(\"thead\").should(\"contain\", \"Id autora\");",
                  "err": {},
                  "uuid": "7c7396d1-7932-44cb-872f-96c40e91997e",
                  "parentUUID": "ff6ee774-0f32-4b4a-8e26-96e15dec3841",
                  "isHook": false,
                  "skipped": false
                },
                {
                  "title": "should load author details page",
                  "fullTitle": "Library Management System Author Management should load author details page",
                  "timedOut": null,
                  "duration": 5250,
                  "state": "failed",
                  "speed": null,
                  "pass": false,
                  "fail": true,
                  "pending": false,
                  "context": null,
                  "code": "cy.visit(\"/autorzyDetailed.html\");\ncy.get(\"select.author-id\").should(\"be.visible\");\ncy.get(\"button.check\").click();\n// Czekamy na wywołanie API gdy użytkownik kliknie przycisk \"check\"\ncy.wait(\"@getAuthorDetails\").then(interception => {\n  expect(interception.request.url).to.match(/\\/author\\/\\d+\\/details/);\n});\ncy.get(\".output-table\").should(\"be.visible\");",
                  "err": {
                    "message": "CypressError: Timed out retrying after 5000ms: `cy.wait()` timed out waiting `5000ms` for the 1st request to the route: `getAuthorDetails`. No request ever occurred.\n\nhttps://on.cypress.io/wait",
                    "estack": "CypressError: Timed out retrying after 5000ms: `cy.wait()` timed out waiting `5000ms` for the 1st request to the route: `getAuthorDetails`. No request ever occurred.\n\nhttps://on.cypress.io/wait\n    at cypressErr (http://localhost:8080/__cypress/runner/cypress_runner.js:76205:18)\n    at Object.errByPath (http://localhost:8080/__cypress/runner/cypress_runner.js:76259:10)\n    at checkForXhr (http://localhost:8080/__cypress/runner/cypress_runner.js:137446:84)\n    at <unknown> (http://localhost:8080/__cypress/runner/cypress_runner.js:137472:28)\n    at tryCatcher (http://localhost:8080/__cypress/runner/cypress_runner.js:1777:23)\n    at Promise.attempt.Promise.try (http://localhost:8080/__cypress/runner/cypress_runner.js:4285:29)\n    at whenStable (http://localhost:8080/__cypress/runner/cypress_runner.js:145828:68)\n    at <unknown> (http://localhost:8080/__cypress/runner/cypress_runner.js:145769:14)\n    at tryCatcher (http://localhost:8080/__cypress/runner/cypress_runner.js:1777:23)\n    at Promise._settlePromiseFromHandler (http://localhost:8080/__cypress/runner/cypress_runner.js:1489:31)\n    at Promise._settlePromise (http://localhost:8080/__cypress/runner/cypress_runner.js:1546:18)\n    at Promise._settlePromise0 (http://localhost:8080/__cypress/runner/cypress_runner.js:1591:10)\n    at Promise._settlePromises (http://localhost:8080/__cypress/runner/cypress_runner.js:1671:18)\n    at Promise._fulfill (http://localhost:8080/__cypress/runner/cypress_runner.js:1615:18)\n    at <unknown> (http://localhost:8080/__cypress/runner/cypress_runner.js:5420:46)",
                    "diff": null
                  },
                  "uuid": "0064a146-a510-40e4-8c7c-2ca2f98f185e",
                  "parentUUID": "ff6ee774-0f32-4b4a-8e26-96e15dec3841",
                  "isHook": false,
                  "skipped": false
                },
                {
                  "title": "should validate add author form and send correct API request",
                  "fullTitle": "Library Management System Author Management should validate add author form and send correct API request",
                  "timedOut": null,
                  "duration": 5622,
                  "state": "failed",
                  "speed": null,
                  "pass": false,
                  "fail": true,
                  "pending": false,
                  "context": null,
                  "code": "cy.visit(\"/dodajAutora.html\");\n// Submit without required fields\ncy.get(\"button.Add\").click();\ncy.url().should(\"include\", \"/dodajAutora.html\");\n// Fill required fields and submit\ncy.get(\"input.firstName\").type(\"Test\");\ncy.get(\"input.lastName\").type(\"Author\");\ncy.get(\"button.Add\").click();\n// Sprawdzenie, czy request został wysłany do poprawnego endpointu\ncy.wait(\"@addAuthor\").then(interception => {\n  expect(interception.request.url).to.include(\"/author/addAuthor\");\n  expect(interception.request.method).to.equal(\"POST\");\n  // Sprawdzenie, czy przesłane dane są zgodne z oczekiwaniami\n  expect(interception.request.body).to.have.property(\"firstName\", \"Test\");\n  expect(interception.request.body).to.have.property(\"lastName\", \"Author\");\n});\ncy.get(\".added\").should(\"not.have.class\", \"invis\").and(\"contain\", \"Dodano autora\");",
                  "err": {
                    "message": "CypressError: Timed out retrying after 5000ms: `cy.wait()` timed out waiting `5000ms` for the 1st request to the route: `addAuthor`. No request ever occurred.\n\nhttps://on.cypress.io/wait",
                    "estack": "CypressError: Timed out retrying after 5000ms: `cy.wait()` timed out waiting `5000ms` for the 1st request to the route: `addAuthor`. No request ever occurred.\n\nhttps://on.cypress.io/wait\n    at cypressErr (http://localhost:8080/__cypress/runner/cypress_runner.js:76205:18)\n    at Object.errByPath (http://localhost:8080/__cypress/runner/cypress_runner.js:76259:10)\n    at checkForXhr (http://localhost:8080/__cypress/runner/cypress_runner.js:137446:84)\n    at <unknown> (http://localhost:8080/__cypress/runner/cypress_runner.js:137472:28)\n    at tryCatcher (http://localhost:8080/__cypress/runner/cypress_runner.js:1777:23)\n    at Promise.attempt.Promise.try (http://localhost:8080/__cypress/runner/cypress_runner.js:4285:29)\n    at whenStable (http://localhost:8080/__cypress/runner/cypress_runner.js:145828:68)\n    at <unknown> (http://localhost:8080/__cypress/runner/cypress_runner.js:145769:14)\n    at tryCatcher (http://localhost:8080/__cypress/runner/cypress_runner.js:1777:23)\n    at Promise._settlePromiseFromHandler (http://localhost:8080/__cypress/runner/cypress_runner.js:1489:31)\n    at Promise._settlePromise (http://localhost:8080/__cypress/runner/cypress_runner.js:1546:18)\n    at Promise._settlePromise0 (http://localhost:8080/__cypress/runner/cypress_runner.js:1591:10)\n    at Promise._settlePromises (http://localhost:8080/__cypress/runner/cypress_runner.js:1671:18)\n    at Promise._fulfill (http://localhost:8080/__cypress/runner/cypress_runner.js:1615:18)\n    at <unknown> (http://localhost:8080/__cypress/runner/cypress_runner.js:5420:46)",
                    "diff": null
                  },
                  "uuid": "0b256f69-ad45-4b18-bee2-cdc16a3b4736",
                  "parentUUID": "ff6ee774-0f32-4b4a-8e26-96e15dec3841",
                  "isHook": false,
                  "skipped": false
                },
                {
                  "title": "should test author update functionality with correct API endpoint",
                  "fullTitle": "Library Management System Author Management should test author update functionality with correct API endpoint",
                  "timedOut": null,
                  "duration": 5842,
                  "state": "failed",
                  "speed": null,
                  "pass": false,
                  "fail": true,
                  "pending": false,
                  "context": null,
                  "code": "cy.visit(\"/zaktualizujAutora.html\");\n// Select author and update fields\ncy.get(\"select.author-id\").select(1);\ncy.get(\"input.firstName\").type(\"Updated\");\ncy.get(\"input.lastName\").type(\"AuthorName\");\n// Submit and check update message\ncy.get('button[type=\"submit\"]').click();\n// Sprawdzenie czy request został wysłany do poprawnego endpointu\ncy.wait(\"@updateAuthor\").then(interception => {\n  expect(interception.request.url).to.match(/\\/author\\/updateAuthor\\/\\d+/);\n  expect(interception.request.method).to.equal(\"PUT\");\n  // Sprawdzenie, czy przesłane dane są zgodne z oczekiwaniami\n  expect(interception.request.body).to.have.property(\"firstName\", \"Updated\");\n  expect(interception.request.body).to.have.property(\"lastName\", \"AuthorName\");\n});\ncy.get(\".updated\").should(\"not.have.class\", \"invis\");",
                  "err": {
                    "message": "CypressError: Timed out retrying after 5000ms: `cy.wait()` timed out waiting `5000ms` for the 1st request to the route: `updateAuthor`. No request ever occurred.\n\nhttps://on.cypress.io/wait",
                    "estack": "CypressError: Timed out retrying after 5000ms: `cy.wait()` timed out waiting `5000ms` for the 1st request to the route: `updateAuthor`. No request ever occurred.\n\nhttps://on.cypress.io/wait\n    at cypressErr (http://localhost:8080/__cypress/runner/cypress_runner.js:76205:18)\n    at Object.errByPath (http://localhost:8080/__cypress/runner/cypress_runner.js:76259:10)\n    at checkForXhr (http://localhost:8080/__cypress/runner/cypress_runner.js:137446:84)\n    at <unknown> (http://localhost:8080/__cypress/runner/cypress_runner.js:137472:28)\n    at tryCatcher (http://localhost:8080/__cypress/runner/cypress_runner.js:1777:23)\n    at Promise.attempt.Promise.try (http://localhost:8080/__cypress/runner/cypress_runner.js:4285:29)\n    at whenStable (http://localhost:8080/__cypress/runner/cypress_runner.js:145828:68)\n    at <unknown> (http://localhost:8080/__cypress/runner/cypress_runner.js:145769:14)\n    at tryCatcher (http://localhost:8080/__cypress/runner/cypress_runner.js:1777:23)\n    at Promise._settlePromiseFromHandler (http://localhost:8080/__cypress/runner/cypress_runner.js:1489:31)\n    at Promise._settlePromise (http://localhost:8080/__cypress/runner/cypress_runner.js:1546:18)\n    at Promise._settlePromise0 (http://localhost:8080/__cypress/runner/cypress_runner.js:1591:10)\n    at Promise._settlePromises (http://localhost:8080/__cypress/runner/cypress_runner.js:1671:18)\n    at Promise._fulfill (http://localhost:8080/__cypress/runner/cypress_runner.js:1615:18)\n    at <unknown> (http://localhost:8080/__cypress/runner/cypress_runner.js:5420:46)\nFrom Your Spec Code:\n    at Context.eval (webpack:///./cypress/e2e/library_tests.cy.js:209:9)",
                    "diff": null
                  },
                  "uuid": "25358a0a-1967-4bf5-b8d0-83582438456c",
                  "parentUUID": "ff6ee774-0f32-4b4a-8e26-96e15dec3841",
                  "isHook": false,
                  "skipped": false
                },
                {
                  "title": "should test author deletion with correct API endpoint",
                  "fullTitle": "Library Management System Author Management should test author deletion with correct API endpoint",
                  "timedOut": null,
                  "duration": 5400,
                  "state": "failed",
                  "speed": null,
                  "pass": false,
                  "fail": true,
                  "pending": false,
                  "context": null,
                  "code": "cy.visit(\"/usunAutora.html\");\n// Select author and delete\ncy.get(\"select.author-id\").select(1);\ncy.get('button[type=\"submit\"]').click();\n// Sprawdzenie czy request został wysłany do poprawnego endpointu\ncy.wait(\"@deleteAuthor\").then(interception => {\n  expect(interception.request.url).to.match(/\\/author\\/deleteAuthor\\/\\d+/);\n  expect(interception.request.method).to.equal(\"DELETE\");\n});\ncy.get(\".deleted\").should(\"not.have.class\", \"invis\");",
                  "err": {
                    "message": "CypressError: Timed out retrying after 5000ms: `cy.wait()` timed out waiting `5000ms` for the 1st request to the route: `deleteAuthor`. No request ever occurred.\n\nhttps://on.cypress.io/wait",
                    "estack": "CypressError: Timed out retrying after 5000ms: `cy.wait()` timed out waiting `5000ms` for the 1st request to the route: `deleteAuthor`. No request ever occurred.\n\nhttps://on.cypress.io/wait\n    at cypressErr (http://localhost:8080/__cypress/runner/cypress_runner.js:76205:18)\n    at Object.errByPath (http://localhost:8080/__cypress/runner/cypress_runner.js:76259:10)\n    at checkForXhr (http://localhost:8080/__cypress/runner/cypress_runner.js:137446:84)\n    at <unknown> (http://localhost:8080/__cypress/runner/cypress_runner.js:137472:28)\n    at tryCatcher (http://localhost:8080/__cypress/runner/cypress_runner.js:1777:23)\n    at Promise.attempt.Promise.try (http://localhost:8080/__cypress/runner/cypress_runner.js:4285:29)\n    at whenStable (http://localhost:8080/__cypress/runner/cypress_runner.js:145828:68)\n    at <unknown> (http://localhost:8080/__cypress/runner/cypress_runner.js:145769:14)\n    at tryCatcher (http://localhost:8080/__cypress/runner/cypress_runner.js:1777:23)\n    at Promise._settlePromiseFromHandler (http://localhost:8080/__cypress/runner/cypress_runner.js:1489:31)\n    at Promise._settlePromise (http://localhost:8080/__cypress/runner/cypress_runner.js:1546:18)\n    at Promise._settlePromise0 (http://localhost:8080/__cypress/runner/cypress_runner.js:1591:10)\n    at Promise._settlePromises (http://localhost:8080/__cypress/runner/cypress_runner.js:1671:18)\n    at Promise._fulfill (http://localhost:8080/__cypress/runner/cypress_runner.js:1615:18)\n    at <unknown> (http://localhost:8080/__cypress/runner/cypress_runner.js:5420:46)\nFrom Your Spec Code:\n    at Context.eval (webpack:///./cypress/e2e/library_tests.cy.js:236:9)",
                    "diff": null
                  },
                  "uuid": "324db141-b58f-4a16-8d22-5664da2e2634",
                  "parentUUID": "ff6ee774-0f32-4b4a-8e26-96e15dec3841",
                  "isHook": false,
                  "skipped": false
                }
              ],
              "suites": [],
              "passes": [
                "7c7396d1-7932-44cb-872f-96c40e91997e"
              ],
              "failures": [
                "0064a146-a510-40e4-8c7c-2ca2f98f185e",
                "0b256f69-ad45-4b18-bee2-cdc16a3b4736",
                "25358a0a-1967-4bf5-b8d0-83582438456c",
                "324db141-b58f-4a16-8d22-5664da2e2634"
              ],
              "pending": [],
              "skipped": [],
              "duration": 22198,
              "root": false,
              "rootEmpty": false,
              "_timeout": 2000
            },
            {
              "uuid": "75a6bf06-78c9-48cd-971e-ec4df911a8a7",
              "title": "API Contract Validation",
              "fullFile": "",
              "file": "",
              "beforeHooks": [],
              "afterHooks": [],
              "tests": [
                {
                  "title": "should validate book response structure",
                  "fullTitle": "Library Management System API Contract Validation should validate book response structure",
                  "timedOut": null,
                  "duration": 86,
                  "state": "passed",
                  "speed": "fast",
                  "pass": true,
                  "fail": false,
                  "pending": false,
                  "context": null,
                  "code": "cy.visit(\"/ksiazki.html\");\ncy.wait(\"@getBooks\").then(interception => {\n  // Sprawdzanie struktury odpowiedzi API\n  expect(interception.response.body).to.be.an(\"array\");\n  if (interception.response.body.length > 0) {\n    const book = interception.response.body[0];\n    expect(book).to.have.property(\"id\");\n    expect(book).to.have.property(\"name\");\n    expect(book).to.have.property(\"author\");\n  }\n});",
                  "err": {},
                  "uuid": "3f5f0e62-0378-487c-ad7c-6ff1b1fa064c",
                  "parentUUID": "75a6bf06-78c9-48cd-971e-ec4df911a8a7",
                  "isHook": false,
                  "skipped": false
                },
                {
                  "title": "should validate author response structure",
                  "fullTitle": "Library Management System API Contract Validation should validate author response structure",
                  "timedOut": null,
                  "duration": 80,
                  "state": "passed",
                  "speed": "fast",
                  "pass": true,
                  "fail": false,
                  "pending": false,
                  "context": null,
                  "code": "cy.visit(\"/autorzy.html\");\ncy.wait(\"@getAuthors\").then(interception => {\n  // Sprawdzanie struktury odpowiedzi API\n  expect(interception.response.body).to.be.an(\"array\");\n  if (interception.response.body.length > 0) {\n    const author = interception.response.body[0];\n    expect(author).to.have.property(\"author_id\");\n    expect(author).to.have.property(\"firstName\");\n    expect(author).to.have.property(\"lastName\");\n    expect(author).to.have.property(\"books\");\n  }\n});",
                  "err": {},
                  "uuid": "51204fbb-302e-443d-ab39-35f1f7df79a5",
                  "parentUUID": "75a6bf06-78c9-48cd-971e-ec4df911a8a7",
                  "isHook": false,
                  "skipped": false
                },
                {
                  "title": "should validate book details response structure",
                  "fullTitle": "Library Management System API Contract Validation should validate book details response structure",
                  "timedOut": null,
                  "duration": 5402,
                  "state": "failed",
                  "speed": null,
                  "pass": false,
                  "fail": true,
                  "pending": false,
                  "context": null,
                  "code": "cy.visit(\"/ksiazkiDetailed.html\");\ncy.get(\"select.book-id\").select(1);\ncy.get(\"button.check\").click();\ncy.wait(\"@getBookDetails\").then(interception => {\n  // Sprawdzanie struktury odpowiedzi API dla szczegółów książki\n  const bookDetails = interception.response.body;\n  expect(bookDetails).to.have.property(\"id\");\n  expect(bookDetails).to.have.property(\"name\");\n  expect(bookDetails).to.have.property(\"author\");\n  expect(bookDetails.author).to.have.property(\"id\");\n  expect(bookDetails.author).to.have.property(\"firstName\");\n  expect(bookDetails.author).to.have.property(\"lastName\");\n});",
                  "err": {
                    "message": "CypressError: Timed out retrying after 5000ms: `cy.wait()` timed out waiting `5000ms` for the 1st request to the route: `getBookDetails`. No request ever occurred.\n\nhttps://on.cypress.io/wait",
                    "estack": "CypressError: Timed out retrying after 5000ms: `cy.wait()` timed out waiting `5000ms` for the 1st request to the route: `getBookDetails`. No request ever occurred.\n\nhttps://on.cypress.io/wait\n    at cypressErr (http://localhost:8080/__cypress/runner/cypress_runner.js:76205:18)\n    at Object.errByPath (http://localhost:8080/__cypress/runner/cypress_runner.js:76259:10)\n    at checkForXhr (http://localhost:8080/__cypress/runner/cypress_runner.js:137446:84)\n    at <unknown> (http://localhost:8080/__cypress/runner/cypress_runner.js:137472:28)\n    at tryCatcher (http://localhost:8080/__cypress/runner/cypress_runner.js:1777:23)\n    at Promise.attempt.Promise.try (http://localhost:8080/__cypress/runner/cypress_runner.js:4285:29)\n    at whenStable (http://localhost:8080/__cypress/runner/cypress_runner.js:145828:68)\n    at <unknown> (http://localhost:8080/__cypress/runner/cypress_runner.js:145769:14)\n    at tryCatcher (http://localhost:8080/__cypress/runner/cypress_runner.js:1777:23)\n    at Promise._settlePromiseFromHandler (http://localhost:8080/__cypress/runner/cypress_runner.js:1489:31)\n    at Promise._settlePromise (http://localhost:8080/__cypress/runner/cypress_runner.js:1546:18)\n    at Promise._settlePromise0 (http://localhost:8080/__cypress/runner/cypress_runner.js:1591:10)\n    at Promise._settlePromises (http://localhost:8080/__cypress/runner/cypress_runner.js:1671:18)\n    at Promise._fulfill (http://localhost:8080/__cypress/runner/cypress_runner.js:1615:18)\n    at <unknown> (http://localhost:8080/__cypress/runner/cypress_runner.js:5420:46)\nFrom Your Spec Code:\n    at Context.eval (webpack:///./cypress/e2e/library_tests.cy.js:282:9)",
                    "diff": null
                  },
                  "uuid": "cea988b4-5166-4739-878f-9f9aac0f9ffb",
                  "parentUUID": "75a6bf06-78c9-48cd-971e-ec4df911a8a7",
                  "isHook": false,
                  "skipped": false
                },
                {
                  "title": "should validate author details response structure",
                  "fullTitle": "Library Management System API Contract Validation should validate author details response structure",
                  "timedOut": null,
                  "duration": 5400,
                  "state": "failed",
                  "speed": null,
                  "pass": false,
                  "fail": true,
                  "pending": false,
                  "context": null,
                  "code": "cy.visit(\"/autorzyDetailed.html\");\ncy.get(\"select.author-id\").select(1);\ncy.get(\"button.check\").click();\ncy.wait(\"@getAuthorDetails\").then(interception => {\n  // Sprawdzanie struktury odpowiedzi API dla szczegółów autora\n  const authorDetails = interception.response.body;\n  expect(authorDetails).to.have.property(\"id\");\n  expect(authorDetails).to.have.property(\"firstName\");\n  expect(authorDetails).to.have.property(\"lastName\");\n  expect(authorDetails).to.have.property(\"books\");\n  expect(authorDetails.books).to.be.an(\"array\");\n});",
                  "err": {
                    "message": "CypressError: Timed out retrying after 5000ms: `cy.wait()` timed out waiting `5000ms` for the 1st request to the route: `getAuthorDetails`. No request ever occurred.\n\nhttps://on.cypress.io/wait",
                    "estack": "CypressError: Timed out retrying after 5000ms: `cy.wait()` timed out waiting `5000ms` for the 1st request to the route: `getAuthorDetails`. No request ever occurred.\n\nhttps://on.cypress.io/wait\n    at cypressErr (http://localhost:8080/__cypress/runner/cypress_runner.js:76205:18)\n    at Object.errByPath (http://localhost:8080/__cypress/runner/cypress_runner.js:76259:10)\n    at checkForXhr (http://localhost:8080/__cypress/runner/cypress_runner.js:137446:84)\n    at <unknown> (http://localhost:8080/__cypress/runner/cypress_runner.js:137472:28)\n    at tryCatcher (http://localhost:8080/__cypress/runner/cypress_runner.js:1777:23)\n    at Promise.attempt.Promise.try (http://localhost:8080/__cypress/runner/cypress_runner.js:4285:29)\n    at whenStable (http://localhost:8080/__cypress/runner/cypress_runner.js:145828:68)\n    at <unknown> (http://localhost:8080/__cypress/runner/cypress_runner.js:145769:14)\n    at tryCatcher (http://localhost:8080/__cypress/runner/cypress_runner.js:1777:23)\n    at Promise._settlePromiseFromHandler (http://localhost:8080/__cypress/runner/cypress_runner.js:1489:31)\n    at Promise._settlePromise (http://localhost:8080/__cypress/runner/cypress_runner.js:1546:18)\n    at Promise._settlePromise0 (http://localhost:8080/__cypress/runner/cypress_runner.js:1591:10)\n    at Promise._settlePromises (http://localhost:8080/__cypress/runner/cypress_runner.js:1671:18)\n    at Promise._fulfill (http://localhost:8080/__cypress/runner/cypress_runner.js:1615:18)\n    at <unknown> (http://localhost:8080/__cypress/runner/cypress_runner.js:5420:46)\nFrom Your Spec Code:\n    at Context.eval (webpack:///./cypress/e2e/library_tests.cy.js:299:9)",
                    "diff": null
                  },
                  "uuid": "c38b717b-8936-4588-a3a6-0c53e69d4615",
                  "parentUUID": "75a6bf06-78c9-48cd-971e-ec4df911a8a7",
                  "isHook": false,
                  "skipped": false
                }
              ],
              "suites": [],
              "passes": [
                "3f5f0e62-0378-487c-ad7c-6ff1b1fa064c",
                "51204fbb-302e-443d-ab39-35f1f7df79a5"
              ],
              "failures": [
                "cea988b4-5166-4739-878f-9f9aac0f9ffb",
                "c38b717b-8936-4588-a3a6-0c53e69d4615"
              ],
              "pending": [],
              "skipped": [],
              "duration": 10968,
              "root": false,
              "rootEmpty": false,
              "_timeout": 2000
            },
            {
              "uuid": "f41a0d11-decf-4b15-bf8f-4a13db047610",
              "title": "UI Elements Visibility",
              "fullFile": "",
              "file": "",
              "beforeHooks": [],
              "afterHooks": [],
              "tests": [
                {
                  "title": "should ensure all navigation buttons are visible",
                  "fullTitle": "Library Management System UI Elements Visibility should ensure all navigation buttons are visible",
                  "timedOut": null,
                  "duration": 91,
                  "state": "passed",
                  "speed": "fast",
                  "pass": true,
                  "fail": false,
                  "pending": false,
                  "context": null,
                  "code": "cy.visit(\"/landingPage.html\");\ncy.get(\"nav table\").should(\"be.visible\");\ncy.get(\"nav a\").should(\"have.length.at.least\", 10);\ncy.get(\"nav a\").each($a => {\n  cy.wrap($a).should(\"be.visible\");\n});",
                  "err": {},
                  "uuid": "e827888f-376e-4d28-af59-75e06c7614d6",
                  "parentUUID": "f41a0d11-decf-4b15-bf8f-4a13db047610",
                  "isHook": false,
                  "skipped": false
                },
                {
                  "title": "should verify form elements are accessible",
                  "fullTitle": "Library Management System UI Elements Visibility should verify form elements are accessible",
                  "timedOut": null,
                  "duration": 186,
                  "state": "failed",
                  "speed": null,
                  "pass": false,
                  "fail": true,
                  "pending": false,
                  "context": null,
                  "code": "// Check add book form\ncy.visit(\"/dodajKsiazke.html\");\ncy.get(\"input.title\").should(\"be.visible\").and(\"be.enabled\");\ncy.get(\"select.author-id\").should(\"be.visible\").and(\"be.enabled\");\ncy.get(\"button.Add\").should(\"be.visible\").and(\"be.enabled\");\n// Check add author form\ncy.visit(\"/dodajAutora.html\");\ncy.get(\"input.firstName\").should(\"be.visible\").and(\"be.enabled\");\ncy.get(\"input.lastName\").should(\"be.visible\").and(\"be.enabled\");\ncy.get(\"button.Add\").should(\"be.visible\").and(\"be.enabled\");",
                  "err": {
                    "message": "SyntaxError: The following error originated from your application code, not from Cypress.\n\n  > Identifier 'apiURL' has already been declared\n\nWhen Cypress detects uncaught errors originating from your application it will automatically fail the current test.\n\nThis behavior is configurable, and you can choose to turn this off by listening to the `uncaught:exception` event.\n\nhttps://on.cypress.io/uncaught-exception-from-application",
                    "estack": "SyntaxError: The following error originated from your application code, not from Cypress.\n\n  > Identifier 'apiURL' has already been declared\n\nWhen Cypress detects uncaught errors originating from your application it will automatically fail the current test.\n\nThis behavior is configurable, and you can choose to turn this off by listening to the `uncaught:exception` event.\n\nhttps://on.cypress.io/uncaught-exception-from-application",
                    "diff": null
                  },
                  "uuid": "975dbfff-f071-4719-ae42-3a5c94cf592b",
                  "parentUUID": "f41a0d11-decf-4b15-bf8f-4a13db047610",
                  "isHook": false,
                  "skipped": false
                },
                {
                  "title": "should check for visual bugs in tables",
                  "fullTitle": "Library Management System UI Elements Visibility should check for visual bugs in tables",
                  "timedOut": null,
                  "duration": 4186,
                  "state": "failed",
                  "speed": null,
                  "pass": false,
                  "fail": true,
                  "pending": false,
                  "context": null,
                  "code": "cy.visit(\"/ksiazki.html\");\ncy.get(\".output-table\").should(\"be.visible\");\ncy.get(\"thead td\").should(\"have.length\", 2);\ncy.visit(\"/autorzy.html\");\ncy.get(\".output-table\").should(\"be.visible\");\ncy.get(\"thead td\").should(\"have.length\", 3);",
                  "err": {
                    "message": "AssertionError: Timed out retrying after 4000ms: Too many elements found. Found '3', expected '2'.",
                    "estack": "AssertionError: Timed out retrying after 4000ms: Too many elements found. Found '3', expected '2'.\n    at Context.eval (webpack:///./cypress/e2e/library_tests.cy.js:338:25)",
                    "diff": "- 3\n+ 2\n"
                  },
                  "uuid": "42253478-77a6-41cc-8e5e-908c7fc3b1db",
                  "parentUUID": "f41a0d11-decf-4b15-bf8f-4a13db047610",
                  "isHook": false,
                  "skipped": false
                }
              ],
              "suites": [],
              "passes": [
                "e827888f-376e-4d28-af59-75e06c7614d6"
              ],
              "failures": [
                "975dbfff-f071-4719-ae42-3a5c94cf592b",
                "42253478-77a6-41cc-8e5e-908c7fc3b1db"
              ],
              "pending": [],
              "skipped": [],
              "duration": 4463,
              "root": false,
              "rootEmpty": false,
              "_timeout": 2000
            }
          ],
          "passes": [
            "091e9fa6-40a2-4dcd-a4ac-b8150243902c",
            "fcf55490-c80a-45d5-88d9-6ae794524168"
          ],
          "failures": [],
          "pending": [],
          "skipped": [],
          "duration": 586,
          "root": false,
          "rootEmpty": false,
          "_timeout": 2000
        }
      ],
      "passes": [],
      "failures": [],
      "pending": [],
      "skipped": [],
      "duration": 0,
      "root": true,
      "rootEmpty": true,
      "_timeout": 2000
    }
  ],
  "meta": {
    "mocha": {
      "version": "7.2.0"
    },
    "mochawesome": {
      "options": {
        "quiet": false,
        "reportFilename": "mochawesome",
        "saveHtml": false,
        "saveJson": true,
        "consoleReporter": "spec",
        "useInlineDiffs": false,
        "code": true
      },
      "version": "7.1.3"
    },
    "marge": {
      "options": {
        "reportDir": "cypress/reports/.jsons",
        "overwrite": false,
        "html": false,
        "json": true
      },
      "version": "6.2.0"
    }
  }
}